2025-05-11 22:35:17,551 - forecast_demand - INFO - Starting demand forecasting...
2025-05-11 22:35:17,551 - forecast_demand - INFO - Parameters: warehouse_id=1, vendor_id=None, buyer_id=None, item_id=None, periods=12, update=True, recalculate_madp=True, include_inactive=False, dry_run=False
2025-05-11 22:35:17,671 - forecast_demand - INFO - Found 30 items to forecast
2025-05-11 22:35:17,678 - forecast_demand - INFO - Item: OS-0008 (File Folders, Pack of 25)
2025-05-11 22:35:17,679 - forecast_demand - INFO -   Current forecast: 12.92
2025-05-11 22:35:17,679 - forecast_demand - INFO -   New forecast: 12.92
2025-05-11 22:35:17,679 - forecast_demand - INFO -   Current MADP: 50.00
2025-05-11 22:35:17,679 - forecast_demand - INFO -   New MADP: 50.00
2025-05-11 22:35:17,681 - forecast_demand - INFO -   Current Track: 0.00
2025-05-11 22:35:17,681 - forecast_demand - INFO -   New Track: 0.00
2025-05-11 22:35:17,688 - forecast_demand - INFO - Item: TC-0003 (SATA Cable, 18")
2025-05-11 22:35:17,688 - forecast_demand - INFO -   Current forecast: 21.58
2025-05-11 22:35:17,689 - forecast_demand - INFO -   New forecast: 21.58
2025-05-11 22:35:17,689 - forecast_demand - INFO -   Current MADP: 12.55
2025-05-11 22:35:17,689 - forecast_demand - INFO -   New MADP: 12.55
2025-05-11 22:35:17,689 - forecast_demand - INFO -   Current Track: 0.00
2025-05-11 22:35:17,689 - forecast_demand - INFO -   New Track: 0.00
2025-05-11 22:35:17,691 - forecast_demand - INFO - Item: OS-0002 (Standard Staples, Box)
2025-05-11 22:35:17,691 - forecast_demand - INFO -   Current forecast: 98.86
2025-05-11 22:35:17,692 - forecast_demand - INFO -   New forecast: 98.86
2025-05-11 22:35:17,692 - forecast_demand - INFO -   Current MADP: 80.00
2025-05-11 22:35:17,692 - forecast_demand - INFO -   New MADP: 80.00
2025-05-11 22:35:17,692 - forecast_demand - INFO -   Current Track: 0.00
2025-05-11 22:35:17,692 - forecast_demand - INFO -   New Track: 0.00
2025-05-11 22:35:17,694 - forecast_demand - INFO - Item: OS-0001 (Premium Copy Paper, Case)
2025-05-11 22:35:17,694 - forecast_demand - INFO -   Current forecast: 20.21
2025-05-11 22:35:17,694 - forecast_demand - INFO -   New forecast: 20.21
2025-05-11 22:35:17,694 - forecast_demand - INFO -   Current MADP: 80.00
2025-05-11 22:35:17,694 - forecast_demand - INFO -   New MADP: 80.00
2025-05-11 22:35:17,694 - forecast_demand - INFO -   Current Track: 0.00
2025-05-11 22:35:17,695 - forecast_demand - INFO -   New Track: 0.00
2025-05-11 22:35:17,697 - forecast_demand - INFO - Item: OS-0007 (Desk Organizer, Mesh)
2025-05-11 22:35:17,697 - forecast_demand - INFO -   Current forecast: 4.19
2025-05-11 22:35:17,697 - forecast_demand - INFO -   New forecast: 4.19
2025-05-11 22:35:17,698 - forecast_demand - INFO -   Current MADP: 80.00
2025-05-11 22:35:17,698 - forecast_demand - INFO -   New MADP: 80.00
2025-05-11 22:35:17,698 - forecast_demand - INFO -   Current Track: 0.00
2025-05-11 22:35:17,698 - forecast_demand - INFO -   New Track: 0.00
2025-05-11 22:35:17,700 - forecast_demand - INFO - Item: TC-0004 (Case Fan, 120mm)
2025-05-11 22:35:17,700 - forecast_demand - INFO -   Current forecast: 4.92
2025-05-11 22:35:17,700 - forecast_demand - INFO -   New forecast: 4.92
2025-05-11 22:35:17,701 - forecast_demand - INFO -   Current MADP: 80.00
2025-05-11 22:35:17,701 - forecast_demand - INFO -   New MADP: 80.00
2025-05-11 22:35:17,701 - forecast_demand - INFO -   Current Track: 0.00
2025-05-11 22:35:17,701 - forecast_demand - INFO -   New Track: 0.00
2025-05-11 22:35:17,703 - forecast_demand - INFO - Item: TC-0002 (Thermal Paste, 5g)
2025-05-11 22:35:17,703 - forecast_demand - INFO -   Current forecast: 8.43
2025-05-11 22:35:17,703 - forecast_demand - INFO -   New forecast: 8.43
2025-05-11 22:35:17,703 - forecast_demand - INFO -   Current MADP: 80.00
2025-05-11 22:35:17,703 - forecast_demand - INFO -   New MADP: 80.00
2025-05-11 22:35:17,709 - forecast_demand - INFO -   Current Track: 0.00
2025-05-11 22:35:17,709 - forecast_demand - INFO -   New Track: 0.00
2025-05-11 22:35:17,711 - forecast_demand - INFO - Item: OS-0005 (Ball Point Pens, Box)
2025-05-11 22:35:17,711 - forecast_demand - INFO -   Current forecast: 37.89
2025-05-11 22:35:17,711 - forecast_demand - INFO -   New forecast: 37.89
2025-05-11 22:35:17,712 - forecast_demand - INFO -   Current MADP: 8.56
2025-05-11 22:35:17,712 - forecast_demand - INFO -   New MADP: 8.56
2025-05-11 22:35:17,712 - forecast_demand - INFO -   Current Track: 0.00
2025-05-11 22:35:17,712 - forecast_demand - INFO -   New Track: 0.00
2025-05-11 22:35:17,715 - forecast_demand - INFO - Item: OS-0010 (Whiteboard Markers, Set)
2025-05-11 22:35:17,715 - forecast_demand - INFO -   Current forecast: 10.25
2025-05-11 22:35:17,715 - forecast_demand - INFO -   New forecast: 10.25
2025-05-11 22:35:17,715 - forecast_demand - INFO -   Current MADP: 80.00
2025-05-11 22:35:17,715 - forecast_demand - INFO -   New MADP: 80.00
2025-05-11 22:35:17,716 - forecast_demand - INFO -   Current Track: 0.00
2025-05-11 22:35:17,716 - forecast_demand - INFO -   New Track: 0.00
2025-05-11 22:35:17,718 - forecast_demand - INFO - Item: EL-0004 (Wireless Keyboard)
2025-05-11 22:35:17,718 - forecast_demand - INFO -   Current forecast: 1.56
2025-05-11 22:35:17,719 - forecast_demand - INFO -   New forecast: 1.56
2025-05-11 22:35:17,719 - forecast_demand - INFO -   Current MADP: 80.00
2025-05-11 22:35:17,719 - forecast_demand - INFO -   New MADP: 80.00
2025-05-11 22:35:17,719 - forecast_demand - INFO -   Current Track: 0.00
2025-05-11 22:35:17,719 - forecast_demand - INFO -   New Track: 0.00
2025-05-11 22:35:17,721 - forecast_demand - INFO - Item: EL-0005 (Bluetooth Speaker, Portable)
2025-05-11 22:35:17,721 - forecast_demand - INFO -   Current forecast: 1.68
2025-05-11 22:35:17,721 - forecast_demand - INFO -   New forecast: 1.68
2025-05-11 22:35:17,721 - forecast_demand - INFO -   Current MADP: 6.15
2025-05-11 22:35:17,721 - forecast_demand - INFO -   New MADP: 6.15
2025-05-11 22:35:17,722 - forecast_demand - INFO -   Current Track: 0.00
2025-05-11 22:35:17,722 - forecast_demand - INFO -   New Track: 0.00
2025-05-11 22:35:17,723 - forecast_demand - INFO - Item: EL-0001 (USB Flash Drive, 64GB)
2025-05-11 22:35:17,723 - forecast_demand - INFO -   Current forecast: 13.72
2025-05-11 22:35:17,723 - forecast_demand - INFO -   New forecast: 13.72
2025-05-11 22:35:17,724 - forecast_demand - INFO -   Current MADP: 14.48
2025-05-11 22:35:17,724 - forecast_demand - INFO -   New MADP: 14.48
2025-05-11 22:35:17,724 - forecast_demand - INFO -   Current Track: 0.00
2025-05-11 22:35:17,724 - forecast_demand - INFO -   New Track: 0.00
2025-05-11 22:35:17,725 - forecast_demand - INFO - Item: EL-0002 (Wireless Mouse)
2025-05-11 22:35:17,725 - forecast_demand - INFO -   Current forecast: 10.52
2025-05-11 22:35:17,726 - forecast_demand - INFO -   New forecast: 10.52
2025-05-11 22:35:17,726 - forecast_demand - INFO -   Current MADP: 12.12
2025-05-11 22:35:17,726 - forecast_demand - INFO -   New MADP: 12.12
2025-05-11 22:35:17,726 - forecast_demand - INFO -   Current Track: 0.00
2025-05-11 22:35:17,726 - forecast_demand - INFO -   New Track: 0.00
2025-05-11 22:35:17,728 - forecast_demand - INFO - Item: OS-0009 (Binder Clips, Assorted)
2025-05-11 22:35:17,728 - forecast_demand - INFO -   Current forecast: 44.02
2025-05-11 22:35:17,728 - forecast_demand - INFO -   New forecast: 44.02
2025-05-11 22:35:17,728 - forecast_demand - INFO -   Current MADP: 4.00
2025-05-11 22:35:17,728 - forecast_demand - INFO -   New MADP: 4.00
2025-05-11 22:35:17,728 - forecast_demand - INFO -   Current Track: 0.00
2025-05-11 22:35:17,729 - forecast_demand - INFO -   New Track: 0.00
2025-05-11 22:35:17,730 - forecast_demand - INFO - Item: TC-0001 (CPU Cooling Fan)
2025-05-11 22:35:17,730 - forecast_demand - INFO -   Current forecast: 6.91
2025-05-11 22:35:17,730 - forecast_demand - INFO -   New forecast: 6.91
2025-05-11 22:35:17,731 - forecast_demand - INFO -   Current MADP: 8.33
2025-05-11 22:35:17,731 - forecast_demand - INFO -   New MADP: 8.33
2025-05-11 22:35:17,731 - forecast_demand - INFO -   Current Track: 0.00
2025-05-11 22:35:17,731 - forecast_demand - INFO -   New Track: 0.00
2025-05-11 22:35:17,734 - forecast_demand - INFO - Item: TC-0006 (SSD, 500GB)
2025-05-11 22:35:17,734 - forecast_demand - INFO -   Current forecast: 5.41
2025-05-11 22:35:17,734 - forecast_demand - INFO -   New forecast: 5.41
2025-05-11 22:35:17,734 - forecast_demand - INFO -   Current MADP: 4.42
2025-05-11 22:35:17,734 - forecast_demand - INFO -   New MADP: 4.42
2025-05-11 22:35:17,735 - forecast_demand - INFO -   Current Track: 0.00
2025-05-11 22:35:17,735 - forecast_demand - INFO -   New Track: 0.00
2025-05-11 22:35:17,738 - forecast_demand - INFO - Item: EL-0003 (USB-C Cable, 6ft)
2025-05-11 22:35:17,738 - forecast_demand - INFO -   Current forecast: 24.69
2025-05-11 22:35:17,738 - forecast_demand - INFO -   New forecast: 24.69
2025-05-11 22:35:17,738 - forecast_demand - INFO -   Current MADP: 8.78
2025-05-11 22:35:17,738 - forecast_demand - INFO -   New MADP: 8.78
2025-05-11 22:35:17,738 - forecast_demand - INFO -   Current Track: 0.00
2025-05-11 22:35:17,738 - forecast_demand - INFO -   New Track: 0.00
2025-05-11 22:35:17,740 - forecast_demand - INFO - Item: EL-0007 (USB Hub, 4-Port)
2025-05-11 22:35:17,740 - forecast_demand - INFO -   Current forecast: 3.11
2025-05-11 22:35:17,740 - forecast_demand - INFO -   New forecast: 3.11
2025-05-11 22:35:17,740 - forecast_demand - INFO -   Current MADP: 80.00
2025-05-11 22:35:17,740 - forecast_demand - INFO -   New MADP: 80.00
2025-05-11 22:35:17,741 - forecast_demand - INFO -   Current Track: 0.00
2025-05-11 22:35:17,741 - forecast_demand - INFO -   New Track: 0.00
2025-05-11 22:35:17,742 - forecast_demand - INFO - Item: EL-0008 (Power Strip, 6-Outlet)
2025-05-11 22:35:17,742 - forecast_demand - INFO -   Current forecast: 8.63
2025-05-11 22:35:17,742 - forecast_demand - INFO -   New forecast: 8.63
2025-05-11 22:35:17,742 - forecast_demand - INFO -   Current MADP: 6.88
2025-05-11 22:35:17,743 - forecast_demand - INFO -   New MADP: 6.88
2025-05-11 22:35:17,743 - forecast_demand - INFO -   Current Track: 0.00
2025-05-11 22:35:17,743 - forecast_demand - INFO -   New Track: 0.00
2025-05-11 22:35:17,744 - forecast_demand - INFO - Item: EL-0006 (HDMI Cable, 10ft)
2025-05-11 22:35:17,745 - forecast_demand - INFO -   Current forecast: 3.88
2025-05-11 22:35:17,745 - forecast_demand - INFO -   New forecast: 3.88
2025-05-11 22:35:17,745 - forecast_demand - INFO -   Current MADP: 80.00
2025-05-11 22:35:17,745 - forecast_demand - INFO -   New MADP: 80.00
2025-05-11 22:35:17,745 - forecast_demand - INFO -   Current Track: 0.00
2025-05-11 22:35:17,745 - forecast_demand - INFO -   New Track: 0.00
2025-05-11 22:35:17,747 - forecast_demand - INFO - Item: OS-0006 (Gel Pens, Premium, Box)
2025-05-11 22:35:17,747 - forecast_demand - INFO -   Current forecast: 3.13
2025-05-11 22:35:17,747 - forecast_demand - INFO -   New forecast: 3.13
2025-05-11 22:35:17,748 - forecast_demand - INFO -   Current MADP: 80.00
2025-05-11 22:35:17,748 - forecast_demand - INFO -   New MADP: 80.00
2025-05-11 22:35:17,748 - forecast_demand - INFO -   Current Track: 0.00
2025-05-11 22:35:17,748 - forecast_demand - INFO -   New Track: 0.00
2025-05-11 22:35:17,750 - forecast_demand - INFO - Item: TC-0007 (RAM, 16GB)
2025-05-11 22:35:17,750 - forecast_demand - INFO -   Current forecast: 3.56
2025-05-11 22:35:17,750 - forecast_demand - INFO -   New forecast: 3.56
2025-05-11 22:35:17,750 - forecast_demand - INFO -   Current MADP: 9.88
2025-05-11 22:35:17,750 - forecast_demand - INFO -   New MADP: 9.88
2025-05-11 22:35:17,751 - forecast_demand - INFO -   Current Track: 0.00
2025-05-11 22:35:17,751 - forecast_demand - INFO -   New Track: 0.00
2025-05-11 22:35:17,753 - forecast_demand - INFO - Item: OS-0004 (Sticky Notes, Pad)
2025-05-11 22:35:17,753 - forecast_demand - INFO -   Current forecast: 52.46
2025-05-11 22:35:17,753 - forecast_demand - INFO -   New forecast: 52.46
2025-05-11 22:35:17,753 - forecast_demand - INFO -   Current MADP: 15.39
2025-05-11 22:35:17,753 - forecast_demand - INFO -   New MADP: 15.39
2025-05-11 22:35:17,753 - forecast_demand - INFO -   Current Track: 0.00
2025-05-11 22:35:17,754 - forecast_demand - INFO -   New Track: 0.00
2025-05-11 22:35:17,755 - forecast_demand - INFO - Item: OS-0003 (Paper Clips, Box)
2025-05-11 22:35:17,755 - forecast_demand - INFO -   Current forecast: 305.34
2025-05-11 22:35:17,755 - forecast_demand - INFO -   New forecast: 305.34
2025-05-11 22:35:17,755 - forecast_demand - INFO -   Current MADP: 5.60
2025-05-11 22:35:17,755 - forecast_demand - INFO -   New MADP: 5.60
2025-05-11 22:35:17,756 - forecast_demand - INFO -   Current Track: 0.00
2025-05-11 22:35:17,756 - forecast_demand - INFO -   New Track: 0.00
2025-05-11 22:35:17,757 - forecast_demand - INFO - Item: EL-0009 (Laptop Cooling Pad)
2025-05-11 22:35:17,757 - forecast_demand - INFO -   Current forecast: 1.35
2025-05-11 22:35:17,757 - forecast_demand - INFO -   New forecast: 1.35
2025-05-11 22:35:17,757 - forecast_demand - INFO -   Current MADP: 50.00
2025-05-11 22:35:17,758 - forecast_demand - INFO -   New MADP: 50.00
2025-05-11 22:35:17,758 - forecast_demand - INFO -   Current Track: 0.00
2025-05-11 22:35:17,758 - forecast_demand - INFO -   New Track: 0.00
2025-05-11 22:35:17,759 - forecast_demand - INFO - Item: EL-0010 (Wireless Earbuds)
2025-05-11 22:35:17,760 - forecast_demand - INFO -   Current forecast: 1.07
2025-05-11 22:35:17,760 - forecast_demand - INFO -   New forecast: 1.07
2025-05-11 22:35:17,760 - forecast_demand - INFO -   Current MADP: 80.00
2025-05-11 22:35:17,760 - forecast_demand - INFO -   New MADP: 80.00
2025-05-11 22:35:17,760 - forecast_demand - INFO -   Current Track: 0.00
2025-05-11 22:35:17,760 - forecast_demand - INFO -   New Track: 0.00
2025-05-11 22:35:17,762 - forecast_demand - INFO - Item: TC-0009 (Motherboard, ATX)
2025-05-11 22:35:17,762 - forecast_demand - INFO -   Current forecast: 1.65
2025-05-11 22:35:17,762 - forecast_demand - INFO -   New forecast: 1.65
2025-05-11 22:35:17,762 - forecast_demand - INFO -   Current MADP: 10.63
2025-05-11 22:35:17,762 - forecast_demand - INFO -   New MADP: 10.63
2025-05-11 22:35:17,762 - forecast_demand - INFO -   Current Track: 0.00
2025-05-11 22:35:17,762 - forecast_demand - INFO -   New Track: 0.00
2025-05-11 22:35:17,764 - forecast_demand - INFO - Item: TC-0008 (Graphics Card, Mid-range)
2025-05-11 22:35:17,764 - forecast_demand - INFO -   Current forecast: 1.69
2025-05-11 22:35:17,764 - forecast_demand - INFO -   New forecast: 1.69
2025-05-11 22:35:17,765 - forecast_demand - INFO -   Current MADP: 10.62
2025-05-11 22:35:17,765 - forecast_demand - INFO -   New MADP: 10.62
2025-05-11 22:35:17,765 - forecast_demand - INFO -   Current Track: 0.00
2025-05-11 22:35:17,765 - forecast_demand - INFO -   New Track: 0.00
2025-05-11 22:35:17,767 - forecast_demand - INFO - Item: TC-0010 (PC Case, Mid-tower)
2025-05-11 22:35:17,767 - forecast_demand - INFO -   Current forecast: 1.55
2025-05-11 22:35:17,767 - forecast_demand - INFO -   New forecast: 1.55
2025-05-11 22:35:17,768 - forecast_demand - INFO -   Current MADP: 80.00
2025-05-11 22:35:17,768 - forecast_demand - INFO -   New MADP: 80.00
2025-05-11 22:35:17,768 - forecast_demand - INFO -   Current Track: 0.00
2025-05-11 22:35:17,768 - forecast_demand - INFO -   New Track: 0.00
2025-05-11 22:35:17,769 - forecast_demand - INFO - Item: TC-0005 (Power Supply, 500W)
2025-05-11 22:35:17,770 - forecast_demand - INFO -   Current forecast: 2.50
2025-05-11 22:35:17,770 - forecast_demand - INFO -   New forecast: 2.50
2025-05-11 22:35:17,770 - forecast_demand - INFO -   Current MADP: 7.94
2025-05-11 22:35:17,770 - forecast_demand - INFO -   New MADP: 7.94
2025-05-11 22:35:17,770 - forecast_demand - INFO -   Current Track: 0.00
2025-05-11 22:35:17,770 - forecast_demand - INFO -   New Track: 0.00
2025-05-11 22:35:17,773 - forecast_demand - INFO - Updated forecasts for 30 items
2025-05-11 22:35:17,773 - forecast_demand - INFO - Forecast generation completed: 30 processed, 0 errors
2025-05-11 22:38:14,205 - forecast_demand - INFO - Starting demand forecasting...
2025-05-11 22:38:14,206 - forecast_demand - INFO - Parameters: warehouse_id=1, vendor_id=None, buyer_id=None, item_id=None, periods=12, update=True, recalculate_madp=True, include_inactive=False, dry_run=False
2025-05-11 22:38:14,320 - forecast_demand - INFO - Found 30 items to forecast
2025-05-11 22:38:14,360 - forecast_demand - INFO - Updated forecasts for 30 items
2025-05-11 22:38:14,360 - forecast_demand - INFO - Forecast generation completed: 30 processed, 0 errors
2025-05-11 22:38:55,211 - forecast_demand - INFO - Starting demand forecasting...
2025-05-11 22:38:55,211 - forecast_demand - INFO - Parameters: warehouse_id=1, vendor_id=None, buyer_id=None, item_id=None, periods=12, update=True, recalculate_madp=True, include_inactive=False, dry_run=False
2025-05-11 22:38:55,323 - forecast_demand - INFO - Found 30 items to forecast
2025-05-11 22:38:55,369 - forecast_demand - INFO - Updated forecasts for 30 items
2025-05-11 22:38:55,370 - forecast_demand - INFO - Forecast generation completed: 30 processed, 0 errors
2025-05-11 22:45:36,961 - forecast_demand - INFO - Starting demand forecasting...
2025-05-11 22:45:36,962 - forecast_demand - INFO - Parameters: warehouse_id=1, vendor_id=None, buyer_id=None, item_id=None, periods=12, update=True, recalculate_madp=True, include_inactive=False, dry_run=False
2025-05-11 22:45:37,079 - forecast_demand - INFO - Found 30 items to forecast
2025-05-11 22:45:37,097 - forecast_demand - WARNING - Could not save forecast history for item OS-0008: Failed to save forecast history: (psycopg2.errors.NotNullViolation) el valor nulo en la columna «warehouse_id» de la relación «item_forecast» viola la restricción de no nulo
DETAIL:  La fila que falla contiene (81, 8, 2025-05-11 22:45:37.089692, 5, 2025, 12.923181197065222, 50, 6.872753745044024e-15, E3_ENHANCED_AVS, f, null, null, null, null, Generated by forecast_demand.py, using 12 periods of history, null, null).

[SQL: INSERT INTO item_forecast (item_id, forecast_date, period_number, period_year, forecast_value, madp, track, forecast_method, seasonality_applied, seasonal_profile_id, actual_value, error, error_pct, notes, created_by) VALUES (%(item_id)s, %(forecast_date)s, %(period_number)s, %(period_year)s, %(forecast_value)s, %(madp)s, %(track)s, %(forecast_method)s, %(seasonality_applied)s, %(seasonal_profile_id)s, %(actual_value)s, %(error)s, %(error_pct)s, %(notes)s, %(created_by)s) RETURNING item_forecast.id]
[parameters: {'item_id': 8, 'forecast_date': datetime.datetime(2025, 5, 11, 22, 45, 37, 89692), 'period_number': 5, 'period_year': 2025, 'forecast_value': 12.923181197065222, 'madp': 50.0, 'track': 6.872753745044024e-15, 'forecast_method': 'E3_ENHANCED_AVS', 'seasonality_applied': False, 'seasonal_profile_id': None, 'actual_value': None, 'error': None, 'error_pct': None, 'notes': 'Generated by forecast_demand.py, using 12 periods of history', 'created_by': None}]
(Background on this error at: https://sqlalche.me/e/20/gkpj)
2025-05-11 22:45:37,105 - forecast_demand - WARNING - Could not save forecast history for item TC-0003: Failed to save forecast history: (psycopg2.errors.NotNullViolation) el valor nulo en la columna «warehouse_id» de la relación «item_forecast» viola la restricción de no nulo
DETAIL:  La fila que falla contiene (82, 23, 2025-05-11 22:45:37.101605, 5, 2025, 21.57685222076589, 12.54609742211755, 0, E3_ENHANCED_AVS, f, null, null, null, null, Generated by forecast_demand.py, using 12 periods of history, null, null).

[SQL: INSERT INTO item_forecast (item_id, forecast_date, period_number, period_year, forecast_value, madp, track, forecast_method, seasonality_applied, seasonal_profile_id, actual_value, error, error_pct, notes, created_by) VALUES (%(item_id)s, %(forecast_date)s, %(period_number)s, %(period_year)s, %(forecast_value)s, %(madp)s, %(track)s, %(forecast_method)s, %(seasonality_applied)s, %(seasonal_profile_id)s, %(actual_value)s, %(error)s, %(error_pct)s, %(notes)s, %(created_by)s) RETURNING item_forecast.id]
[parameters: {'item_id': 23, 'forecast_date': datetime.datetime(2025, 5, 11, 22, 45, 37, 101605), 'period_number': 5, 'period_year': 2025, 'forecast_value': 21.57685222076589, 'madp': 12.54609742211755, 'track': 0.0, 'forecast_method': 'E3_ENHANCED_AVS', 'seasonality_applied': False, 'seasonal_profile_id': None, 'actual_value': None, 'error': None, 'error_pct': None, 'notes': 'Generated by forecast_demand.py, using 12 periods of history', 'created_by': None}]
(Background on this error at: https://sqlalche.me/e/20/gkpj)
2025-05-11 22:45:37,112 - forecast_demand - WARNING - Could not save forecast history for item OS-0002: Failed to save forecast history: (psycopg2.errors.NotNullViolation) el valor nulo en la columna «warehouse_id» de la relación «item_forecast» viola la restricción de no nulo
DETAIL:  La fila que falla contiene (83, 2, 2025-05-11 22:45:37.109844, 5, 2025, 98.86458469272321, 80, 0, E3_ENHANCED_AVS, f, null, null, null, null, Generated by forecast_demand.py, using 12 periods of history, null, null).

[SQL: INSERT INTO item_forecast (item_id, forecast_date, period_number, period_year, forecast_value, madp, track, forecast_method, seasonality_applied, seasonal_profile_id, actual_value, error, error_pct, notes, created_by) VALUES (%(item_id)s, %(forecast_date)s, %(period_number)s, %(period_year)s, %(forecast_value)s, %(madp)s, %(track)s, %(forecast_method)s, %(seasonality_applied)s, %(seasonal_profile_id)s, %(actual_value)s, %(error)s, %(error_pct)s, %(notes)s, %(created_by)s) RETURNING item_forecast.id]
[parameters: {'item_id': 2, 'forecast_date': datetime.datetime(2025, 5, 11, 22, 45, 37, 109844), 'period_number': 5, 'period_year': 2025, 'forecast_value': 98.86458469272321, 'madp': 80.0, 'track': 0.0, 'forecast_method': 'E3_ENHANCED_AVS', 'seasonality_applied': False, 'seasonal_profile_id': None, 'actual_value': None, 'error': None, 'error_pct': None, 'notes': 'Generated by forecast_demand.py, using 12 periods of history', 'created_by': None}]
(Background on this error at: https://sqlalche.me/e/20/gkpj)
2025-05-11 22:45:37,116 - forecast_demand - WARNING - Could not save forecast history for item OS-0001: Failed to save forecast history: (psycopg2.errors.NotNullViolation) el valor nulo en la columna «warehouse_id» de la relación «item_forecast» viola la restricción de no nulo
DETAIL:  La fila que falla contiene (84, 1, 2025-05-11 22:45:37.115649, 5, 2025, 20.20800610256032, 80, 8.790361752588689e-15, E3_ENHANCED_AVS, f, null, null, null, null, Generated by forecast_demand.py, using 12 periods of history, null, null).

[SQL: INSERT INTO item_forecast (item_id, forecast_date, period_number, period_year, forecast_value, madp, track, forecast_method, seasonality_applied, seasonal_profile_id, actual_value, error, error_pct, notes, created_by) VALUES (%(item_id)s, %(forecast_date)s, %(period_number)s, %(period_year)s, %(forecast_value)s, %(madp)s, %(track)s, %(forecast_method)s, %(seasonality_applied)s, %(seasonal_profile_id)s, %(actual_value)s, %(error)s, %(error_pct)s, %(notes)s, %(created_by)s) RETURNING item_forecast.id]
[parameters: {'item_id': 1, 'forecast_date': datetime.datetime(2025, 5, 11, 22, 45, 37, 115649), 'period_number': 5, 'period_year': 2025, 'forecast_value': 20.20800610256032, 'madp': 80.0, 'track': 8.790361752588689e-15, 'forecast_method': 'E3_ENHANCED_AVS', 'seasonality_applied': False, 'seasonal_profile_id': None, 'actual_value': None, 'error': None, 'error_pct': None, 'notes': 'Generated by forecast_demand.py, using 12 periods of history', 'created_by': None}]
(Background on this error at: https://sqlalche.me/e/20/gkpj)
2025-05-11 22:45:37,121 - forecast_demand - WARNING - Could not save forecast history for item OS-0007: Failed to save forecast history: (psycopg2.errors.NotNullViolation) el valor nulo en la columna «warehouse_id» de la relación «item_forecast» viola la restricción de no nulo
DETAIL:  La fila que falla contiene (85, 7, 2025-05-11 22:45:37.11979, 5, 2025, 4.194251928108277, 80, 1.058804329024554e-14, E3_ENHANCED_AVS, f, null, null, null, null, Generated by forecast_demand.py, using 12 periods of history, null, null).

[SQL: INSERT INTO item_forecast (item_id, forecast_date, period_number, period_year, forecast_value, madp, track, forecast_method, seasonality_applied, seasonal_profile_id, actual_value, error, error_pct, notes, created_by) VALUES (%(item_id)s, %(forecast_date)s, %(period_number)s, %(period_year)s, %(forecast_value)s, %(madp)s, %(track)s, %(forecast_method)s, %(seasonality_applied)s, %(seasonal_profile_id)s, %(actual_value)s, %(error)s, %(error_pct)s, %(notes)s, %(created_by)s) RETURNING item_forecast.id]
[parameters: {'item_id': 7, 'forecast_date': datetime.datetime(2025, 5, 11, 22, 45, 37, 119790), 'period_number': 5, 'period_year': 2025, 'forecast_value': 4.194251928108277, 'madp': 80.0, 'track': 1.058804329024554e-14, 'forecast_method': 'E3_ENHANCED_AVS', 'seasonality_applied': False, 'seasonal_profile_id': None, 'actual_value': None, 'error': None, 'error_pct': None, 'notes': 'Generated by forecast_demand.py, using 12 periods of history', 'created_by': None}]
(Background on this error at: https://sqlalche.me/e/20/gkpj)
2025-05-11 22:45:37,128 - forecast_demand - WARNING - Could not save forecast history for item TC-0004: Failed to save forecast history: (psycopg2.errors.NotNullViolation) el valor nulo en la columna «warehouse_id» de la relación «item_forecast» viola la restricción de no nulo
DETAIL:  La fila que falla contiene (86, 24, 2025-05-11 22:45:37.125805, 5, 2025, 4.924992259343742, 80, 9.017053966075427e-15, E3_ENHANCED_AVS, f, null, null, null, null, Generated by forecast_demand.py, using 12 periods of history, null, null).

[SQL: INSERT INTO item_forecast (item_id, forecast_date, period_number, period_year, forecast_value, madp, track, forecast_method, seasonality_applied, seasonal_profile_id, actual_value, error, error_pct, notes, created_by) VALUES (%(item_id)s, %(forecast_date)s, %(period_number)s, %(period_year)s, %(forecast_value)s, %(madp)s, %(track)s, %(forecast_method)s, %(seasonality_applied)s, %(seasonal_profile_id)s, %(actual_value)s, %(error)s, %(error_pct)s, %(notes)s, %(created_by)s) RETURNING item_forecast.id]
[parameters: {'item_id': 24, 'forecast_date': datetime.datetime(2025, 5, 11, 22, 45, 37, 125805), 'period_number': 5, 'period_year': 2025, 'forecast_value': 4.924992259343742, 'madp': 80.0, 'track': 9.017053966075427e-15, 'forecast_method': 'E3_ENHANCED_AVS', 'seasonality_applied': False, 'seasonal_profile_id': None, 'actual_value': None, 'error': None, 'error_pct': None, 'notes': 'Generated by forecast_demand.py, using 12 periods of history', 'created_by': None}]
(Background on this error at: https://sqlalche.me/e/20/gkpj)
2025-05-11 22:45:37,134 - forecast_demand - WARNING - Could not save forecast history for item TC-0002: Failed to save forecast history: (psycopg2.errors.NotNullViolation) el valor nulo en la columna «warehouse_id» de la relación «item_forecast» viola la restricción de no nulo
DETAIL:  La fila que falla contiene (87, 22, 2025-05-11 22:45:37.132652, 5, 2025, 8.432851610400888, 80, 0, E3_ENHANCED_AVS, f, null, null, null, null, Generated by forecast_demand.py, using 12 periods of history, null, null).

[SQL: INSERT INTO item_forecast (item_id, forecast_date, period_number, period_year, forecast_value, madp, track, forecast_method, seasonality_applied, seasonal_profile_id, actual_value, error, error_pct, notes, created_by) VALUES (%(item_id)s, %(forecast_date)s, %(period_number)s, %(period_year)s, %(forecast_value)s, %(madp)s, %(track)s, %(forecast_method)s, %(seasonality_applied)s, %(seasonal_profile_id)s, %(actual_value)s, %(error)s, %(error_pct)s, %(notes)s, %(created_by)s) RETURNING item_forecast.id]
[parameters: {'item_id': 22, 'forecast_date': datetime.datetime(2025, 5, 11, 22, 45, 37, 132652), 'period_number': 5, 'period_year': 2025, 'forecast_value': 8.432851610400888, 'madp': 80.0, 'track': 0.0, 'forecast_method': 'E3_ENHANCED_AVS', 'seasonality_applied': False, 'seasonal_profile_id': None, 'actual_value': None, 'error': None, 'error_pct': None, 'notes': 'Generated by forecast_demand.py, using 12 periods of history', 'created_by': None}]
(Background on this error at: https://sqlalche.me/e/20/gkpj)
2025-05-11 22:45:37,140 - forecast_demand - WARNING - Could not save forecast history for item OS-0005: Failed to save forecast history: (psycopg2.errors.NotNullViolation) el valor nulo en la columna «warehouse_id» de la relación «item_forecast» viola la restricción de no nulo
DETAIL:  La fila que falla contiene (88, 5, 2025-05-11 22:45:37.138655, 5, 2025, 37.89439643152406, 8.558196968126145, 7.303174493544544e-14, E3_ENHANCED_AVS, f, null, null, null, null, Generated by forecast_demand.py, using 12 periods of history, null, null).

[SQL: INSERT INTO item_forecast (item_id, forecast_date, period_number, period_year, forecast_value, madp, track, forecast_method, seasonality_applied, seasonal_profile_id, actual_value, error, error_pct, notes, created_by) VALUES (%(item_id)s, %(forecast_date)s, %(period_number)s, %(period_year)s, %(forecast_value)s, %(madp)s, %(track)s, %(forecast_method)s, %(seasonality_applied)s, %(seasonal_profile_id)s, %(actual_value)s, %(error)s, %(error_pct)s, %(notes)s, %(created_by)s) RETURNING item_forecast.id]
[parameters: {'item_id': 5, 'forecast_date': datetime.datetime(2025, 5, 11, 22, 45, 37, 138655), 'period_number': 5, 'period_year': 2025, 'forecast_value': 37.89439643152406, 'madp': 8.558196968126145, 'track': 7.303174493544544e-14, 'forecast_method': 'E3_ENHANCED_AVS', 'seasonality_applied': False, 'seasonal_profile_id': None, 'actual_value': None, 'error': None, 'error_pct': None, 'notes': 'Generated by forecast_demand.py, using 12 periods of history', 'created_by': None}]
(Background on this error at: https://sqlalche.me/e/20/gkpj)
2025-05-11 22:45:37,146 - forecast_demand - WARNING - Could not save forecast history for item OS-0010: Failed to save forecast history: (psycopg2.errors.NotNullViolation) el valor nulo en la columna «warehouse_id» de la relación «item_forecast» viola la restricción de no nulo
DETAIL:  La fila que falla contiene (89, 10, 2025-05-11 22:45:37.143655, 5, 2025, 10.245377806171351, 80, 0, E3_ENHANCED_AVS, f, null, null, null, null, Generated by forecast_demand.py, using 12 periods of history, null, null).

[SQL: INSERT INTO item_forecast (item_id, forecast_date, period_number, period_year, forecast_value, madp, track, forecast_method, seasonality_applied, seasonal_profile_id, actual_value, error, error_pct, notes, created_by) VALUES (%(item_id)s, %(forecast_date)s, %(period_number)s, %(period_year)s, %(forecast_value)s, %(madp)s, %(track)s, %(forecast_method)s, %(seasonality_applied)s, %(seasonal_profile_id)s, %(actual_value)s, %(error)s, %(error_pct)s, %(notes)s, %(created_by)s) RETURNING item_forecast.id]
[parameters: {'item_id': 10, 'forecast_date': datetime.datetime(2025, 5, 11, 22, 45, 37, 143655), 'period_number': 5, 'period_year': 2025, 'forecast_value': 10.245377806171351, 'madp': 80.0, 'track': 0.0, 'forecast_method': 'E3_ENHANCED_AVS', 'seasonality_applied': False, 'seasonal_profile_id': None, 'actual_value': None, 'error': None, 'error_pct': None, 'notes': 'Generated by forecast_demand.py, using 12 periods of history', 'created_by': None}]
(Background on this error at: https://sqlalche.me/e/20/gkpj)
2025-05-11 22:45:37,152 - forecast_demand - WARNING - Could not save forecast history for item EL-0004: Failed to save forecast history: (psycopg2.errors.NotNullViolation) el valor nulo en la columna «warehouse_id» de la relación «item_forecast» viola la restricción de no nulo
DETAIL:  La fila que falla contiene (90, 14, 2025-05-11 22:45:37.149762, 5, 2025, 1.5643706200021512, 80, 0, E3_ENHANCED_AVS, f, null, null, null, null, Generated by forecast_demand.py, using 12 periods of history, null, null).

[SQL: INSERT INTO item_forecast (item_id, forecast_date, period_number, period_year, forecast_value, madp, track, forecast_method, seasonality_applied, seasonal_profile_id, actual_value, error, error_pct, notes, created_by) VALUES (%(item_id)s, %(forecast_date)s, %(period_number)s, %(period_year)s, %(forecast_value)s, %(madp)s, %(track)s, %(forecast_method)s, %(seasonality_applied)s, %(seasonal_profile_id)s, %(actual_value)s, %(error)s, %(error_pct)s, %(notes)s, %(created_by)s) RETURNING item_forecast.id]
[parameters: {'item_id': 14, 'forecast_date': datetime.datetime(2025, 5, 11, 22, 45, 37, 149762), 'period_number': 5, 'period_year': 2025, 'forecast_value': 1.5643706200021512, 'madp': 80.0, 'track': 0.0, 'forecast_method': 'E3_ENHANCED_AVS', 'seasonality_applied': False, 'seasonal_profile_id': None, 'actual_value': None, 'error': None, 'error_pct': None, 'notes': 'Generated by forecast_demand.py, using 12 periods of history', 'created_by': None}]
(Background on this error at: https://sqlalche.me/e/20/gkpj)
2025-05-11 22:45:37,159 - forecast_demand - WARNING - Could not save forecast history for item EL-0005: Failed to save forecast history: (psycopg2.errors.NotNullViolation) el valor nulo en la columna «warehouse_id» de la relación «item_forecast» viola la restricción de no nulo
DETAIL:  La fila que falla contiene (91, 15, 2025-05-11 22:45:37.15569, 5, 2025, 1.676884051673472, 6.1458018624596455, 7.181867388786753e-14, E3_ENHANCED_AVS, f, null, null, null, null, Generated by forecast_demand.py, using 12 periods of history, null, null).

[SQL: INSERT INTO item_forecast (item_id, forecast_date, period_number, period_year, forecast_value, madp, track, forecast_method, seasonality_applied, seasonal_profile_id, actual_value, error, error_pct, notes, created_by) VALUES (%(item_id)s, %(forecast_date)s, %(period_number)s, %(period_year)s, %(forecast_value)s, %(madp)s, %(track)s, %(forecast_method)s, %(seasonality_applied)s, %(seasonal_profile_id)s, %(actual_value)s, %(error)s, %(error_pct)s, %(notes)s, %(created_by)s) RETURNING item_forecast.id]
[parameters: {'item_id': 15, 'forecast_date': datetime.datetime(2025, 5, 11, 22, 45, 37, 155690), 'period_number': 5, 'period_year': 2025, 'forecast_value': 1.676884051673472, 'madp': 6.1458018624596455, 'track': 7.181867388786753e-14, 'forecast_method': 'E3_ENHANCED_AVS', 'seasonality_applied': False, 'seasonal_profile_id': None, 'actual_value': None, 'error': None, 'error_pct': None, 'notes': 'Generated by forecast_demand.py, using 12 periods of history', 'created_by': None}]
(Background on this error at: https://sqlalche.me/e/20/gkpj)
2025-05-11 22:45:37,164 - forecast_demand - WARNING - Could not save forecast history for item EL-0001: Failed to save forecast history: (psycopg2.errors.NotNullViolation) el valor nulo en la columna «warehouse_id» de la relación «item_forecast» viola la restricción de no nulo
DETAIL:  La fila que falla contiene (92, 11, 2025-05-11 22:45:37.162338, 5, 2025, 13.718252412658343, 14.479816813532587, 0, E3_ENHANCED_AVS, f, null, null, null, null, Generated by forecast_demand.py, using 12 periods of history, null, null).

[SQL: INSERT INTO item_forecast (item_id, forecast_date, period_number, period_year, forecast_value, madp, track, forecast_method, seasonality_applied, seasonal_profile_id, actual_value, error, error_pct, notes, created_by) VALUES (%(item_id)s, %(forecast_date)s, %(period_number)s, %(period_year)s, %(forecast_value)s, %(madp)s, %(track)s, %(forecast_method)s, %(seasonality_applied)s, %(seasonal_profile_id)s, %(actual_value)s, %(error)s, %(error_pct)s, %(notes)s, %(created_by)s) RETURNING item_forecast.id]
[parameters: {'item_id': 11, 'forecast_date': datetime.datetime(2025, 5, 11, 22, 45, 37, 162338), 'period_number': 5, 'period_year': 2025, 'forecast_value': 13.718252412658343, 'madp': 14.479816813532587, 'track': 0.0, 'forecast_method': 'E3_ENHANCED_AVS', 'seasonality_applied': False, 'seasonal_profile_id': None, 'actual_value': None, 'error': None, 'error_pct': None, 'notes': 'Generated by forecast_demand.py, using 12 periods of history', 'created_by': None}]
(Background on this error at: https://sqlalche.me/e/20/gkpj)
2025-05-11 22:45:37,169 - forecast_demand - WARNING - Could not save forecast history for item EL-0002: Failed to save forecast history: (psycopg2.errors.NotNullViolation) el valor nulo en la columna «warehouse_id» de la relación «item_forecast» viola la restricción de no nulo
DETAIL:  La fila que falla contiene (93, 12, 2025-05-11 22:45:37.167339, 5, 2025, 10.517707496046171, 12.124958799690553, 0, E3_ENHANCED_AVS, f, null, null, null, null, Generated by forecast_demand.py, using 12 periods of history, null, null).

[SQL: INSERT INTO item_forecast (item_id, forecast_date, period_number, period_year, forecast_value, madp, track, forecast_method, seasonality_applied, seasonal_profile_id, actual_value, error, error_pct, notes, created_by) VALUES (%(item_id)s, %(forecast_date)s, %(period_number)s, %(period_year)s, %(forecast_value)s, %(madp)s, %(track)s, %(forecast_method)s, %(seasonality_applied)s, %(seasonal_profile_id)s, %(actual_value)s, %(error)s, %(error_pct)s, %(notes)s, %(created_by)s) RETURNING item_forecast.id]
[parameters: {'item_id': 12, 'forecast_date': datetime.datetime(2025, 5, 11, 22, 45, 37, 167339), 'period_number': 5, 'period_year': 2025, 'forecast_value': 10.517707496046171, 'madp': 12.124958799690553, 'track': 0.0, 'forecast_method': 'E3_ENHANCED_AVS', 'seasonality_applied': False, 'seasonal_profile_id': None, 'actual_value': None, 'error': None, 'error_pct': None, 'notes': 'Generated by forecast_demand.py, using 12 periods of history', 'created_by': None}]
(Background on this error at: https://sqlalche.me/e/20/gkpj)
2025-05-11 22:45:37,175 - forecast_demand - WARNING - Could not save forecast history for item OS-0009: Failed to save forecast history: (psycopg2.errors.NotNullViolation) el valor nulo en la columna «warehouse_id» de la relación «item_forecast» viola la restricción de no nulo
DETAIL:  La fila que falla contiene (94, 9, 2025-05-11 22:45:37.172341, 5, 2025, 44.02384659670762, 3.9953196241369073, 4.039714646031474e-13, E3_ENHANCED_AVS, f, null, null, null, null, Generated by forecast_demand.py, using 12 periods of history, null, null).

[SQL: INSERT INTO item_forecast (item_id, forecast_date, period_number, period_year, forecast_value, madp, track, forecast_method, seasonality_applied, seasonal_profile_id, actual_value, error, error_pct, notes, created_by) VALUES (%(item_id)s, %(forecast_date)s, %(period_number)s, %(period_year)s, %(forecast_value)s, %(madp)s, %(track)s, %(forecast_method)s, %(seasonality_applied)s, %(seasonal_profile_id)s, %(actual_value)s, %(error)s, %(error_pct)s, %(notes)s, %(created_by)s) RETURNING item_forecast.id]
[parameters: {'item_id': 9, 'forecast_date': datetime.datetime(2025, 5, 11, 22, 45, 37, 172341), 'period_number': 5, 'period_year': 2025, 'forecast_value': 44.02384659670762, 'madp': 3.9953196241369073, 'track': 4.039714646031474e-13, 'forecast_method': 'E3_ENHANCED_AVS', 'seasonality_applied': False, 'seasonal_profile_id': None, 'actual_value': None, 'error': None, 'error_pct': None, 'notes': 'Generated by forecast_demand.py, using 12 periods of history', 'created_by': None}]
(Background on this error at: https://sqlalche.me/e/20/gkpj)
2025-05-11 22:45:37,181 - forecast_demand - WARNING - Could not save forecast history for item TC-0001: Failed to save forecast history: (psycopg2.errors.NotNullViolation) el valor nulo en la columna «warehouse_id» de la relación «item_forecast» viola la restricción de no nulo
DETAIL:  La fila que falla contiene (95, 21, 2025-05-11 22:45:37.179342, 5, 2025, 6.909616878734517, 8.332320725601425, 5.14231902327367e-14, E3_ENHANCED_AVS, f, null, null, null, null, Generated by forecast_demand.py, using 12 periods of history, null, null).

[SQL: INSERT INTO item_forecast (item_id, forecast_date, period_number, period_year, forecast_value, madp, track, forecast_method, seasonality_applied, seasonal_profile_id, actual_value, error, error_pct, notes, created_by) VALUES (%(item_id)s, %(forecast_date)s, %(period_number)s, %(period_year)s, %(forecast_value)s, %(madp)s, %(track)s, %(forecast_method)s, %(seasonality_applied)s, %(seasonal_profile_id)s, %(actual_value)s, %(error)s, %(error_pct)s, %(notes)s, %(created_by)s) RETURNING item_forecast.id]
[parameters: {'item_id': 21, 'forecast_date': datetime.datetime(2025, 5, 11, 22, 45, 37, 179342), 'period_number': 5, 'period_year': 2025, 'forecast_value': 6.909616878734517, 'madp': 8.332320725601425, 'track': 5.14231902327367e-14, 'forecast_method': 'E3_ENHANCED_AVS', 'seasonality_applied': False, 'seasonal_profile_id': None, 'actual_value': None, 'error': None, 'error_pct': None, 'notes': 'Generated by forecast_demand.py, using 12 periods of history', 'created_by': None}]
(Background on this error at: https://sqlalche.me/e/20/gkpj)
2025-05-11 22:45:37,187 - forecast_demand - WARNING - Could not save forecast history for item TC-0006: Failed to save forecast history: (psycopg2.errors.NotNullViolation) el valor nulo en la columna «warehouse_id» de la relación «item_forecast» viola la restricción de no nulo
DETAIL:  La fila que falla contiene (96, 26, 2025-05-11 22:45:37.185349, 5, 2025, 5.412295284384577, 4.418344008682947, 1.2380493388556248e-13, E3_ENHANCED_AVS, f, null, null, null, null, Generated by forecast_demand.py, using 12 periods of history, null, null).

[SQL: INSERT INTO item_forecast (item_id, forecast_date, period_number, period_year, forecast_value, madp, track, forecast_method, seasonality_applied, seasonal_profile_id, actual_value, error, error_pct, notes, created_by) VALUES (%(item_id)s, %(forecast_date)s, %(period_number)s, %(period_year)s, %(forecast_value)s, %(madp)s, %(track)s, %(forecast_method)s, %(seasonality_applied)s, %(seasonal_profile_id)s, %(actual_value)s, %(error)s, %(error_pct)s, %(notes)s, %(created_by)s) RETURNING item_forecast.id]
[parameters: {'item_id': 26, 'forecast_date': datetime.datetime(2025, 5, 11, 22, 45, 37, 185349), 'period_number': 5, 'period_year': 2025, 'forecast_value': 5.412295284384577, 'madp': 4.418344008682947, 'track': 1.2380493388556248e-13, 'forecast_method': 'E3_ENHANCED_AVS', 'seasonality_applied': False, 'seasonal_profile_id': None, 'actual_value': None, 'error': None, 'error_pct': None, 'notes': 'Generated by forecast_demand.py, using 12 periods of history', 'created_by': None}]
(Background on this error at: https://sqlalche.me/e/20/gkpj)
2025-05-11 22:45:37,192 - forecast_demand - WARNING - Could not save forecast history for item EL-0003: Failed to save forecast history: (psycopg2.errors.NotNullViolation) el valor nulo en la columna «warehouse_id» de la relación «item_forecast» viola la restricción de no nulo
DETAIL:  La fila que falla contiene (97, 13, 2025-05-11 22:45:37.190503, 5, 2025, 24.69118156297999, 8.781282318674483, 5.461842096984029e-14, E3_ENHANCED_AVS, f, null, null, null, null, Generated by forecast_demand.py, using 12 periods of history, null, null).

[SQL: INSERT INTO item_forecast (item_id, forecast_date, period_number, period_year, forecast_value, madp, track, forecast_method, seasonality_applied, seasonal_profile_id, actual_value, error, error_pct, notes, created_by) VALUES (%(item_id)s, %(forecast_date)s, %(period_number)s, %(period_year)s, %(forecast_value)s, %(madp)s, %(track)s, %(forecast_method)s, %(seasonality_applied)s, %(seasonal_profile_id)s, %(actual_value)s, %(error)s, %(error_pct)s, %(notes)s, %(created_by)s) RETURNING item_forecast.id]
[parameters: {'item_id': 13, 'forecast_date': datetime.datetime(2025, 5, 11, 22, 45, 37, 190503), 'period_number': 5, 'period_year': 2025, 'forecast_value': 24.69118156297999, 'madp': 8.781282318674483, 'track': 5.461842096984029e-14, 'forecast_method': 'E3_ENHANCED_AVS', 'seasonality_applied': False, 'seasonal_profile_id': None, 'actual_value': None, 'error': None, 'error_pct': None, 'notes': 'Generated by forecast_demand.py, using 12 periods of history', 'created_by': None}]
(Background on this error at: https://sqlalche.me/e/20/gkpj)
2025-05-11 22:45:37,198 - forecast_demand - WARNING - Could not save forecast history for item EL-0007: Failed to save forecast history: (psycopg2.errors.NotNullViolation) el valor nulo en la columna «warehouse_id» de la relación «item_forecast» viola la restricción de no nulo
DETAIL:  La fila que falla contiene (98, 17, 2025-05-11 22:45:37.196434, 5, 2025, 3.110548890178434, 80, 7.138438030218324e-15, E3_ENHANCED_AVS, f, null, null, null, null, Generated by forecast_demand.py, using 12 periods of history, null, null).

[SQL: INSERT INTO item_forecast (item_id, forecast_date, period_number, period_year, forecast_value, madp, track, forecast_method, seasonality_applied, seasonal_profile_id, actual_value, error, error_pct, notes, created_by) VALUES (%(item_id)s, %(forecast_date)s, %(period_number)s, %(period_year)s, %(forecast_value)s, %(madp)s, %(track)s, %(forecast_method)s, %(seasonality_applied)s, %(seasonal_profile_id)s, %(actual_value)s, %(error)s, %(error_pct)s, %(notes)s, %(created_by)s) RETURNING item_forecast.id]
[parameters: {'item_id': 17, 'forecast_date': datetime.datetime(2025, 5, 11, 22, 45, 37, 196434), 'period_number': 5, 'period_year': 2025, 'forecast_value': 3.110548890178434, 'madp': 80.0, 'track': 7.138438030218324e-15, 'forecast_method': 'E3_ENHANCED_AVS', 'seasonality_applied': False, 'seasonal_profile_id': None, 'actual_value': None, 'error': None, 'error_pct': None, 'notes': 'Generated by forecast_demand.py, using 12 periods of history', 'created_by': None}]
(Background on this error at: https://sqlalche.me/e/20/gkpj)
2025-05-11 22:45:37,204 - forecast_demand - WARNING - Could not save forecast history for item EL-0008: Failed to save forecast history: (psycopg2.errors.NotNullViolation) el valor nulo en la columna «warehouse_id» de la relación «item_forecast» viola la restricción de no nulo
DETAIL:  La fila que falla contiene (99, 18, 2025-05-11 22:45:37.202939, 5, 2025, 8.634282857138873, 6.884419908633433, 9.961284270332618e-14, E3_ENHANCED_AVS, f, null, null, null, null, Generated by forecast_demand.py, using 12 periods of history, null, null).

[SQL: INSERT INTO item_forecast (item_id, forecast_date, period_number, period_year, forecast_value, madp, track, forecast_method, seasonality_applied, seasonal_profile_id, actual_value, error, error_pct, notes, created_by) VALUES (%(item_id)s, %(forecast_date)s, %(period_number)s, %(period_year)s, %(forecast_value)s, %(madp)s, %(track)s, %(forecast_method)s, %(seasonality_applied)s, %(seasonal_profile_id)s, %(actual_value)s, %(error)s, %(error_pct)s, %(notes)s, %(created_by)s) RETURNING item_forecast.id]
[parameters: {'item_id': 18, 'forecast_date': datetime.datetime(2025, 5, 11, 22, 45, 37, 202939), 'period_number': 5, 'period_year': 2025, 'forecast_value': 8.634282857138873, 'madp': 6.884419908633433, 'track': 9.961284270332618e-14, 'forecast_method': 'E3_ENHANCED_AVS', 'seasonality_applied': False, 'seasonal_profile_id': None, 'actual_value': None, 'error': None, 'error_pct': None, 'notes': 'Generated by forecast_demand.py, using 12 periods of history', 'created_by': None}]
(Background on this error at: https://sqlalche.me/e/20/gkpj)
2025-05-11 22:45:37,212 - forecast_demand - WARNING - Could not save forecast history for item EL-0006: Failed to save forecast history: (psycopg2.errors.NotNullViolation) el valor nulo en la columna «warehouse_id» de la relación «item_forecast» viola la restricción de no nulo
DETAIL:  La fila que falla contiene (100, 16, 2025-05-11 22:45:37.208942, 5, 2025, 3.877677455063835, 80, 5.726226781318922e-15, E3_ENHANCED_AVS, f, null, null, null, null, Generated by forecast_demand.py, using 12 periods of history, null, null).

[SQL: INSERT INTO item_forecast (item_id, forecast_date, period_number, period_year, forecast_value, madp, track, forecast_method, seasonality_applied, seasonal_profile_id, actual_value, error, error_pct, notes, created_by) VALUES (%(item_id)s, %(forecast_date)s, %(period_number)s, %(period_year)s, %(forecast_value)s, %(madp)s, %(track)s, %(forecast_method)s, %(seasonality_applied)s, %(seasonal_profile_id)s, %(actual_value)s, %(error)s, %(error_pct)s, %(notes)s, %(created_by)s) RETURNING item_forecast.id]
[parameters: {'item_id': 16, 'forecast_date': datetime.datetime(2025, 5, 11, 22, 45, 37, 208942), 'period_number': 5, 'period_year': 2025, 'forecast_value': 3.877677455063835, 'madp': 80.0, 'track': 5.726226781318922e-15, 'forecast_method': 'E3_ENHANCED_AVS', 'seasonality_applied': False, 'seasonal_profile_id': None, 'actual_value': None, 'error': None, 'error_pct': None, 'notes': 'Generated by forecast_demand.py, using 12 periods of history', 'created_by': None}]
(Background on this error at: https://sqlalche.me/e/20/gkpj)
2025-05-11 22:45:37,219 - forecast_demand - WARNING - Could not save forecast history for item OS-0006: Failed to save forecast history: (psycopg2.errors.NotNullViolation) el valor nulo en la columna «warehouse_id» de la relación «item_forecast» viola la restricción de no nulo
DETAIL:  La fila que falla contiene (101, 6, 2025-05-11 22:45:37.216121, 5, 2025, 3.127099902962481, 80, 0, E3_ENHANCED_AVS, f, null, null, null, null, Generated by forecast_demand.py, using 12 periods of history, null, null).

[SQL: INSERT INTO item_forecast (item_id, forecast_date, period_number, period_year, forecast_value, madp, track, forecast_method, seasonality_applied, seasonal_profile_id, actual_value, error, error_pct, notes, created_by) VALUES (%(item_id)s, %(forecast_date)s, %(period_number)s, %(period_year)s, %(forecast_value)s, %(madp)s, %(track)s, %(forecast_method)s, %(seasonality_applied)s, %(seasonal_profile_id)s, %(actual_value)s, %(error)s, %(error_pct)s, %(notes)s, %(created_by)s) RETURNING item_forecast.id]
[parameters: {'item_id': 6, 'forecast_date': datetime.datetime(2025, 5, 11, 22, 45, 37, 216121), 'period_number': 5, 'period_year': 2025, 'forecast_value': 3.127099902962481, 'madp': 80.0, 'track': 0.0, 'forecast_method': 'E3_ENHANCED_AVS', 'seasonality_applied': False, 'seasonal_profile_id': None, 'actual_value': None, 'error': None, 'error_pct': None, 'notes': 'Generated by forecast_demand.py, using 12 periods of history', 'created_by': None}]
(Background on this error at: https://sqlalche.me/e/20/gkpj)
2025-05-11 22:45:37,227 - forecast_demand - WARNING - Could not save forecast history for item TC-0007: Failed to save forecast history: (psycopg2.errors.NotNullViolation) el valor nulo en la columna «warehouse_id» de la relación «item_forecast» viola la restricción de no nulo
DETAIL:  La fila que falla contiene (102, 27, 2025-05-11 22:45:37.223122, 5, 2025, 3.5626703338676577, 9.879666808425561, 8.411259394465288e-14, E3_ENHANCED_AVS, f, null, null, null, null, Generated by forecast_demand.py, using 12 periods of history, null, null).

[SQL: INSERT INTO item_forecast (item_id, forecast_date, period_number, period_year, forecast_value, madp, track, forecast_method, seasonality_applied, seasonal_profile_id, actual_value, error, error_pct, notes, created_by) VALUES (%(item_id)s, %(forecast_date)s, %(period_number)s, %(period_year)s, %(forecast_value)s, %(madp)s, %(track)s, %(forecast_method)s, %(seasonality_applied)s, %(seasonal_profile_id)s, %(actual_value)s, %(error)s, %(error_pct)s, %(notes)s, %(created_by)s) RETURNING item_forecast.id]
[parameters: {'item_id': 27, 'forecast_date': datetime.datetime(2025, 5, 11, 22, 45, 37, 223122), 'period_number': 5, 'period_year': 2025, 'forecast_value': 3.5626703338676577, 'madp': 9.879666808425561, 'track': 8.411259394465288e-14, 'forecast_method': 'E3_ENHANCED_AVS', 'seasonality_applied': False, 'seasonal_profile_id': None, 'actual_value': None, 'error': None, 'error_pct': None, 'notes': 'Generated by forecast_demand.py, using 12 periods of history', 'created_by': None}]
(Background on this error at: https://sqlalche.me/e/20/gkpj)
2025-05-11 22:45:37,233 - forecast_demand - WARNING - Could not save forecast history for item OS-0004: Failed to save forecast history: (psycopg2.errors.NotNullViolation) el valor nulo en la columna «warehouse_id» de la relación «item_forecast» viola la restricción de no nulo
DETAIL:  La fila que falla contiene (103, 4, 2025-05-11 22:45:37.231126, 5, 2025, 52.457326665552124, 15.388348035262414, 2.9340721877862926e-14, E3_ENHANCED_AVS, f, null, null, null, null, Generated by forecast_demand.py, using 12 periods of history, null, null).

[SQL: INSERT INTO item_forecast (item_id, forecast_date, period_number, period_year, forecast_value, madp, track, forecast_method, seasonality_applied, seasonal_profile_id, actual_value, error, error_pct, notes, created_by) VALUES (%(item_id)s, %(forecast_date)s, %(period_number)s, %(period_year)s, %(forecast_value)s, %(madp)s, %(track)s, %(forecast_method)s, %(seasonality_applied)s, %(seasonal_profile_id)s, %(actual_value)s, %(error)s, %(error_pct)s, %(notes)s, %(created_by)s) RETURNING item_forecast.id]
[parameters: {'item_id': 4, 'forecast_date': datetime.datetime(2025, 5, 11, 22, 45, 37, 231126), 'period_number': 5, 'period_year': 2025, 'forecast_value': 52.457326665552124, 'madp': 15.388348035262414, 'track': 2.9340721877862926e-14, 'forecast_method': 'E3_ENHANCED_AVS', 'seasonality_applied': False, 'seasonal_profile_id': None, 'actual_value': None, 'error': None, 'error_pct': None, 'notes': 'Generated by forecast_demand.py, using 12 periods of history', 'created_by': None}]
(Background on this error at: https://sqlalche.me/e/20/gkpj)
2025-05-11 22:45:37,238 - forecast_demand - WARNING - Could not save forecast history for item OS-0003: Failed to save forecast history: (psycopg2.errors.NotNullViolation) el valor nulo en la columna «warehouse_id» de la relación «item_forecast» viola la restricción de no nulo
DETAIL:  La fila que falla contiene (104, 3, 2025-05-11 22:45:37.236126, 5, 2025, 305.3363527869148, 5.604374587020457, 0, E3_ENHANCED_AVS, f, null, null, null, null, Generated by forecast_demand.py, using 12 periods of history, null, null).

[SQL: INSERT INTO item_forecast (item_id, forecast_date, period_number, period_year, forecast_value, madp, track, forecast_method, seasonality_applied, seasonal_profile_id, actual_value, error, error_pct, notes, created_by) VALUES (%(item_id)s, %(forecast_date)s, %(period_number)s, %(period_year)s, %(forecast_value)s, %(madp)s, %(track)s, %(forecast_method)s, %(seasonality_applied)s, %(seasonal_profile_id)s, %(actual_value)s, %(error)s, %(error_pct)s, %(notes)s, %(created_by)s) RETURNING item_forecast.id]
[parameters: {'item_id': 3, 'forecast_date': datetime.datetime(2025, 5, 11, 22, 45, 37, 236126), 'period_number': 5, 'period_year': 2025, 'forecast_value': 305.3363527869148, 'madp': 5.604374587020457, 'track': 0.0, 'forecast_method': 'E3_ENHANCED_AVS', 'seasonality_applied': False, 'seasonal_profile_id': None, 'actual_value': None, 'error': None, 'error_pct': None, 'notes': 'Generated by forecast_demand.py, using 12 periods of history', 'created_by': None}]
(Background on this error at: https://sqlalche.me/e/20/gkpj)
2025-05-11 22:45:37,243 - forecast_demand - WARNING - Could not save forecast history for item EL-0009: Failed to save forecast history: (psycopg2.errors.NotNullViolation) el valor nulo en la columna «warehouse_id» de la relación «item_forecast» viola la restricción de no nulo
DETAIL:  La fila que falla contiene (105, 19, 2025-05-11 22:45:37.242302, 5, 2025, 1.3494483629001037, 50.000000000000014, 8.227236070294476e-15, E3_ENHANCED_AVS, f, null, null, null, null, Generated by forecast_demand.py, using 12 periods of history, null, null).

[SQL: INSERT INTO item_forecast (item_id, forecast_date, period_number, period_year, forecast_value, madp, track, forecast_method, seasonality_applied, seasonal_profile_id, actual_value, error, error_pct, notes, created_by) VALUES (%(item_id)s, %(forecast_date)s, %(period_number)s, %(period_year)s, %(forecast_value)s, %(madp)s, %(track)s, %(forecast_method)s, %(seasonality_applied)s, %(seasonal_profile_id)s, %(actual_value)s, %(error)s, %(error_pct)s, %(notes)s, %(created_by)s) RETURNING item_forecast.id]
[parameters: {'item_id': 19, 'forecast_date': datetime.datetime(2025, 5, 11, 22, 45, 37, 242302), 'period_number': 5, 'period_year': 2025, 'forecast_value': 1.3494483629001037, 'madp': 50.000000000000014, 'track': 8.227236070294476e-15, 'forecast_method': 'E3_ENHANCED_AVS', 'seasonality_applied': False, 'seasonal_profile_id': None, 'actual_value': None, 'error': None, 'error_pct': None, 'notes': 'Generated by forecast_demand.py, using 12 periods of history', 'created_by': None}]
(Background on this error at: https://sqlalche.me/e/20/gkpj)
2025-05-11 22:45:37,249 - forecast_demand - WARNING - Could not save forecast history for item EL-0010: Failed to save forecast history: (psycopg2.errors.NotNullViolation) el valor nulo en la columna «warehouse_id» de la relación «item_forecast» viola la restricción de no nulo
DETAIL:  La fila que falla contiene (106, 20, 2025-05-11 22:45:37.247312, 5, 2025, 1.0678425145575976, 80, 0, E3_ENHANCED_AVS, f, null, null, null, null, Generated by forecast_demand.py, using 12 periods of history, null, null).

[SQL: INSERT INTO item_forecast (item_id, forecast_date, period_number, period_year, forecast_value, madp, track, forecast_method, seasonality_applied, seasonal_profile_id, actual_value, error, error_pct, notes, created_by) VALUES (%(item_id)s, %(forecast_date)s, %(period_number)s, %(period_year)s, %(forecast_value)s, %(madp)s, %(track)s, %(forecast_method)s, %(seasonality_applied)s, %(seasonal_profile_id)s, %(actual_value)s, %(error)s, %(error_pct)s, %(notes)s, %(created_by)s) RETURNING item_forecast.id]
[parameters: {'item_id': 20, 'forecast_date': datetime.datetime(2025, 5, 11, 22, 45, 37, 247312), 'period_number': 5, 'period_year': 2025, 'forecast_value': 1.0678425145575976, 'madp': 80.0, 'track': 0.0, 'forecast_method': 'E3_ENHANCED_AVS', 'seasonality_applied': False, 'seasonal_profile_id': None, 'actual_value': None, 'error': None, 'error_pct': None, 'notes': 'Generated by forecast_demand.py, using 12 periods of history', 'created_by': None}]
(Background on this error at: https://sqlalche.me/e/20/gkpj)
2025-05-11 22:45:37,255 - forecast_demand - WARNING - Could not save forecast history for item TC-0009: Failed to save forecast history: (psycopg2.errors.NotNullViolation) el valor nulo en la columna «warehouse_id» de la relación «item_forecast» viola la restricción de no nulo
DETAIL:  La fila que falla contiene (107, 29, 2025-05-11 22:45:37.252567, 5, 2025, 1.6468351660349265, 10.627111231844298, 0, E3_ENHANCED_AVS, f, null, null, null, null, Generated by forecast_demand.py, using 12 periods of history, null, null).

[SQL: INSERT INTO item_forecast (item_id, forecast_date, period_number, period_year, forecast_value, madp, track, forecast_method, seasonality_applied, seasonal_profile_id, actual_value, error, error_pct, notes, created_by) VALUES (%(item_id)s, %(forecast_date)s, %(period_number)s, %(period_year)s, %(forecast_value)s, %(madp)s, %(track)s, %(forecast_method)s, %(seasonality_applied)s, %(seasonal_profile_id)s, %(actual_value)s, %(error)s, %(error_pct)s, %(notes)s, %(created_by)s) RETURNING item_forecast.id]
[parameters: {'item_id': 29, 'forecast_date': datetime.datetime(2025, 5, 11, 22, 45, 37, 252567), 'period_number': 5, 'period_year': 2025, 'forecast_value': 1.6468351660349265, 'madp': 10.627111231844298, 'track': 0.0, 'forecast_method': 'E3_ENHANCED_AVS', 'seasonality_applied': False, 'seasonal_profile_id': None, 'actual_value': None, 'error': None, 'error_pct': None, 'notes': 'Generated by forecast_demand.py, using 12 periods of history', 'created_by': None}]
(Background on this error at: https://sqlalche.me/e/20/gkpj)
2025-05-11 22:45:37,261 - forecast_demand - WARNING - Could not save forecast history for item TC-0008: Failed to save forecast history: (psycopg2.errors.NotNullViolation) el valor nulo en la columna «warehouse_id» de la relación «item_forecast» viola la restricción de no nulo
DETAIL:  La fila que falla contiene (108, 28, 2025-05-11 22:45:37.259157, 5, 2025, 1.688103847013152, 10.61539214762436, 8.26064130532926e-14, E3_ENHANCED_AVS, f, null, null, null, null, Generated by forecast_demand.py, using 12 periods of history, null, null).

[SQL: INSERT INTO item_forecast (item_id, forecast_date, period_number, period_year, forecast_value, madp, track, forecast_method, seasonality_applied, seasonal_profile_id, actual_value, error, error_pct, notes, created_by) VALUES (%(item_id)s, %(forecast_date)s, %(period_number)s, %(period_year)s, %(forecast_value)s, %(madp)s, %(track)s, %(forecast_method)s, %(seasonality_applied)s, %(seasonal_profile_id)s, %(actual_value)s, %(error)s, %(error_pct)s, %(notes)s, %(created_by)s) RETURNING item_forecast.id]
[parameters: {'item_id': 28, 'forecast_date': datetime.datetime(2025, 5, 11, 22, 45, 37, 259157), 'period_number': 5, 'period_year': 2025, 'forecast_value': 1.688103847013152, 'madp': 10.61539214762436, 'track': 8.26064130532926e-14, 'forecast_method': 'E3_ENHANCED_AVS', 'seasonality_applied': False, 'seasonal_profile_id': None, 'actual_value': None, 'error': None, 'error_pct': None, 'notes': 'Generated by forecast_demand.py, using 12 periods of history', 'created_by': None}]
(Background on this error at: https://sqlalche.me/e/20/gkpj)
2025-05-11 22:45:37,266 - forecast_demand - WARNING - Could not save forecast history for item TC-0010: Failed to save forecast history: (psycopg2.errors.NotNullViolation) el valor nulo en la columna «warehouse_id» de la relación «item_forecast» viola la restricción de no nulo
DETAIL:  La fila que falla contiene (109, 30, 2025-05-11 22:45:37.264157, 5, 2025, 1.5521777677838078, 80, 7.152679594234415e-15, E3_ENHANCED_AVS, f, null, null, null, null, Generated by forecast_demand.py, using 12 periods of history, null, null).

[SQL: INSERT INTO item_forecast (item_id, forecast_date, period_number, period_year, forecast_value, madp, track, forecast_method, seasonality_applied, seasonal_profile_id, actual_value, error, error_pct, notes, created_by) VALUES (%(item_id)s, %(forecast_date)s, %(period_number)s, %(period_year)s, %(forecast_value)s, %(madp)s, %(track)s, %(forecast_method)s, %(seasonality_applied)s, %(seasonal_profile_id)s, %(actual_value)s, %(error)s, %(error_pct)s, %(notes)s, %(created_by)s) RETURNING item_forecast.id]
[parameters: {'item_id': 30, 'forecast_date': datetime.datetime(2025, 5, 11, 22, 45, 37, 264157), 'period_number': 5, 'period_year': 2025, 'forecast_value': 1.5521777677838078, 'madp': 80.0, 'track': 7.152679594234415e-15, 'forecast_method': 'E3_ENHANCED_AVS', 'seasonality_applied': False, 'seasonal_profile_id': None, 'actual_value': None, 'error': None, 'error_pct': None, 'notes': 'Generated by forecast_demand.py, using 12 periods of history', 'created_by': None}]
(Background on this error at: https://sqlalche.me/e/20/gkpj)
2025-05-11 22:45:37,271 - forecast_demand - WARNING - Could not save forecast history for item TC-0005: Failed to save forecast history: (psycopg2.errors.NotNullViolation) el valor nulo en la columna «warehouse_id» de la relación «item_forecast» viola la restricción de no nulo
DETAIL:  La fila que falla contiene (110, 25, 2025-05-11 22:45:37.269158, 5, 2025, 2.503289065044805, 7.936951717718174, 7.450479528436504e-14, E3_ENHANCED_AVS, f, null, null, null, null, Generated by forecast_demand.py, using 12 periods of history, null, null).

[SQL: INSERT INTO item_forecast (item_id, forecast_date, period_number, period_year, forecast_value, madp, track, forecast_method, seasonality_applied, seasonal_profile_id, actual_value, error, error_pct, notes, created_by) VALUES (%(item_id)s, %(forecast_date)s, %(period_number)s, %(period_year)s, %(forecast_value)s, %(madp)s, %(track)s, %(forecast_method)s, %(seasonality_applied)s, %(seasonal_profile_id)s, %(actual_value)s, %(error)s, %(error_pct)s, %(notes)s, %(created_by)s) RETURNING item_forecast.id]
[parameters: {'item_id': 25, 'forecast_date': datetime.datetime(2025, 5, 11, 22, 45, 37, 269158), 'period_number': 5, 'period_year': 2025, 'forecast_value': 2.503289065044805, 'madp': 7.936951717718174, 'track': 7.450479528436504e-14, 'forecast_method': 'E3_ENHANCED_AVS', 'seasonality_applied': False, 'seasonal_profile_id': None, 'actual_value': None, 'error': None, 'error_pct': None, 'notes': 'Generated by forecast_demand.py, using 12 periods of history', 'created_by': None}]
(Background on this error at: https://sqlalche.me/e/20/gkpj)
2025-05-11 22:45:37,272 - forecast_demand - INFO - Updated forecasts for 30 items
2025-05-11 22:45:37,272 - forecast_demand - INFO - Forecast generation completed: 30 processed, 0 errors
2025-05-11 22:46:43,951 - forecast_demand - INFO - Starting demand forecasting...
2025-05-11 22:46:43,952 - forecast_demand - INFO - Parameters: warehouse_id=1, vendor_id=None, buyer_id=None, item_id=None, periods=12, update=True, recalculate_madp=True, include_inactive=False, dry_run=False
2025-05-11 22:46:44,069 - forecast_demand - INFO - Found 30 items to forecast
2025-05-11 22:46:44,237 - forecast_demand - INFO - Updated forecasts for 30 items
2025-05-11 22:46:44,237 - forecast_demand - INFO - Forecast generation completed: 30 processed, 0 errors
2025-05-11 22:49:52,825 - forecast_demand - INFO - Starting demand forecasting...
2025-05-11 22:49:52,826 - forecast_demand - INFO - Parameters: warehouse_id=1, vendor_id=None, buyer_id=None, item_id=None, periods=12, update=True, recalculate_madp=True, include_inactive=False, dry_run=False
2025-05-11 22:49:52,937 - forecast_demand - INFO - Found 30 items to forecast
2025-05-11 22:49:53,056 - forecast_demand - INFO - Updated forecasts for 30 items
2025-05-11 22:49:53,057 - forecast_demand - INFO - Forecast generation completed: 30 processed, 0 errors
2025-05-11 22:50:14,576 - forecast_demand - INFO - Starting demand forecasting...
2025-05-11 22:50:14,577 - forecast_demand - INFO - Parameters: warehouse_id=1, vendor_id=None, buyer_id=None, item_id=None, periods=12, update=True, recalculate_madp=True, include_inactive=False, dry_run=False
2025-05-11 22:50:14,697 - forecast_demand - INFO - Found 30 items to forecast
2025-05-11 22:50:14,853 - forecast_demand - INFO - Updated forecasts for 30 items
2025-05-11 22:50:14,853 - forecast_demand - INFO - Forecast generation completed: 30 processed, 0 errors
2025-05-11 22:51:39,124 - forecast_demand - INFO - Starting demand forecasting...
2025-05-11 22:51:39,126 - forecast_demand - INFO - Parameters: warehouse_id=1, vendor_id=None, buyer_id=None, item_id=None, periods=12, update=True, recalculate_madp=True, include_inactive=False, dry_run=False
2025-05-11 22:51:39,258 - forecast_demand - INFO - Found 30 items to forecast
2025-05-11 22:51:39,435 - forecast_demand - INFO - Updated forecasts for 30 items
2025-05-11 22:51:39,435 - forecast_demand - INFO - Forecast generation completed: 30 processed, 0 errors
2025-05-11 23:03:19,967 - forecast_demand - INFO - Starting demand forecasting...
2025-05-11 23:03:19,968 - forecast_demand - INFO - Parameters: warehouse_id=1, vendor_id=None, buyer_id=None, item_id=None, periods=12, update=True, recalculate_madp=True, include_inactive=False, dry_run=False
2025-05-11 23:03:20,102 - forecast_demand - INFO - Found 30 items to forecast
2025-05-11 23:03:20,238 - forecast_demand - INFO - Updated forecasts for 30 items
2025-05-11 23:03:20,238 - forecast_demand - INFO - Forecast generation completed: 30 processed, 0 errors
2025-05-12 11:45:10,239 - forecast_demand - INFO - Starting demand forecasting...
2025-05-12 11:45:10,241 - forecast_demand - INFO - Parameters: warehouse_id=1, vendor_id=None, buyer_id=None, item_id=None, periods=12, update=True, recalculate_madp=True, include_inactive=False, dry_run=False
2025-05-12 11:45:10,371 - forecast_demand - ERROR - Error generating forecasts: (psycopg2.OperationalError) 
(Background on this error at: https://sqlalche.me/e/20/e3q8)
2025-05-12 11:45:10,372 - forecast_demand - ERROR - (psycopg2.OperationalError) 
(Background on this error at: https://sqlalche.me/e/20/e3q8)
Traceback (most recent call last):
  File "C:\Python310\lib\site-packages\sqlalchemy\engine\base.py", line 145, in __init__
    self._dbapi_connection = engine.raw_connection()
  File "C:\Python310\lib\site-packages\sqlalchemy\engine\base.py", line 3288, in raw_connection
    return self.pool.connect()
  File "C:\Python310\lib\site-packages\sqlalchemy\pool\base.py", line 452, in connect
    return _ConnectionFairy._checkout(self)
  File "C:\Python310\lib\site-packages\sqlalchemy\pool\base.py", line 1267, in _checkout
    fairy = _ConnectionRecord.checkout(pool)
  File "C:\Python310\lib\site-packages\sqlalchemy\pool\base.py", line 716, in checkout
    rec = pool._do_get()
  File "C:\Python310\lib\site-packages\sqlalchemy\pool\impl.py", line 169, in _do_get
    with util.safe_reraise():
  File "C:\Python310\lib\site-packages\sqlalchemy\util\langhelpers.py", line 147, in __exit__
    raise exc_value.with_traceback(exc_tb)
  File "C:\Python310\lib\site-packages\sqlalchemy\pool\impl.py", line 167, in _do_get
    return self._create_connection()
  File "C:\Python310\lib\site-packages\sqlalchemy\pool\base.py", line 393, in _create_connection
    return _ConnectionRecord(self)
  File "C:\Python310\lib\site-packages\sqlalchemy\pool\base.py", line 678, in __init__
    self.__connect()
  File "C:\Python310\lib\site-packages\sqlalchemy\pool\base.py", line 902, in __connect
    with util.safe_reraise():
  File "C:\Python310\lib\site-packages\sqlalchemy\util\langhelpers.py", line 147, in __exit__
    raise exc_value.with_traceback(exc_tb)
  File "C:\Python310\lib\site-packages\sqlalchemy\pool\base.py", line 898, in __connect
    self.dbapi_connection = connection = pool._invoke_creator(self)
  File "C:\Python310\lib\site-packages\sqlalchemy\engine\create.py", line 637, in connect
    return dialect.connect(*cargs, **cparams)
  File "C:\Python310\lib\site-packages\sqlalchemy\engine\default.py", line 615, in connect
    return self.loaded_dbapi.connect(*cargs, **cparams)
  File "C:\Python310\lib\site-packages\psycopg2\__init__.py", line 122, in connect
    conn = _connect(dsn, connection_factory=connection_factory, **kwasync)
psycopg2.OperationalError

The above exception was the direct cause of the following exception:

Traceback (most recent call last):
  File "D:\Personal\Code\AWR\warehouse_replenishment\forecast_demand.py", line 131, in run_forecast
    items = query.all()
  File "C:\Python310\lib\site-packages\sqlalchemy\orm\query.py", line 2688, in all
    return self._iter().all()  # type: ignore
  File "C:\Python310\lib\site-packages\sqlalchemy\orm\query.py", line 2842, in _iter
    result: Union[ScalarResult[_T], Result[_T]] = self.session.execute(
  File "C:\Python310\lib\site-packages\sqlalchemy\orm\session.py", line 2262, in execute
    return self._execute_internal(
  File "C:\Python310\lib\site-packages\sqlalchemy\orm\session.py", line 2134, in _execute_internal
    conn = self._connection_for_bind(bind)
  File "C:\Python310\lib\site-packages\sqlalchemy\orm\session.py", line 2001, in _connection_for_bind
    return trans._connection_for_bind(engine, execution_options)
  File "<string>", line 2, in _connection_for_bind
  File "C:\Python310\lib\site-packages\sqlalchemy\orm\state_changes.py", line 139, in _go
    ret_value = fn(self, *arg, **kw)
  File "C:\Python310\lib\site-packages\sqlalchemy\orm\session.py", line 1126, in _connection_for_bind
    conn = bind.connect()
  File "C:\Python310\lib\site-packages\sqlalchemy\engine\base.py", line 3264, in connect
    return self._connection_cls(self)
  File "C:\Python310\lib\site-packages\sqlalchemy\engine\base.py", line 147, in __init__
    Connection._handle_dbapi_exception_noconnection(
  File "C:\Python310\lib\site-packages\sqlalchemy\engine\base.py", line 2426, in _handle_dbapi_exception_noconnection
    raise sqlalchemy_exception.with_traceback(exc_info[2]) from e
  File "C:\Python310\lib\site-packages\sqlalchemy\engine\base.py", line 145, in __init__
    self._dbapi_connection = engine.raw_connection()
  File "C:\Python310\lib\site-packages\sqlalchemy\engine\base.py", line 3288, in raw_connection
    return self.pool.connect()
  File "C:\Python310\lib\site-packages\sqlalchemy\pool\base.py", line 452, in connect
    return _ConnectionFairy._checkout(self)
  File "C:\Python310\lib\site-packages\sqlalchemy\pool\base.py", line 1267, in _checkout
    fairy = _ConnectionRecord.checkout(pool)
  File "C:\Python310\lib\site-packages\sqlalchemy\pool\base.py", line 716, in checkout
    rec = pool._do_get()
  File "C:\Python310\lib\site-packages\sqlalchemy\pool\impl.py", line 169, in _do_get
    with util.safe_reraise():
  File "C:\Python310\lib\site-packages\sqlalchemy\util\langhelpers.py", line 147, in __exit__
    raise exc_value.with_traceback(exc_tb)
  File "C:\Python310\lib\site-packages\sqlalchemy\pool\impl.py", line 167, in _do_get
    return self._create_connection()
  File "C:\Python310\lib\site-packages\sqlalchemy\pool\base.py", line 393, in _create_connection
    return _ConnectionRecord(self)
  File "C:\Python310\lib\site-packages\sqlalchemy\pool\base.py", line 678, in __init__
    self.__connect()
  File "C:\Python310\lib\site-packages\sqlalchemy\pool\base.py", line 902, in __connect
    with util.safe_reraise():
  File "C:\Python310\lib\site-packages\sqlalchemy\util\langhelpers.py", line 147, in __exit__
    raise exc_value.with_traceback(exc_tb)
  File "C:\Python310\lib\site-packages\sqlalchemy\pool\base.py", line 898, in __connect
    self.dbapi_connection = connection = pool._invoke_creator(self)
  File "C:\Python310\lib\site-packages\sqlalchemy\engine\create.py", line 637, in connect
    return dialect.connect(*cargs, **cparams)
  File "C:\Python310\lib\site-packages\sqlalchemy\engine\default.py", line 615, in connect
    return self.loaded_dbapi.connect(*cargs, **cparams)
  File "C:\Python310\lib\site-packages\psycopg2\__init__.py", line 122, in connect
    conn = _connect(dsn, connection_factory=connection_factory, **kwasync)
sqlalchemy.exc.OperationalError: (psycopg2.OperationalError) 
(Background on this error at: https://sqlalche.me/e/20/e3q8)
2025-05-12 11:45:35,662 - forecast_demand - INFO - Starting demand forecasting...
2025-05-12 11:45:35,662 - forecast_demand - INFO - Parameters: warehouse_id=1, vendor_id=None, buyer_id=None, item_id=None, periods=12, update=True, recalculate_madp=True, include_inactive=False, dry_run=False
2025-05-12 11:45:35,852 - forecast_demand - INFO - Found 30 items to forecast
2025-05-12 11:45:36,036 - forecast_demand - INFO - Updated forecasts for 30 items
2025-05-12 11:45:36,038 - forecast_demand - INFO - Forecast generation completed: 30 processed, 0 errors
