%(asctime)s - %(name)s - %(levelname)s - %(message)s
%(asctime)s - %(name)s - %(levelname)s - %(message)s
%(asctime)s - %(name)s - %(levelname)s - %(message)s
%(asctime)s - %(name)s - %(levelname)s - %(message)s
%(asctime)s - %(name)s - %(levelname)s - %(message)s
%(asctime)s - %(name)s - %(levelname)s - %(message)s
%(asctime)s - %(name)s - %(levelname)s - %(message)s
%(asctime)s - %(name)s - %(levelname)s - %(message)s
%(asctime)s - %(name)s - %(levelname)s - %(message)s
%(asctime)s - %(name)s - %(levelname)s - %(message)s
%(asctime)s - %(name)s - %(levelname)s - %(message)s
%(asctime)s - %(name)s - %(levelname)s - %(message)s
%(asctime)s - %(name)s - %(levelname)s - %(message)s
%(asctime)s - %(name)s - %(levelname)s - %(message)s
%(asctime)s - %(name)s - %(levelname)s - %(message)s
%(asctime)s - %(name)s - %(levelname)s - %(message)s
%(asctime)s - %(name)s - %(levelname)s - %(message)s
%(asctime)s - %(name)s - %(levelname)s - %(message)s
%(asctime)s - %(name)s - %(levelname)s - %(message)s
%(asctime)s - %(name)s - %(levelname)s - %(message)s
%(asctime)s - %(name)s - %(levelname)s - %(message)s
%(asctime)s - %(name)s - %(levelname)s - %(message)s
%(asctime)s - %(name)s - %(levelname)s - %(message)s
%(asctime)s - %(name)s - %(levelname)s - %(message)s
%(asctime)s - %(name)s - %(levelname)s - %(message)s
%(asctime)s - %(name)s - %(levelname)s - %(message)s
%(asctime)s - %(name)s - %(levelname)s - %(message)s
%(asctime)s - %(name)s - %(levelname)s - %(message)s
%(asctime)s - %(name)s - %(levelname)s - %(message)s
%(asctime)s - %(name)s - %(levelname)s - %(message)s
%(asctime)s - %(name)s - %(levelname)s - %(message)s
%(asctime)s - %(name)s - %(levelname)s - %(message)s
%(asctime)s - %(name)s - %(levelname)s - %(message)s
%(asctime)s - %(name)s - %(levelname)s - %(message)s
%(asctime)s - %(name)s - %(levelname)s - %(message)s
%(asctime)s - %(name)s - %(levelname)s - %(message)s
%(asctime)s - %(name)s - %(levelname)s - %(message)s
%(asctime)s - %(name)s - %(levelname)s - %(message)s
%(asctime)s - %(name)s - %(levelname)s - %(message)s
%(asctime)s - %(name)s - %(levelname)s - %(message)s
%(asctime)s - %(name)s - %(levelname)s - %(message)s
%(asctime)s - %(name)s - %(levelname)s - %(message)s
%(asctime)s - %(name)s - %(levelname)s - %(message)s
%(asctime)s - %(name)s - %(levelname)s - %(message)s
%(asctime)s - %(name)s - %(levelname)s - %(message)s
%(asctime)s - %(name)s - %(levelname)s - %(message)s
%(asctime)s - %(name)s - %(levelname)s - %(message)s
%(asctime)s - %(name)s - %(levelname)s - %(message)s
%(asctime)s - %(name)s - %(levelname)s - %(message)s
%(asctime)s - %(name)s - %(levelname)s - %(message)s
%(asctime)s - %(name)s - %(levelname)s - %(message)s
%(asctime)s - %(name)s - %(levelname)s - %(message)s
%(asctime)s - %(name)s - %(levelname)s - %(message)s
%(asctime)s - %(name)s - %(levelname)s - %(message)s
%(asctime)s - %(name)s - %(levelname)s - %(message)s
%(asctime)s - %(name)s - %(levelname)s - %(message)s
%(asctime)s - %(name)s - %(levelname)s - %(message)s
%(asctime)s - %(name)s - %(levelname)s - %(message)s
%(asctime)s - %(name)s - %(levelname)s - %(message)s
%(asctime)s - %(name)s - %(levelname)s - %(message)s
%(asctime)s - %(name)s - %(levelname)s - %(message)s
%(asctime)s - %(name)s - %(levelname)s - %(message)s
%(asctime)s - %(name)s - %(levelname)s - %(message)s
%(asctime)s - %(name)s - %(levelname)s - %(message)s
%(asctime)s - %(name)s - %(levelname)s - %(message)s
%(asctime)s - %(name)s - %(levelname)s - %(message)s
%(asctime)s - %(name)s - %(levelname)s - %(message)s
%(asctime)s - %(name)s - %(levelname)s - %(message)s
%(asctime)s - %(name)s - %(levelname)s - %(message)s
%(asctime)s - %(name)s - %(levelname)s - %(message)s
%(asctime)s - %(name)s - %(levelname)s - %(message)s
%(asctime)s - %(name)s - %(levelname)s - %(message)s
%(asctime)s - %(name)s - %(levelname)s - %(message)s
2025-04-30 12:47:38,453 - nightly_job - INFO - Updating stock status for warehouse_id=None
2025-04-30 12:47:38,553 - nightly_job - INFO - Calculating lost sales for warehouse_id=None
2025-04-30 12:47:38,603 - nightly_job - INFO - Updating safety stock for warehouse_id=None
2025-04-30 12:47:38,612 - nightly_job - INFO - Processing time-based parameters
2025-04-30 12:47:38,616 - nightly_job - INFO - Expiring outdated deals
2025-04-30 12:47:38,617 - nightly_job - INFO - Generating orders for warehouse_id=None
2025-04-30 12:47:38,632 - nightly_job - INFO - Purging accepted orders
2025-04-30 12:50:00,626 - nightly_job - INFO - Updating stock status for warehouse_id=None
2025-04-30 12:50:00,739 - nightly_job - INFO - Calculating lost sales for warehouse_id=None
2025-04-30 12:50:46,524 - nightly_job - INFO - Updating stock status for warehouse_id=None
2025-04-30 12:50:46,636 - nightly_job - INFO - Calculating lost sales for warehouse_id=None
2025-04-30 12:50:46,697 - nightly_job - INFO - Updating safety stock for warehouse_id=None
2025-04-30 12:50:46,709 - nightly_job - INFO - Processing time-based parameters
2025-04-30 12:50:46,714 - nightly_job - INFO - Expiring outdated deals
2025-04-30 12:50:46,715 - nightly_job - INFO - Generating orders for warehouse_id=None
2025-04-30 12:50:46,730 - nightly_job - INFO - Purging accepted orders
2025-04-30 14:12:49,971 - nightly_job - INFO - Updating stock status for warehouse_id=None
2025-04-30 14:12:50,121 - nightly_job - INFO - Calculating lost sales for warehouse_id=None
2025-04-30 14:12:50,176 - nightly_job - INFO - Updating safety stock for warehouse_id=None
2025-04-30 14:12:50,184 - nightly_job - INFO - Processing time-based parameters
2025-04-30 14:12:50,189 - nightly_job - INFO - Expiring outdated deals
2025-04-30 14:12:50,190 - nightly_job - INFO - Generating orders for warehouse_id=None
2025-04-30 14:12:50,204 - nightly_job - INFO - Purging accepted orders
2025-04-30 14:19:34,530 - nightly_job - INFO - Updating stock status for warehouse_id=None
2025-04-30 14:19:34,680 - nightly_job - INFO - Calculating lost sales for warehouse_id=None
2025-04-30 14:29:57,606 - nightly_job - INFO - Updating stock status for warehouse_id=None
2025-04-30 14:29:57,827 - nightly_job - INFO - Calculating lost sales for warehouse_id=None
2025-04-30 14:40:51,264 - nightly_job - INFO - Updating stock status for warehouse_id=None
2025-04-30 14:40:51,527 - nightly_job - INFO - Calculating lost sales for warehouse_id=None
2025-04-30 15:05:59,786 - nightly_job - INFO - Updating stock status for warehouse_id=None
2025-04-30 15:06:00,175 - nightly_job - INFO - Calculating lost sales for warehouse_id=None
2025-04-30 15:10:20,954 - nightly_job - INFO - Updating stock status for warehouse_id=None
2025-04-30 15:10:21,144 - nightly_job - INFO - Calculating lost sales for warehouse_id=None
2025-04-30 15:11:26,517 - nightly_job - INFO - Updating stock status for warehouse_id=None
2025-04-30 15:11:26,651 - nightly_job - INFO - Calculating lost sales for warehouse_id=None
2025-04-30 15:11:26,651 - nightly_job - INFO - entering item_service.
2025-04-30 15:11:26,651 - nightly_job - INFO - entering item_service.calculate_lost_sales
2025-04-30 15:42:48,900 - nightly_job - INFO - Updating stock status for warehouse_id=None
2025-04-30 15:42:49,548 - nightly_job - INFO - Calculating lost sales for warehouse_id=None
2025-04-30 15:42:49,549 - nightly_job - INFO - entering item_service.
2025-04-30 15:42:49,550 - nightly_job - INFO - entering item_service.calculate_lost_sales
2025-04-30 15:45:15,039 - nightly_job - INFO - Updating stock status for warehouse_id=None
2025-04-30 15:45:15,257 - nightly_job - INFO - Calculating lost sales for warehouse_id=None
2025-04-30 15:45:15,257 - nightly_job - INFO - entering item_service.
2025-04-30 15:45:15,257 - nightly_job - INFO - entering item_service.calculate_lost_sales
2025-04-30 15:57:56,292 - nightly_job - INFO - Updating stock status for warehouse_id=None
2025-04-30 15:57:56,609 - nightly_job - INFO - Calculating lost sales for warehouse_id=None
2025-04-30 15:57:56,610 - nightly_job - INFO - entering item_service.
2025-04-30 15:57:56,610 - nightly_job - INFO - entering item_service.calculate_lost_sales
2025-04-30 16:52:28,305 - nightly_job - INFO - Updating stock status for warehouse_id=None
2025-04-30 16:52:28,512 - nightly_job - INFO - Calculating lost sales for warehouse_id=None
2025-04-30 16:52:28,512 - nightly_job - INFO - entering item_service.
2025-04-30 16:52:28,513 - nightly_job - INFO - entering item_service.calculate_lost_sales
2025-04-30 16:52:28,546 - nightly_job - INFO - Updating safety stock for warehouse_id=None
2025-04-30 16:52:28,560 - nightly_job - INFO - Processing time-based parameters
2025-04-30 16:52:28,574 - nightly_job - INFO - Expiring outdated deals
2025-04-30 16:52:28,574 - nightly_job - INFO - Generating orders for warehouse_id=None
2025-04-30 16:52:28,604 - nightly_job - INFO - Purging accepted orders
2025-04-30 18:07:04,150 - nightly_job - INFO - Updating stock status for warehouse_id=None
2025-04-30 18:07:04,296 - nightly_job - INFO - Calculating lost sales for warehouse_id=None
2025-04-30 18:07:04,296 - nightly_job - INFO - entering item_service.
2025-04-30 18:07:04,296 - nightly_job - INFO - entering item_service.calculate_lost_sales
2025-04-30 18:07:04,307 - nightly_job - INFO - Updating safety stock for warehouse_id=None
2025-04-30 18:07:04,313 - nightly_job - INFO - Processing time-based parameters
2025-04-30 18:07:04,325 - nightly_job - INFO - Expiring outdated deals
2025-04-30 18:07:04,326 - nightly_job - INFO - Generating orders for warehouse_id=None
2025-04-30 18:07:04,386 - nightly_job - INFO - Purging accepted orders
2025-04-30 18:08:31,665 - nightly_job - INFO - Updating stock status for warehouse_id=None
2025-04-30 18:08:31,763 - nightly_job - INFO - Calculating lost sales for warehouse_id=None
2025-04-30 18:08:31,763 - nightly_job - INFO - entering item_service.
2025-04-30 18:08:31,763 - nightly_job - INFO - entering item_service.calculate_lost_sales
2025-04-30 18:08:31,771 - nightly_job - INFO - Updating safety stock for warehouse_id=None
2025-04-30 18:08:31,777 - nightly_job - INFO - Processing time-based parameters
2025-04-30 18:08:31,781 - nightly_job - INFO - Expiring outdated deals
2025-04-30 18:08:31,781 - nightly_job - INFO - Generating orders for warehouse_id=None
2025-04-30 18:08:31,827 - nightly_job - INFO - Purging accepted orders
2025-04-30 18:28:47,432 - nightly_job - INFO - Updating stock status for warehouse_id=None
2025-04-30 18:28:47,566 - nightly_job - INFO - Calculating lost sales for warehouse_id=None
2025-04-30 18:28:47,566 - nightly_job - INFO - entering item_service.
2025-04-30 18:28:47,566 - nightly_job - INFO - entering item_service.calculate_lost_sales
2025-04-30 18:28:47,581 - nightly_job - INFO - Updating safety stock for warehouse_id=None
2025-04-30 18:28:47,602 - nightly_job - INFO - Processing time-based parameters
2025-04-30 18:28:47,610 - nightly_job - INFO - Expiring outdated deals
2025-04-30 18:28:47,610 - nightly_job - INFO - Generating orders for warehouse_id=None
2025-04-30 18:28:47,664 - nightly_job - INFO - Purging accepted orders
2025-04-30 18:37:14,705 - nightly_job - INFO - Updating stock status for warehouse_id=None
2025-04-30 18:37:14,802 - nightly_job - INFO - Calculating lost sales for warehouse_id=None
2025-04-30 18:37:14,802 - nightly_job - INFO - entering item_service.
2025-04-30 18:37:14,802 - nightly_job - INFO - entering item_service.calculate_lost_sales
2025-04-30 18:37:14,814 - nightly_job - INFO - Updating safety stock for warehouse_id=None
2025-04-30 18:37:14,829 - nightly_job - INFO - Processing time-based parameters
2025-04-30 18:37:14,832 - nightly_job - INFO - Expiring outdated deals
2025-04-30 18:37:14,832 - nightly_job - INFO - Generating orders for warehouse_id=None
2025-04-30 18:37:14,867 - nightly_job - INFO - Purging accepted orders
2025-04-30 18:37:44,667 - nightly_job - INFO - Updating stock status for warehouse_id=None
2025-04-30 18:37:44,764 - nightly_job - INFO - Calculating lost sales for warehouse_id=None
2025-04-30 18:37:44,764 - nightly_job - INFO - entering item_service.
2025-04-30 18:37:44,765 - nightly_job - INFO - entering item_service.calculate_lost_sales
2025-04-30 18:37:44,776 - nightly_job - INFO - Updating safety stock for warehouse_id=None
2025-04-30 18:37:44,789 - nightly_job - INFO - Processing time-based parameters
2025-04-30 18:37:44,793 - nightly_job - INFO - Expiring outdated deals
2025-04-30 18:37:44,793 - nightly_job - INFO - Generating orders for warehouse_id=None
2025-04-30 18:37:44,847 - nightly_job - INFO - Purging accepted orders
2025-04-30 18:39:43,520 - nightly_job - INFO - Updating stock status for warehouse_id=None
2025-04-30 18:39:43,615 - nightly_job - INFO - Calculating lost sales for warehouse_id=None
2025-04-30 18:39:43,616 - nightly_job - INFO - entering item_service.
2025-04-30 18:39:43,616 - nightly_job - INFO - entering item_service.calculate_lost_sales
2025-04-30 18:39:43,627 - nightly_job - INFO - Updating safety stock for warehouse_id=None
2025-04-30 18:39:43,644 - nightly_job - INFO - Processing time-based parameters
2025-04-30 18:39:43,647 - nightly_job - INFO - Expiring outdated deals
2025-04-30 18:39:43,648 - nightly_job - INFO - Generating orders for warehouse_id=None
2025-04-30 18:39:43,682 - nightly_job - INFO - Purging accepted orders
2025-04-30 18:41:22,489 - nightly_job - INFO - Updating stock status for warehouse_id=None
2025-04-30 18:41:22,586 - nightly_job - INFO - Calculating lost sales for warehouse_id=None
2025-04-30 18:41:22,586 - nightly_job - INFO - entering item_service.
2025-04-30 18:41:22,587 - nightly_job - INFO - entering item_service.calculate_lost_sales
2025-04-30 18:41:22,595 - nightly_job - INFO - Updating safety stock for warehouse_id=None
2025-04-30 18:41:22,612 - nightly_job - INFO - Processing time-based parameters
2025-04-30 18:41:22,615 - nightly_job - INFO - Expiring outdated deals
2025-04-30 18:41:22,615 - nightly_job - INFO - Generating orders for warehouse_id=None
2025-04-30 18:41:22,678 - nightly_job - INFO - Purging accepted orders
2025-04-30 18:42:48,653 - nightly_job - INFO - Updating stock status for warehouse_id=None
2025-04-30 18:42:48,761 - nightly_job - INFO - Calculating lost sales for warehouse_id=None
2025-04-30 18:42:48,761 - nightly_job - INFO - entering item_service.
2025-04-30 18:42:48,761 - nightly_job - INFO - entering item_service.calculate_lost_sales
2025-04-30 18:42:48,773 - nightly_job - INFO - Updating safety stock for warehouse_id=None
2025-04-30 18:42:48,789 - nightly_job - INFO - Processing time-based parameters
2025-04-30 18:42:48,793 - nightly_job - INFO - Expiring outdated deals
2025-04-30 18:42:48,793 - nightly_job - INFO - Generating orders for warehouse_id=None
2025-04-30 18:42:48,829 - nightly_job - INFO - Purging accepted orders
2025-04-30 18:58:15,037 - nightly_job - INFO - Updating stock status for warehouse_id=None
2025-04-30 18:58:15,190 - nightly_job - INFO - Calculating lost sales for warehouse_id=None
2025-04-30 18:58:15,190 - nightly_job - INFO - entering item_service.
2025-04-30 18:58:15,190 - nightly_job - INFO - entering item_service.calculate_lost_sales
2025-04-30 18:58:15,233 - nightly_job - INFO - Updating safety stock for warehouse_id=None
2025-04-30 18:58:15,323 - nightly_job - INFO - Processing time-based parameters
2025-04-30 18:58:15,329 - nightly_job - INFO - Expiring outdated deals
2025-04-30 18:58:15,329 - nightly_job - INFO - Generating orders for warehouse_id=None
2025-04-30 18:58:15,365 - nightly_job - INFO - Purging accepted orders
2025-04-30 19:51:18,681 - nightly_job - INFO - Updating stock status for warehouse_id=None
2025-04-30 19:51:18,826 - nightly_job - INFO - Calculating lost sales for warehouse_id=None
2025-04-30 19:51:18,826 - nightly_job - INFO - entering item_service.
2025-04-30 19:51:18,826 - nightly_job - INFO - entering item_service.calculate_lost_sales
2025-04-30 19:51:18,852 - nightly_job - INFO - Updating safety stock for warehouse_id=None
2025-04-30 19:51:18,936 - nightly_job - INFO - Processing time-based parameters
2025-04-30 19:51:18,942 - nightly_job - INFO - Expiring outdated deals
2025-04-30 19:51:18,943 - nightly_job - INFO - Generating orders for warehouse_id=None
2025-04-30 19:51:18,979 - nightly_job - INFO - Purging accepted orders
2025-04-30 19:52:24,499 - nightly_job - INFO - Updating stock status for warehouse_id=None
2025-04-30 19:52:24,628 - nightly_job - INFO - Calculating lost sales for warehouse_id=None
2025-04-30 19:52:24,628 - nightly_job - INFO - entering item_service.
2025-04-30 19:52:24,628 - nightly_job - INFO - entering item_service.calculate_lost_sales
2025-04-30 19:52:24,666 - nightly_job - INFO - Updating safety stock for warehouse_id=None
2025-04-30 19:52:24,755 - nightly_job - INFO - Processing time-based parameters
2025-04-30 19:52:24,759 - nightly_job - INFO - Expiring outdated deals
2025-04-30 19:52:24,759 - nightly_job - INFO - Generating orders for warehouse_id=None
2025-04-30 19:52:24,796 - nightly_job - INFO - Purging accepted orders
2025-04-30 19:59:29,036 - nightly_job - INFO - Updating stock status for warehouse_id=None
2025-04-30 19:59:29,165 - nightly_job - INFO - Calculating lost sales for warehouse_id=None
2025-04-30 19:59:29,165 - nightly_job - INFO - entering item_service.
2025-04-30 19:59:29,165 - nightly_job - INFO - entering item_service.calculate_lost_sales
2025-04-30 19:59:29,191 - nightly_job - INFO - Updating safety stock for warehouse_id=None
2025-04-30 19:59:29,273 - nightly_job - INFO - Processing time-based parameters
2025-04-30 19:59:29,277 - nightly_job - INFO - Expiring outdated deals
2025-04-30 19:59:29,277 - nightly_job - INFO - Generating orders for warehouse_id=None
2025-04-30 19:59:29,313 - nightly_job - INFO - Purging accepted orders
2025-04-30 20:02:24,958 - nightly_job - INFO - Updating stock status for warehouse_id=None
2025-04-30 20:02:25,093 - nightly_job - INFO - Calculating lost sales for warehouse_id=None
2025-04-30 20:02:25,093 - nightly_job - INFO - entering item_service.
2025-04-30 20:02:25,093 - nightly_job - INFO - entering item_service.calculate_lost_sales
2025-04-30 20:02:25,115 - nightly_job - INFO - Updating safety stock for warehouse_id=None
2025-04-30 20:02:25,191 - nightly_job - INFO - Processing time-based parameters
2025-04-30 20:02:25,195 - nightly_job - INFO - Expiring outdated deals
2025-04-30 20:02:25,196 - nightly_job - INFO - Generating orders for warehouse_id=None
2025-04-30 20:02:25,230 - nightly_job - INFO - Purging accepted orders
2025-04-30 20:04:41,550 - nightly_job - INFO - Updating stock status for warehouse_id=None
2025-04-30 20:04:41,683 - nightly_job - INFO - Calculating lost sales for warehouse_id=None
2025-04-30 20:04:41,684 - nightly_job - INFO - entering item_service.
2025-04-30 20:04:41,684 - nightly_job - INFO - entering item_service.calculate_lost_sales
2025-04-30 20:04:41,714 - nightly_job - INFO - Updating safety stock for warehouse_id=None
2025-04-30 20:04:41,802 - nightly_job - INFO - Processing time-based parameters
2025-04-30 20:04:41,805 - nightly_job - INFO - Expiring outdated deals
2025-04-30 20:04:41,805 - nightly_job - INFO - Generating orders for warehouse_id=None
2025-04-30 20:04:41,842 - nightly_job - INFO - Purging accepted orders
2025-04-30 20:25:41,312 - nightly_job - INFO - Updating stock status for warehouse_id=None
2025-04-30 20:25:41,443 - nightly_job - INFO - Calculating lost sales for warehouse_id=None
2025-04-30 20:25:41,443 - nightly_job - INFO - entering item_service.
2025-04-30 20:25:41,443 - nightly_job - INFO - entering item_service.calculate_lost_sales
2025-04-30 20:25:41,463 - nightly_job - INFO - Updating safety stock for warehouse_id=None
2025-04-30 20:25:41,557 - nightly_job - INFO - Processing time-based parameters
2025-04-30 20:25:41,561 - nightly_job - INFO - Expiring outdated deals
2025-04-30 20:25:41,561 - nightly_job - INFO - Generating orders for warehouse_id=None
2025-04-30 20:25:41,595 - nightly_job - INFO - Purging accepted orders
2025-04-30 21:33:38,813 - nightly_job - INFO - Updating stock status for warehouse_id=None
2025-04-30 21:33:38,977 - nightly_job - INFO - Calculating lost sales for warehouse_id=None
2025-04-30 21:33:38,978 - nightly_job - INFO - entering item_service.
2025-04-30 21:33:38,978 - nightly_job - INFO - entering item_service.calculate_lost_sales
2025-04-30 21:33:39,015 - nightly_job - INFO - Updating safety stock for warehouse_id=None
2025-04-30 21:33:39,108 - nightly_job - INFO - Processing time-based parameters
2025-04-30 21:33:39,114 - nightly_job - INFO - Expiring outdated deals
2025-04-30 21:33:39,114 - nightly_job - INFO - Generating orders for warehouse_id=None
2025-04-30 21:33:39,151 - nightly_job - INFO - Purging accepted orders
2025-05-01 08:29:11,823 - nightly_job - INFO - Updating stock status for warehouse_id=None
2025-05-01 08:29:11,975 - nightly_job - INFO - Calculating lost sales for warehouse_id=None
2025-05-01 08:29:11,976 - nightly_job - INFO - entering item_service.
2025-05-01 08:29:11,976 - nightly_job - INFO - entering item_service.calculate_lost_sales
2025-05-01 08:29:12,005 - nightly_job - INFO - Updating safety stock for warehouse_id=None
2025-05-01 08:29:12,106 - nightly_job - INFO - Processing time-based parameters
2025-05-01 08:29:12,114 - nightly_job - INFO - Expiring outdated deals
2025-05-01 08:29:12,115 - nightly_job - INFO - Generating orders for warehouse_id=None
2025-05-01 08:29:12,156 - nightly_job - INFO - Purging accepted orders
2025-05-01 08:31:06,283 - nightly_job - INFO - Updating stock status for warehouse_id=None
2025-05-01 08:31:06,406 - nightly_job - INFO - Calculating lost sales for warehouse_id=None
2025-05-01 08:31:06,406 - nightly_job - INFO - entering item_service.
2025-05-01 08:31:06,406 - nightly_job - INFO - entering item_service.calculate_lost_sales
2025-05-01 08:31:06,437 - nightly_job - INFO - Updating safety stock for warehouse_id=None
2025-05-01 08:31:06,532 - nightly_job - INFO - Processing time-based parameters
2025-05-01 08:31:06,536 - nightly_job - INFO - Expiring outdated deals
2025-05-01 08:31:06,536 - nightly_job - INFO - Generating orders for warehouse_id=None
2025-05-01 08:31:06,573 - nightly_job - INFO - Purging accepted orders
2025-05-01 08:58:16,978 - nightly_job - INFO - Updating stock status for warehouse_id=None
2025-05-01 08:58:17,140 - nightly_job - INFO - Calculating lost sales for warehouse_id=None
2025-05-01 08:58:17,140 - nightly_job - INFO - entering item_service.
2025-05-01 08:58:17,140 - nightly_job - INFO - entering item_service.calculate_lost_sales
2025-05-01 08:58:17,171 - nightly_job - INFO - Updating safety stock for warehouse_id=None
2025-05-01 08:58:17,273 - nightly_job - INFO - Processing time-based parameters
2025-05-01 08:58:17,281 - nightly_job - INFO - Expiring outdated deals
2025-05-01 08:58:17,281 - nightly_job - INFO - Generating orders for warehouse_id=None
2025-05-01 08:58:17,319 - nightly_job - INFO - Purging accepted orders
2025-05-01 10:46:11,360 - nightly_job - INFO - Updating stock status for warehouse_id=None
2025-05-01 10:46:11,566 - nightly_job - INFO - Calculating lost sales for warehouse_id=None
2025-05-01 10:46:11,566 - nightly_job - INFO - entering item_service.
2025-05-01 10:46:11,566 - nightly_job - INFO - entering item_service.calculate_lost_sales
2025-05-01 10:46:11,598 - nightly_job - INFO - Updating safety stock for warehouse_id=None
2025-05-01 10:46:11,694 - nightly_job - INFO - Processing time-based parameters
2025-05-01 10:46:11,701 - nightly_job - INFO - Expiring outdated deals
2025-05-01 10:46:11,702 - nightly_job - INFO - Generating orders for warehouse_id=None
2025-05-01 10:46:11,738 - nightly_job - INFO - Purging accepted orders
2025-05-01 10:46:11,745 - nightly_job - INFO - Running AI analysis of nightly job results
2025-05-01 10:46:11,801 - nightly_job - INFO - AI Analysis completed. Overall health: ERROR
2025-05-01 10:46:11,801 - nightly_job - INFO - Executive Summary: System Health: FAIR
- 40 of 40 items updated successfully
- Generated 0 orders for 0 items

Key Concerns:
- 9 items have frequent stockouts

Top Recommendations:
- Improve Order Generation
2025-05-01 10:46:11,802 - nightly_job - INFO - Top Recommendation 1: Improve Order Generation
2025-05-01 11:48:37,882 - nightly_job - INFO - Updating stock status for warehouse_id=None
2025-05-01 11:48:38,051 - nightly_job - INFO - Calculating lost sales for warehouse_id=None
2025-05-01 11:48:38,051 - nightly_job - INFO - entering item_service.
2025-05-01 11:48:38,051 - nightly_job - INFO - entering item_service.calculate_lost_sales
2025-05-01 11:48:38,081 - nightly_job - INFO - Updating safety stock for warehouse_id=None
2025-05-01 11:48:38,172 - nightly_job - INFO - Processing time-based parameters
2025-05-01 11:48:38,178 - nightly_job - INFO - Expiring outdated deals
2025-05-01 11:48:38,178 - nightly_job - INFO - Generating orders for warehouse_id=None
2025-05-01 11:48:38,222 - nightly_job - INFO - Purging accepted orders
2025-05-01 11:48:38,228 - nightly_job - INFO - Running AI analysis of nightly job results
2025-05-01 11:48:38,302 - nightly_job - INFO - AI Analysis completed. Overall health: FAIR
2025-05-01 11:48:38,303 - nightly_job - INFO - Executive Summary: System Health: FAIR
- 40 of 40 items updated successfully
- Generated 0 orders for 0 items

Key Concerns:
- 9 items have frequent stockouts

Top Recommendations:
- Improve Order Generation
2025-05-01 11:48:38,303 - nightly_job - INFO - Top Recommendation 1: Improve Order Generation
2025-05-01 11:56:10,078 - nightly_job - INFO - Updating stock status for warehouse_id=None
2025-05-01 11:56:10,245 - nightly_job - INFO - Calculating lost sales for warehouse_id=None
2025-05-01 11:56:10,245 - nightly_job - INFO - entering item_service.
2025-05-01 11:56:10,245 - nightly_job - INFO - entering item_service.calculate_lost_sales
2025-05-01 11:56:10,274 - nightly_job - INFO - Updating safety stock for warehouse_id=None
2025-05-01 11:56:10,381 - nightly_job - INFO - Processing time-based parameters
2025-05-01 11:56:10,387 - nightly_job - INFO - Expiring outdated deals
2025-05-01 11:56:10,387 - nightly_job - INFO - Generating orders for warehouse_id=None
2025-05-01 11:56:10,445 - nightly_job - INFO - Purging accepted orders
2025-05-01 11:56:10,452 - nightly_job - INFO - Running AI analysis of nightly job results
2025-05-01 11:56:10,521 - nightly_job - INFO - AI Analysis completed. Overall health: FAIR
2025-05-01 11:56:10,521 - nightly_job - INFO - Executive Summary: System Health: FAIR
- 40 of 40 items updated successfully
- Generated 0 orders for 0 items

Key Concerns:
- 9 items have frequent stockouts

Top Recommendations:
- Improve Order Generation
2025-05-01 11:56:10,521 - nightly_job - INFO - Top Recommendation 1: Improve Order Generation
2025-05-01 12:48:01,832 - nightly_job - INFO - Updating stock status for warehouse_id=None
2025-05-01 12:48:02,017 - nightly_job - INFO - Calculating lost sales for warehouse_id=None
2025-05-01 12:48:02,018 - nightly_job - INFO - entering item_service.
2025-05-01 12:48:02,018 - nightly_job - INFO - entering item_service.calculate_lost_sales
2025-05-01 12:48:02,059 - nightly_job - INFO - Updating safety stock for warehouse_id=None
2025-05-01 12:48:02,214 - nightly_job - INFO - Processing time-based parameters
2025-05-01 12:48:02,227 - nightly_job - INFO - Expiring outdated deals
2025-05-01 12:48:02,228 - nightly_job - INFO - Generating orders for warehouse_id=None
2025-05-01 12:48:02,279 - nightly_job - INFO - Purging accepted orders
2025-05-01 12:48:02,288 - nightly_job - INFO - Running AI analysis of nightly job results
2025-05-01 12:48:02,363 - nightly_job - INFO - AI Analysis completed. Overall health: NEEDS_ATTENTION
2025-05-01 12:48:02,364 - nightly_job - INFO - Executive Summary: System Health: NEEDS_ATTENTION
- 40 of 40 items updated successfully
- Generated 0 orders for 0 items

Key Concerns:
- 9 items have frequent stockouts

Top Recommendations:
- Improve Order Generation
2025-05-01 12:48:02,364 - nightly_job - INFO - Top Recommendation 1: Improve Order Generation
2025-05-01 12:49:05,043 - nightly_job - INFO - Updating stock status for warehouse_id=None
2025-05-01 12:49:05,179 - nightly_job - INFO - Calculating lost sales for warehouse_id=None
2025-05-01 12:49:05,179 - nightly_job - INFO - entering item_service.
2025-05-01 12:49:05,180 - nightly_job - INFO - entering item_service.calculate_lost_sales
2025-05-01 12:49:05,208 - nightly_job - INFO - Updating safety stock for warehouse_id=None
2025-05-01 12:49:05,303 - nightly_job - INFO - Processing time-based parameters
2025-05-01 12:49:05,306 - nightly_job - INFO - Expiring outdated deals
2025-05-01 12:49:05,306 - nightly_job - INFO - Generating orders for warehouse_id=None
2025-05-01 12:49:05,419 - nightly_job - INFO - Purging accepted orders
2025-05-01 12:49:05,425 - nightly_job - INFO - Running AI analysis of nightly job results
2025-05-01 12:49:05,478 - nightly_job - INFO - AI Analysis completed. Overall health: FAIR
2025-05-01 12:49:05,478 - nightly_job - INFO - Executive Summary: System Health: FAIR
- 40 of 40 items updated successfully
- Generated 0 orders for 0 items

Key Concerns:
- 9 items have frequent stockouts

Top Recommendations:
- Improve Order Generation
2025-05-01 12:49:05,478 - nightly_job - INFO - Top Recommendation 1: Improve Order Generation
