2025-04-15 20:18:34,900 - create_tables_runner - INFO - Starting database table creation...
2025-04-15 20:18:34,900 - create_tables_runner - INFO - Drop existing tables: True
2025-04-15 20:18:35,020 - create_tables_runner - ERROR - Failed to create database tables.
2025-04-15 20:34:36,318 - create_tables_runner - INFO - Starting database table creation...
2025-04-15 20:34:36,319 - create_tables_runner - INFO - Drop existing tables: True
2025-04-15 20:34:36,426 - create_tables_runner - ERROR - Failed to create database tables.
2025-04-15 20:35:15,209 - create_tables_runner - INFO - Starting database table creation...
2025-04-15 20:35:15,210 - create_tables_runner - INFO - Drop existing tables: True
2025-04-15 20:35:15,310 - create_tables_runner - ERROR - Failed to create database tables.
2025-04-15 20:35:18,370 - create_tables_runner - INFO - Starting database table creation...
2025-04-15 20:35:18,371 - create_tables_runner - INFO - Drop existing tables: False
2025-04-15 20:35:18,467 - create_tables_runner - ERROR - Failed to create database tables.
2025-04-15 20:35:22,372 - create_tables_runner - INFO - Starting database table creation...
2025-04-15 20:35:22,373 - create_tables_runner - INFO - Drop existing tables: False
2025-04-15 20:35:22,475 - create_tables_runner - ERROR - Failed to create database tables.
2025-04-15 20:36:44,148 - create_tables_runner - INFO - Starting database table creation...
2025-04-15 20:36:44,148 - create_tables_runner - INFO - Drop existing tables: False
2025-04-15 20:36:44,349 - create_tables_runner - INFO - Database tables created successfully.
2025-04-15 20:36:58,046 - create_tables_runner - INFO - Starting database table creation...
2025-04-15 20:36:58,047 - create_tables_runner - INFO - Drop existing tables: True
2025-04-15 20:36:58,252 - create_tables_runner - INFO - Database tables created successfully.
2025-04-15 21:03:29,829 - create_tables_runner - INFO - Starting database table creation...
2025-04-15 21:03:29,830 - create_tables_runner - INFO - Drop existing tables: True
2025-04-15 21:03:30,056 - create_tables_runner - INFO - Database tables created successfully.
2025-04-15 21:26:46,439 - create_tables_runner - INFO - Starting database table creation...
2025-04-15 21:26:46,440 - create_tables_runner - INFO - Drop existing tables: True
2025-04-15 21:26:46,620 - create_tables_runner - INFO - Database tables created successfully.
2025-04-15 21:27:30,936 - create_tables_runner - INFO - Starting database table creation...
2025-04-15 21:27:30,936 - create_tables_runner - INFO - Drop existing tables: True
2025-04-15 21:27:31,123 - create_tables_runner - INFO - Database tables created successfully.
