2025-05-01 14:31:10,626 - diagnose_orders - INFO - Checking demand data...
2025-05-01 14:31:10,724 - diagnose_orders - INFO - Found 40 active items
2025-05-01 14:31:10,725 - diagnose_orders - INFO - Item 1 (Premium Copy Paper, Case):
2025-05-01 14:31:10,725 - diagnose_orders - INFO -   Demand 4-weekly: 40.0
2025-05-01 14:31:10,725 - diagnose_orders - INFO -   Demand weekly: 10.0
2025-05-01 14:31:10,725 - diagnose_orders - INFO -   Demand monthly: 43.33
2025-05-01 14:31:10,725 - diagnose_orders - INFO -   Demand yearly: 520.0
2025-05-01 14:31:10,725 - diagnose_orders - INFO -   MADP: 18.5
2025-05-01 14:31:10,725 - diagnose_orders - INFO - Item 2 (Standard Staples, Box):
2025-05-01 14:31:10,725 - diagnose_orders - INFO -   Demand 4-weekly: 200.0
2025-05-01 14:31:10,726 - diagnose_orders - INFO -   Demand weekly: 50.0
2025-05-01 14:31:10,726 - diagnose_orders - INFO -   Demand monthly: 216.67
2025-05-01 14:31:10,726 - diagnose_orders - INFO -   Demand yearly: 2600.0
2025-05-01 14:31:10,726 - diagnose_orders - INFO -   MADP: 12.0
2025-05-01 14:31:10,726 - diagnose_orders - INFO - Item 3 (Paper Clips, Box):
2025-05-01 14:31:10,726 - diagnose_orders - INFO -   Demand 4-weekly: 320.0
2025-05-01 14:31:10,726 - diagnose_orders - INFO -   Demand weekly: 80.0
2025-05-01 14:31:10,727 - diagnose_orders - INFO -   Demand monthly: 346.67
2025-05-01 14:31:10,727 - diagnose_orders - INFO -   Demand yearly: 4160.0
2025-05-01 14:31:10,727 - diagnose_orders - INFO -   MADP: 10.0
2025-05-01 14:31:10,727 - diagnose_orders - INFO - Item 4 (Sticky Notes, Pad):
2025-05-01 14:31:10,727 - diagnose_orders - INFO -   Demand 4-weekly: 60.0
2025-05-01 14:31:10,727 - diagnose_orders - INFO -   Demand weekly: 15.0
2025-05-01 14:31:10,728 - diagnose_orders - INFO -   Demand monthly: 65.0
2025-05-01 14:31:10,728 - diagnose_orders - INFO -   Demand yearly: 780.0
2025-05-01 14:31:10,728 - diagnose_orders - INFO -   MADP: 15.0
2025-05-01 14:31:10,728 - diagnose_orders - INFO - Item 5 (Ball Point Pens, Box):
2025-05-01 14:31:10,728 - diagnose_orders - INFO -   Demand 4-weekly: 40.0
2025-05-01 14:31:10,728 - diagnose_orders - INFO -   Demand weekly: 10.0
2025-05-01 14:31:10,728 - diagnose_orders - INFO -   Demand monthly: 43.33
2025-05-01 14:31:10,728 - diagnose_orders - INFO -   Demand yearly: 520.0
2025-05-01 14:31:10,728 - diagnose_orders - INFO -   MADP: 16.0
2025-05-01 14:31:10,728 - diagnose_orders - INFO - Item 6 (Gel Pens, Premium, Box):
2025-05-01 14:31:10,728 - diagnose_orders - INFO -   Demand 4-weekly: 6.0
2025-05-01 14:31:10,728 - diagnose_orders - INFO -   Demand weekly: 1.5
2025-05-01 14:31:10,728 - diagnose_orders - INFO -   Demand monthly: 6.5
2025-05-01 14:31:10,729 - diagnose_orders - INFO -   Demand yearly: 78.0
2025-05-01 14:31:10,729 - diagnose_orders - INFO -   MADP: 22.0
2025-05-01 14:31:10,729 - diagnose_orders - INFO - Item 7 (Desk Organizer, Mesh):
2025-05-01 14:31:10,729 - diagnose_orders - INFO -   Demand 4-weekly: 8.0
2025-05-01 14:31:10,729 - diagnose_orders - INFO -   Demand weekly: 2.0
2025-05-01 14:31:10,729 - diagnose_orders - INFO -   Demand monthly: 8.67
2025-05-01 14:31:10,729 - diagnose_orders - INFO -   Demand yearly: 104.0
2025-05-01 14:31:10,729 - diagnose_orders - INFO -   MADP: 35.0
2025-05-01 14:31:10,729 - diagnose_orders - INFO - Item 8 (File Folders, Pack of 25):
2025-05-01 14:31:10,729 - diagnose_orders - INFO -   Demand 4-weekly: 20.0
2025-05-01 14:31:10,729 - diagnose_orders - INFO -   Demand weekly: 5.0
2025-05-01 14:31:10,729 - diagnose_orders - INFO -   Demand monthly: 21.67
2025-05-01 14:31:10,729 - diagnose_orders - INFO -   Demand yearly: 260.0
2025-05-01 14:31:10,729 - diagnose_orders - INFO -   MADP: 14.0
2025-05-01 14:31:10,730 - diagnose_orders - INFO - Item 9 (Binder Clips, Assorted):
2025-05-01 14:31:10,730 - diagnose_orders - INFO -   Demand 4-weekly: 48.0
2025-05-01 14:31:10,730 - diagnose_orders - INFO -   Demand weekly: 12.0
2025-05-01 14:31:10,730 - diagnose_orders - INFO -   Demand monthly: 52.0
2025-05-01 14:31:10,730 - diagnose_orders - INFO -   Demand yearly: 624.0
2025-05-01 14:31:10,730 - diagnose_orders - INFO -   MADP: 13.0
2025-05-01 14:31:10,730 - diagnose_orders - INFO - Item 10 (Whiteboard Markers, Set):
2025-05-01 14:31:10,731 - diagnose_orders - INFO -   Demand 4-weekly: 20.0
2025-05-01 14:31:10,731 - diagnose_orders - INFO -   Demand weekly: 5.0
2025-05-01 14:31:10,731 - diagnose_orders - INFO -   Demand monthly: 21.67
2025-05-01 14:31:10,731 - diagnose_orders - INFO -   Demand yearly: 260.0
2025-05-01 14:31:10,731 - diagnose_orders - INFO -   MADP: 17.0
2025-05-01 14:31:10,731 - diagnose_orders - INFO - Item 11 (USB Flash Drive, 64GB):
2025-05-01 14:31:10,731 - diagnose_orders - INFO -   Demand 4-weekly: 16.0
2025-05-01 14:31:10,731 - diagnose_orders - INFO -   Demand weekly: 4.0
2025-05-01 14:31:10,731 - diagnose_orders - INFO -   Demand monthly: 17.33
2025-05-01 14:31:10,732 - diagnose_orders - INFO -   Demand yearly: 208.0
2025-05-01 14:31:10,732 - diagnose_orders - INFO -   MADP: 20.0
2025-05-01 14:31:10,732 - diagnose_orders - INFO - Item 12 (Wireless Mouse):
2025-05-01 14:31:10,732 - diagnose_orders - INFO -   Demand 4-weekly: 12.0
2025-05-01 14:31:10,732 - diagnose_orders - INFO -   Demand weekly: 3.0
2025-05-01 14:31:10,732 - diagnose_orders - INFO -   Demand monthly: 13.0
2025-05-01 14:31:10,732 - diagnose_orders - INFO -   Demand yearly: 156.0
2025-05-01 14:31:10,732 - diagnose_orders - INFO -   MADP: 18.0
2025-05-01 14:31:10,732 - diagnose_orders - INFO - Item 13 (USB-C Cable, 6ft):
2025-05-01 14:31:10,733 - diagnose_orders - INFO -   Demand 4-weekly: 28.0
2025-05-01 14:31:10,733 - diagnose_orders - INFO -   Demand weekly: 7.0
2025-05-01 14:31:10,733 - diagnose_orders - INFO -   Demand monthly: 30.33
2025-05-01 14:31:10,733 - diagnose_orders - INFO -   Demand yearly: 364.0
2025-05-01 14:31:10,733 - diagnose_orders - INFO -   MADP: 15.0
2025-05-01 14:31:10,733 - diagnose_orders - INFO - Item 14 (Wireless Keyboard):
2025-05-01 14:31:10,733 - diagnose_orders - INFO -   Demand 4-weekly: 3.0
2025-05-01 14:31:10,733 - diagnose_orders - INFO -   Demand weekly: 0.75
2025-05-01 14:31:10,733 - diagnose_orders - INFO -   Demand monthly: 3.25
2025-05-01 14:31:10,733 - diagnose_orders - INFO -   Demand yearly: 39.0
2025-05-01 14:31:10,734 - diagnose_orders - INFO -   MADP: 25.0
2025-05-01 14:31:10,734 - diagnose_orders - INFO - Item 15 (Bluetooth Speaker, Portable):
2025-05-01 14:31:10,734 - diagnose_orders - INFO -   Demand 4-weekly: 2.0
2025-05-01 14:31:10,734 - diagnose_orders - INFO -   Demand weekly: 0.5
2025-05-01 14:31:10,734 - diagnose_orders - INFO -   Demand monthly: 2.17
2025-05-01 14:31:10,734 - diagnose_orders - INFO -   Demand yearly: 26.0
2025-05-01 14:31:10,734 - diagnose_orders - INFO -   MADP: 40.0
2025-05-01 14:31:10,734 - diagnose_orders - INFO - Item 16 (HDMI Cable, 10ft):
2025-05-01 14:31:10,734 - diagnose_orders - INFO -   Demand 4-weekly: 8.0
2025-05-01 14:31:10,734 - diagnose_orders - INFO -   Demand weekly: 2.0
2025-05-01 14:31:10,734 - diagnose_orders - INFO -   Demand monthly: 8.67
2025-05-01 14:31:10,735 - diagnose_orders - INFO -   Demand yearly: 104.0
2025-05-01 14:31:10,735 - diagnose_orders - INFO -   MADP: 17.0
2025-05-01 14:31:10,735 - diagnose_orders - INFO - Item 17 (USB Hub, 4-Port):
2025-05-01 14:31:10,735 - diagnose_orders - INFO -   Demand 4-weekly: 6.0
2025-05-01 14:31:10,735 - diagnose_orders - INFO -   Demand weekly: 1.5
2025-05-01 14:31:10,735 - diagnose_orders - INFO -   Demand monthly: 6.5
2025-05-01 14:31:10,735 - diagnose_orders - INFO -   Demand yearly: 78.0
2025-05-01 14:31:10,736 - diagnose_orders - INFO -   MADP: 19.0
2025-05-01 14:31:10,736 - diagnose_orders - INFO - Item 18 (Power Strip, 6-Outlet):
2025-05-01 14:31:10,736 - diagnose_orders - INFO -   Demand 4-weekly: 10.0
2025-05-01 14:31:10,736 - diagnose_orders - INFO -   Demand weekly: 2.5
2025-05-01 14:31:10,736 - diagnose_orders - INFO -   Demand monthly: 10.83
2025-05-01 14:31:10,736 - diagnose_orders - INFO -   Demand yearly: 130.0
2025-05-01 14:31:10,736 - diagnose_orders - INFO -   MADP: 16.0
2025-05-01 14:31:10,736 - diagnose_orders - INFO - Item 19 (Laptop Cooling Pad):
2025-05-01 14:31:10,737 - diagnose_orders - INFO -   Demand 4-weekly: 2.0
2025-05-01 14:31:10,737 - diagnose_orders - INFO -   Demand weekly: 0.5
2025-05-01 14:31:10,737 - diagnose_orders - INFO -   Demand monthly: 2.17
2025-05-01 14:31:10,737 - diagnose_orders - INFO -   Demand yearly: 26.0
2025-05-01 14:31:10,737 - diagnose_orders - INFO -   MADP: 30.0
2025-05-01 14:31:10,737 - diagnose_orders - INFO - Item 20 (Wireless Earbuds):
2025-05-01 14:31:10,737 - diagnose_orders - INFO -   Demand 4-weekly: 2.0
2025-05-01 14:31:10,737 - diagnose_orders - INFO -   Demand weekly: 0.5
2025-05-01 14:31:10,737 - diagnose_orders - INFO -   Demand monthly: 2.17
2025-05-01 14:31:10,738 - diagnose_orders - INFO -   Demand yearly: 26.0
2025-05-01 14:31:10,738 - diagnose_orders - INFO -   MADP: 45.0
2025-05-01 14:31:10,738 - diagnose_orders - INFO - Item 21 (CPU Cooling Fan):
2025-05-01 14:31:10,738 - diagnose_orders - INFO -   Demand 4-weekly: 8.0
2025-05-01 14:31:10,738 - diagnose_orders - INFO -   Demand weekly: 2.0
2025-05-01 14:31:10,738 - diagnose_orders - INFO -   Demand monthly: 8.67
2025-05-01 14:31:10,739 - diagnose_orders - INFO -   Demand yearly: 104.0
2025-05-01 14:31:10,739 - diagnose_orders - INFO -   MADP: 16.0
2025-05-01 14:31:10,739 - diagnose_orders - INFO - Item 22 (Thermal Paste, 5g):
2025-05-01 14:31:10,739 - diagnose_orders - INFO -   Demand 4-weekly: 16.0
2025-05-01 14:31:10,739 - diagnose_orders - INFO -   Demand weekly: 4.0
2025-05-01 14:31:10,739 - diagnose_orders - INFO -   Demand monthly: 17.33
2025-05-01 14:31:10,739 - diagnose_orders - INFO -   Demand yearly: 208.0
2025-05-01 14:31:10,740 - diagnose_orders - INFO -   MADP: 12.0
2025-05-01 14:31:10,740 - diagnose_orders - INFO - Item 23 (SATA Cable, 18"):
2025-05-01 14:31:10,740 - diagnose_orders - INFO -   Demand 4-weekly: 24.0
2025-05-01 14:31:10,740 - diagnose_orders - INFO -   Demand weekly: 6.0
2025-05-01 14:31:10,740 - diagnose_orders - INFO -   Demand monthly: 26.0
2025-05-01 14:31:10,740 - diagnose_orders - INFO -   Demand yearly: 312.0
2025-05-01 14:31:10,741 - diagnose_orders - INFO -   MADP: 10.0
2025-05-01 14:31:10,741 - diagnose_orders - INFO - Item 24 (Case Fan, 120mm):
2025-05-01 14:31:10,741 - diagnose_orders - INFO -   Demand 4-weekly: 10.0
2025-05-01 14:31:10,741 - diagnose_orders - INFO -   Demand weekly: 2.5
2025-05-01 14:31:10,741 - diagnose_orders - INFO -   Demand monthly: 10.83
2025-05-01 14:31:10,742 - diagnose_orders - INFO -   Demand yearly: 130.0
2025-05-01 14:31:10,742 - diagnose_orders - INFO -   MADP: 15.0
2025-05-01 14:31:10,742 - diagnose_orders - INFO - Item 25 (Power Supply, 500W):
2025-05-01 14:31:10,742 - diagnose_orders - INFO -   Demand 4-weekly: 3.0
2025-05-01 14:31:10,742 - diagnose_orders - INFO -   Demand weekly: 0.75
2025-05-01 14:31:10,743 - diagnose_orders - INFO -   Demand monthly: 3.25
2025-05-01 14:31:10,743 - diagnose_orders - INFO -   Demand yearly: 39.0
2025-05-01 14:31:10,743 - diagnose_orders - INFO -   MADP: 25.0
2025-05-01 14:31:10,743 - diagnose_orders - INFO - Item 26 (SSD, 500GB):
2025-05-01 14:31:10,743 - diagnose_orders - INFO -   Demand 4-weekly: 6.0
2025-05-01 14:31:10,743 - diagnose_orders - INFO -   Demand weekly: 1.5
2025-05-01 14:31:10,743 - diagnose_orders - INFO -   Demand monthly: 6.5
2025-05-01 14:31:10,743 - diagnose_orders - INFO -   Demand yearly: 78.0
2025-05-01 14:31:10,743 - diagnose_orders - INFO -   MADP: 18.0
2025-05-01 14:31:10,743 - diagnose_orders - INFO - Item 27 (RAM, 16GB):
2025-05-01 14:31:10,743 - diagnose_orders - INFO -   Demand 4-weekly: 4.0
2025-05-01 14:31:10,743 - diagnose_orders - INFO -   Demand weekly: 1.0
2025-05-01 14:31:10,743 - diagnose_orders - INFO -   Demand monthly: 4.33
2025-05-01 14:31:10,744 - diagnose_orders - INFO -   Demand yearly: 52.0
2025-05-01 14:31:10,744 - diagnose_orders - INFO -   MADP: 20.0
2025-05-01 14:31:10,744 - diagnose_orders - INFO - Item 28 (Graphics Card, Mid-range):
2025-05-01 14:31:10,744 - diagnose_orders - INFO -   Demand 4-weekly: 2.0
2025-05-01 14:31:10,744 - diagnose_orders - INFO -   Demand weekly: 0.5
2025-05-01 14:31:10,744 - diagnose_orders - INFO -   Demand monthly: 2.17
2025-05-01 14:31:10,744 - diagnose_orders - INFO -   Demand yearly: 26.0
2025-05-01 14:31:10,744 - diagnose_orders - INFO -   MADP: 35.0
2025-05-01 14:31:10,744 - diagnose_orders - INFO - Item 29 (Motherboard, ATX):
2025-05-01 14:31:10,744 - diagnose_orders - INFO -   Demand 4-weekly: 2.0
2025-05-01 14:31:10,744 - diagnose_orders - INFO -   Demand weekly: 0.5
2025-05-01 14:31:10,744 - diagnose_orders - INFO -   Demand monthly: 2.17
2025-05-01 14:31:10,744 - diagnose_orders - INFO -   Demand yearly: 26.0
2025-05-01 14:31:10,744 - diagnose_orders - INFO -   MADP: 30.0
2025-05-01 14:31:10,745 - diagnose_orders - INFO - Item 30 (PC Case, Mid-tower):
2025-05-01 14:31:10,745 - diagnose_orders - INFO -   Demand 4-weekly: 3.0
2025-05-01 14:31:10,745 - diagnose_orders - INFO -   Demand weekly: 0.75
2025-05-01 14:31:10,745 - diagnose_orders - INFO -   Demand monthly: 3.25
2025-05-01 14:31:10,745 - diagnose_orders - INFO -   Demand yearly: 39.0
2025-05-01 14:31:10,745 - diagnose_orders - INFO -   MADP: 22.0
2025-05-01 14:31:10,745 - diagnose_orders - INFO - Item 31 (Laptop Battery, Standard):
2025-05-01 14:31:10,745 - diagnose_orders - INFO -   Demand 4-weekly: 6.0
2025-05-01 14:31:10,745 - diagnose_orders - INFO -   Demand weekly: 1.5
2025-05-01 14:31:10,745 - diagnose_orders - INFO -   Demand monthly: 6.5
2025-05-01 14:31:10,745 - diagnose_orders - INFO -   Demand yearly: 78.0
2025-05-01 14:31:10,745 - diagnose_orders - INFO -   MADP: 18.0
2025-05-01 14:31:10,745 - diagnose_orders - INFO - Item 32 (Laptop Screen, 15.6"):
2025-05-01 14:31:10,746 - diagnose_orders - INFO -   Demand 4-weekly: 2.0
2025-05-01 14:31:10,746 - diagnose_orders - INFO -   Demand weekly: 0.5
2025-05-01 14:31:10,746 - diagnose_orders - INFO -   Demand monthly: 2.17
2025-05-01 14:31:10,746 - diagnose_orders - INFO -   Demand yearly: 26.0
2025-05-01 14:31:10,746 - diagnose_orders - INFO -   MADP: 30.0
2025-05-01 14:31:10,746 - diagnose_orders - INFO - Item 33 (Laptop Keyboard):
2025-05-01 14:31:10,747 - diagnose_orders - INFO -   Demand 4-weekly: 4.0
2025-05-01 14:31:10,747 - diagnose_orders - INFO -   Demand weekly: 1.0
2025-05-01 14:31:10,747 - diagnose_orders - INFO -   Demand monthly: 4.33
2025-05-01 14:31:10,747 - diagnose_orders - INFO -   Demand yearly: 52.0
2025-05-01 14:31:10,747 - diagnose_orders - INFO -   MADP: 19.0
2025-05-01 14:31:10,747 - diagnose_orders - INFO - Item 34 (Laptop Charger, Universal):
2025-05-01 14:31:10,747 - diagnose_orders - INFO -   Demand 4-weekly: 8.0
2025-05-01 14:31:10,747 - diagnose_orders - INFO -   Demand weekly: 2.0
2025-05-01 14:31:10,748 - diagnose_orders - INFO -   Demand monthly: 8.67
2025-05-01 14:31:10,748 - diagnose_orders - INFO -   Demand yearly: 104.0
2025-05-01 14:31:10,748 - diagnose_orders - INFO -   MADP: 15.0
2025-05-01 14:31:10,748 - diagnose_orders - INFO - Item 35 (Laptop Memory, 8GB):
2025-05-01 14:31:10,748 - diagnose_orders - INFO -   Demand 4-weekly: 3.0
2025-05-01 14:31:10,748 - diagnose_orders - INFO -   Demand weekly: 0.75
2025-05-01 14:31:10,748 - diagnose_orders - INFO -   Demand monthly: 3.25
2025-05-01 14:31:10,749 - diagnose_orders - INFO -   Demand yearly: 39.0
2025-05-01 14:31:10,749 - diagnose_orders - INFO -   MADP: 22.0
2025-05-01 14:31:10,749 - diagnose_orders - INFO - Item 36 (Shipping Box, Medium):
2025-05-01 14:31:10,749 - diagnose_orders - INFO -   Demand 4-weekly: 160.0
2025-05-01 14:31:10,749 - diagnose_orders - INFO -   Demand weekly: 40.0
2025-05-01 14:31:10,749 - diagnose_orders - INFO -   Demand monthly: 173.33
2025-05-01 14:31:10,749 - diagnose_orders - INFO -   Demand yearly: 2080.0
2025-05-01 14:31:10,749 - diagnose_orders - INFO -   MADP: 8.0
2025-05-01 14:31:10,749 - diagnose_orders - INFO - Item 37 (Shipping Box, Small):
2025-05-01 14:31:10,749 - diagnose_orders - INFO -   Demand 4-weekly: 200.0
2025-05-01 14:31:10,749 - diagnose_orders - INFO -   Demand weekly: 50.0
2025-05-01 14:31:10,750 - diagnose_orders - INFO -   Demand monthly: 216.67
2025-05-01 14:31:10,750 - diagnose_orders - INFO -   Demand yearly: 2600.0
2025-05-01 14:31:10,750 - diagnose_orders - INFO -   MADP: 7.0
2025-05-01 14:31:10,750 - diagnose_orders - INFO - Item 38 (Shipping Box, Large):
2025-05-01 14:31:10,750 - diagnose_orders - INFO -   Demand 4-weekly: 60.0
2025-05-01 14:31:10,750 - diagnose_orders - INFO -   Demand weekly: 15.0
2025-05-01 14:31:10,751 - diagnose_orders - INFO -   Demand monthly: 65.0
2025-05-01 14:31:10,751 - diagnose_orders - INFO -   Demand yearly: 780.0
2025-05-01 14:31:10,751 - diagnose_orders - INFO -   MADP: 10.0
2025-05-01 14:31:10,751 - diagnose_orders - INFO - Item 39 (Packing Tape, Roll):
2025-05-01 14:31:10,751 - diagnose_orders - INFO -   Demand 4-weekly: 48.0
2025-05-01 14:31:10,751 - diagnose_orders - INFO -   Demand weekly: 12.0
2025-05-01 14:31:10,751 - diagnose_orders - INFO -   Demand monthly: 52.0
2025-05-01 14:31:10,751 - diagnose_orders - INFO -   Demand yearly: 624.0
2025-05-01 14:31:10,751 - diagnose_orders - INFO -   MADP: 9.0
2025-05-01 14:31:10,751 - diagnose_orders - INFO - Item 40 (Bubble Wrap, Roll):
2025-05-01 14:31:10,751 - diagnose_orders - INFO -   Demand 4-weekly: 20.0
2025-05-01 14:31:10,751 - diagnose_orders - INFO -   Demand weekly: 5.0
2025-05-01 14:31:10,752 - diagnose_orders - INFO -   Demand monthly: 21.67
2025-05-01 14:31:10,752 - diagnose_orders - INFO -   Demand yearly: 260.0
2025-05-01 14:31:10,752 - diagnose_orders - INFO -   MADP: 12.0
2025-05-01 14:31:10,752 - diagnose_orders - INFO - 
Checking safety stock and order points...
2025-05-01 14:31:10,759 - diagnose_orders - INFO - Item 1 (Premium Copy Paper, Case):
2025-05-01 14:31:10,759 - diagnose_orders - INFO -   Safety Stock Time Factor: 2.2756649118676977
2025-05-01 14:31:10,759 - diagnose_orders - INFO -   Item Order Point Units: 20.393807016953854
2025-05-01 14:31:10,759 - diagnose_orders - INFO -   Order Up To Level Units: 40.39380701695385
2025-05-01 14:31:10,760 - diagnose_orders - INFO -   Lead Time Forecast: 12
2025-05-01 14:31:10,760 - diagnose_orders - INFO -   Lead Time Variance: 15.0
2025-05-01 14:31:10,760 - diagnose_orders - INFO -   MADP: 18.5
2025-05-01 14:31:10,760 - diagnose_orders - INFO -   Vendor Order Cycle: 14
2025-05-01 14:31:10,761 - diagnose_orders - INFO - Item 2 (Standard Staples, Box):
2025-05-01 14:31:10,761 - diagnose_orders - INFO -   Safety Stock Time Factor: 2.0952973652592166
2025-05-01 14:31:10,761 - diagnose_orders - INFO -   Item Order Point Units: 100.68069546613727
2025-05-01 14:31:10,761 - diagnose_orders - INFO -   Order Up To Level Units: 200.68069546613728
2025-05-01 14:31:10,761 - diagnose_orders - INFO -   Lead Time Forecast: 12
2025-05-01 14:31:10,761 - diagnose_orders - INFO -   Lead Time Variance: 15.0
2025-05-01 14:31:10,761 - diagnose_orders - INFO -   MADP: 12.0
2025-05-01 14:31:10,761 - diagnose_orders - INFO -   Vendor Order Cycle: 14
2025-05-01 14:31:10,762 - diagnose_orders - INFO - Item 3 (Paper Clips, Box):
2025-05-01 14:31:10,762 - diagnose_orders - INFO -   Safety Stock Time Factor: 2.0531187199171486
2025-05-01 14:31:10,762 - diagnose_orders - INFO -   Item Order Point Units: 160.6070710847674
2025-05-01 14:31:10,762 - diagnose_orders - INFO -   Order Up To Level Units: 320.6070710847674
2025-05-01 14:31:10,762 - diagnose_orders - INFO -   Lead Time Forecast: 12
2025-05-01 14:31:10,762 - diagnose_orders - INFO -   Lead Time Variance: 15.0
2025-05-01 14:31:10,762 - diagnose_orders - INFO -   MADP: 10.0
2025-05-01 14:31:10,762 - diagnose_orders - INFO -   Vendor Order Cycle: 14
2025-05-01 14:31:10,762 - diagnose_orders - INFO - Item 4 (Sticky Notes, Pad):
2025-05-01 14:31:10,762 - diagnose_orders - INFO -   Safety Stock Time Factor: 2.17080246151135
2025-05-01 14:31:10,763 - diagnose_orders - INFO -   Item Order Point Units: 30.366005274667177
2025-05-01 14:31:10,763 - diagnose_orders - INFO -   Order Up To Level Units: 60.366005274667174
2025-05-01 14:31:10,763 - diagnose_orders - INFO -   Lead Time Forecast: 12
2025-05-01 14:31:10,763 - diagnose_orders - INFO -   Lead Time Variance: 15.0
2025-05-01 14:31:10,763 - diagnose_orders - INFO -   MADP: 15.0
2025-05-01 14:31:10,763 - diagnose_orders - INFO -   Vendor Order Cycle: 14
2025-05-01 14:31:10,763 - diagnose_orders - INFO - Item 5 (Ball Point Pens, Box):
2025-05-01 14:31:10,763 - diagnose_orders - INFO -   Safety Stock Time Factor: 2.1990136119209116
2025-05-01 14:31:10,764 - diagnose_orders - INFO -   Item Order Point Units: 20.284305159887015
2025-05-01 14:31:10,764 - diagnose_orders - INFO -   Order Up To Level Units: 40.28430515988702
2025-05-01 14:31:10,764 - diagnose_orders - INFO -   Lead Time Forecast: 12
2025-05-01 14:31:10,764 - diagnose_orders - INFO -   Lead Time Variance: 15.0
2025-05-01 14:31:10,764 - diagnose_orders - INFO -   MADP: 16.0
2025-05-01 14:31:10,764 - diagnose_orders - INFO -   Vendor Order Cycle: 14
2025-05-01 14:31:10,765 - diagnose_orders - INFO - Item 6 (Gel Pens, Premium, Box):
2025-05-01 14:31:10,765 - diagnose_orders - INFO -   Safety Stock Time Factor: 2.396319527458406
2025-05-01 14:31:10,765 - diagnose_orders - INFO -   Item Order Point Units: 3.084925613026801
2025-05-01 14:31:10,765 - diagnose_orders - INFO -   Order Up To Level Units: 6.084925613026801
2025-05-01 14:31:10,765 - diagnose_orders - INFO -   Lead Time Forecast: 12
2025-05-01 14:31:10,765 - diagnose_orders - INFO -   Lead Time Variance: 15.0
2025-05-01 14:31:10,766 - diagnose_orders - INFO -   MADP: 22.0
2025-05-01 14:31:10,766 - diagnose_orders - INFO -   Vendor Order Cycle: 14
2025-05-01 14:31:10,766 - diagnose_orders - INFO - Item 7 (Desk Organizer, Mesh):
2025-05-01 14:31:10,766 - diagnose_orders - INFO -   Safety Stock Time Factor: 2.947724226846841
2025-05-01 14:31:10,766 - diagnose_orders - INFO -   Item Order Point Units: 4.270778350527668
2025-05-01 14:31:10,766 - diagnose_orders - INFO -   Order Up To Level Units: 8.270778350527669
2025-05-01 14:31:10,766 - diagnose_orders - INFO -   Lead Time Forecast: 12
2025-05-01 14:31:10,767 - diagnose_orders - INFO -   Lead Time Variance: 15.0
2025-05-01 14:31:10,767 - diagnose_orders - INFO -   MADP: 35.0
2025-05-01 14:31:10,767 - diagnose_orders - INFO -   Vendor Order Cycle: 14
2025-05-01 14:31:10,767 - diagnose_orders - INFO - Item 8 (File Folders, Pack of 25):
2025-05-01 14:31:10,767 - diagnose_orders - INFO -   Safety Stock Time Factor: 2.144075366673311
2025-05-01 14:31:10,767 - diagnose_orders - INFO -   Item Order Point Units: 10.102910976195222
2025-05-01 14:31:10,767 - diagnose_orders - INFO -   Order Up To Level Units: 20.102910976195226
2025-05-01 14:31:10,767 - diagnose_orders - INFO -   Lead Time Forecast: 12
2025-05-01 14:31:10,767 - diagnose_orders - INFO -   Lead Time Variance: 15.0
2025-05-01 14:31:10,767 - diagnose_orders - INFO -   MADP: 14.0
2025-05-01 14:31:10,767 - diagnose_orders - INFO -   Vendor Order Cycle: 14
2025-05-01 14:31:10,767 - diagnose_orders - INFO - Item 9 (Binder Clips, Assorted):
2025-05-01 14:31:10,767 - diagnose_orders - INFO -   Safety Stock Time Factor: 2.1188884865957713
2025-05-01 14:31:10,768 - diagnose_orders - INFO -   Item Order Point Units: 24.203808834164178
2025-05-01 14:31:10,768 - diagnose_orders - INFO -   Order Up To Level Units: 48.20380883416418
2025-05-01 14:31:10,768 - diagnose_orders - INFO -   Lead Time Forecast: 12
2025-05-01 14:31:10,768 - diagnose_orders - INFO -   Lead Time Variance: 15.0
2025-05-01 14:31:10,768 - diagnose_orders - INFO -   MADP: 13.0
2025-05-01 14:31:10,768 - diagnose_orders - INFO -   Vendor Order Cycle: 14
2025-05-01 14:31:10,768 - diagnose_orders - INFO - Item 10 (Whiteboard Markers, Set):
2025-05-01 14:31:10,768 - diagnose_orders - INFO -   Safety Stock Time Factor: 2.2286524613551677
2025-05-01 14:31:10,768 - diagnose_orders - INFO -   Item Order Point Units: 10.163323186682263
2025-05-01 14:31:10,768 - diagnose_orders - INFO -   Order Up To Level Units: 20.163323186682263
2025-05-01 14:31:10,768 - diagnose_orders - INFO -   Lead Time Forecast: 12
2025-05-01 14:31:10,768 - diagnose_orders - INFO -   Lead Time Variance: 15.0
2025-05-01 14:31:10,769 - diagnose_orders - INFO -   MADP: 17.0
2025-05-01 14:31:10,769 - diagnose_orders - INFO -   Vendor Order Cycle: 14
2025-05-01 14:31:10,769 - diagnose_orders - INFO - Item 11 (USB Flash Drive, 64GB):
2025-05-01 14:31:10,769 - diagnose_orders - INFO -   Safety Stock Time Factor: 2.6245701305554454
2025-05-01 14:31:10,769 - diagnose_orders - INFO -   Item Order Point Units: 10.642611503174539
2025-05-01 14:31:10,769 - diagnose_orders - INFO -   Order Up To Level Units: 22.642611503174535
2025-05-01 14:31:10,769 - diagnose_orders - INFO -   Lead Time Forecast: 16
2025-05-01 14:31:10,769 - diagnose_orders - INFO -   Lead Time Variance: 20.0
2025-05-01 14:31:10,770 - diagnose_orders - INFO -   MADP: 20.0
2025-05-01 14:31:10,770 - diagnose_orders - INFO -   Vendor Order Cycle: 21
2025-05-01 14:31:10,770 - diagnose_orders - INFO - Item 12 (Wireless Mouse):
2025-05-01 14:31:10,770 - diagnose_orders - INFO -   Safety Stock Time Factor: 2.5645178310624908
2025-05-01 14:31:10,770 - diagnose_orders - INFO -   Item Order Point Units: 7.956221927598211
2025-05-01 14:31:10,771 - diagnose_orders - INFO -   Order Up To Level Units: 16.956221927598207
2025-05-01 14:31:10,771 - diagnose_orders - INFO -   Lead Time Forecast: 16
2025-05-01 14:31:10,771 - diagnose_orders - INFO -   Lead Time Variance: 20.0
2025-05-01 14:31:10,771 - diagnose_orders - INFO -   MADP: 18.0
2025-05-01 14:31:10,771 - diagnose_orders - INFO -   Vendor Order Cycle: 21
2025-05-01 14:31:10,771 - diagnose_orders - INFO - Item 13 (USB-C Cable, 6ft):
2025-05-01 14:31:10,771 - diagnose_orders - INFO -   Safety Stock Time Factor: 2.484115536424905
2025-05-01 14:31:10,771 - diagnose_orders - INFO -   Item Order Point Units: 18.484115536424905
2025-05-01 14:31:10,772 - diagnose_orders - INFO -   Order Up To Level Units: 39.48411553642491
2025-05-01 14:31:10,772 - diagnose_orders - INFO -   Lead Time Forecast: 16
2025-05-01 14:31:10,772 - diagnose_orders - INFO -   Lead Time Variance: 20.0
2025-05-01 14:31:10,772 - diagnose_orders - INFO -   MADP: 15.0
2025-05-01 14:31:10,772 - diagnose_orders - INFO -   Vendor Order Cycle: 21
2025-05-01 14:31:10,772 - diagnose_orders - INFO - Item 14 (Wireless Keyboard):
2025-05-01 14:31:10,772 - diagnose_orders - INFO -   Safety Stock Time Factor: 2.794801908096347
2025-05-01 14:31:10,772 - diagnose_orders - INFO -   Item Order Point Units: 2.0137287758674653
2025-05-01 14:31:10,772 - diagnose_orders - INFO -   Order Up To Level Units: 4.263728775867466
2025-05-01 14:31:10,773 - diagnose_orders - INFO -   Lead Time Forecast: 16
2025-05-01 14:31:10,773 - diagnose_orders - INFO -   Lead Time Variance: 20.0
2025-05-01 14:31:10,773 - diagnose_orders - INFO -   MADP: 25.0
2025-05-01 14:31:10,773 - diagnose_orders - INFO -   Vendor Order Cycle: 21
2025-05-01 14:31:10,773 - diagnose_orders - INFO - Item 15 (Bluetooth Speaker, Portable):
2025-05-01 14:31:10,773 - diagnose_orders - INFO -   Safety Stock Time Factor: 3.436368939997274
2025-05-01 14:31:10,773 - diagnose_orders - INFO -   Item Order Point Units: 1.3883120671426623
2025-05-01 14:31:10,774 - diagnose_orders - INFO -   Order Up To Level Units: 2.888312067142662
2025-05-01 14:31:10,774 - diagnose_orders - INFO -   Lead Time Forecast: 16
2025-05-01 14:31:10,774 - diagnose_orders - INFO -   Lead Time Variance: 20.0
2025-05-01 14:31:10,774 - diagnose_orders - INFO -   MADP: 40.0
2025-05-01 14:31:10,774 - diagnose_orders - INFO -   Vendor Order Cycle: 21
2025-05-01 14:31:10,774 - diagnose_orders - INFO - Item 16 (HDMI Cable, 10ft):
2025-05-01 14:31:10,774 - diagnose_orders - INFO -   Safety Stock Time Factor: 2.5363840465233607
2025-05-01 14:31:10,774 - diagnose_orders - INFO -   Item Order Point Units: 5.296109727578102
2025-05-01 14:31:10,775 - diagnose_orders - INFO -   Order Up To Level Units: 11.296109727578102
2025-05-01 14:31:10,775 - diagnose_orders - INFO -   Lead Time Forecast: 16
2025-05-01 14:31:10,775 - diagnose_orders - INFO -   Lead Time Variance: 20.0
2025-05-01 14:31:10,775 - diagnose_orders - INFO -   MADP: 17.0
2025-05-01 14:31:10,775 - diagnose_orders - INFO -   Vendor Order Cycle: 21
2025-05-01 14:31:10,775 - diagnose_orders - INFO - Item 17 (USB Hub, 4-Port):
2025-05-01 14:31:10,775 - diagnose_orders - INFO -   Safety Stock Time Factor: 2.5939274891084882
2025-05-01 14:31:10,776 - diagnose_orders - INFO -   Item Order Point Units: 3.98441303338039
2025-05-01 14:31:10,776 - diagnose_orders - INFO -   Order Up To Level Units: 8.48441303338039
2025-05-01 14:31:10,776 - diagnose_orders - INFO -   Lead Time Forecast: 16
2025-05-01 14:31:10,776 - diagnose_orders - INFO -   Lead Time Variance: 20.0
2025-05-01 14:31:10,776 - diagnose_orders - INFO -   MADP: 19.0
2025-05-01 14:31:10,776 - diagnose_orders - INFO -   Vendor Order Cycle: 21
2025-05-01 14:31:10,776 - diagnose_orders - INFO - Item 18 (Power Strip, 6-Outlet):
2025-05-01 14:31:10,776 - diagnose_orders - INFO -   Safety Stock Time Factor: 2.5095690457954984
2025-05-01 14:31:10,776 - diagnose_orders - INFO -   Item Order Point Units: 6.610560373498393
2025-05-01 14:31:10,776 - diagnose_orders - INFO -   Order Up To Level Units: 14.110560373498394
2025-05-01 14:31:10,777 - diagnose_orders - INFO -   Lead Time Forecast: 16
2025-05-01 14:31:10,777 - diagnose_orders - INFO -   Lead Time Variance: 20.0
2025-05-01 14:31:10,777 - diagnose_orders - INFO -   MADP: 16.0
2025-05-01 14:31:10,777 - diagnose_orders - INFO -   Vendor Order Cycle: 21
2025-05-01 14:31:10,777 - diagnose_orders - INFO - Item 19 (Laptop Cooling Pad):
2025-05-01 14:31:10,777 - diagnose_orders - INFO -   Safety Stock Time Factor: 2.989728750939299
2025-05-01 14:31:10,777 - diagnose_orders - INFO -   Item Order Point Units: 1.3564091964956642
2025-05-01 14:31:10,778 - diagnose_orders - INFO -   Order Up To Level Units: 2.856409196495664
2025-05-01 14:31:10,778 - diagnose_orders - INFO -   Lead Time Forecast: 16
2025-05-01 14:31:10,778 - diagnose_orders - INFO -   Lead Time Variance: 20.0
2025-05-01 14:31:10,778 - diagnose_orders - INFO -   MADP: 30.0
2025-05-01 14:31:10,778 - diagnose_orders - INFO -   Vendor Order Cycle: 21
2025-05-01 14:31:10,778 - diagnose_orders - INFO - Item 20 (Wireless Earbuds):
2025-05-01 14:31:10,778 - diagnose_orders - INFO -   Safety Stock Time Factor: 3.6811988102612494
2025-05-01 14:31:10,778 - diagnose_orders - INFO -   Item Order Point Units: 1.4057999150186606
2025-05-01 14:31:10,779 - diagnose_orders - INFO -   Order Up To Level Units: 2.9057999150186604
2025-05-01 14:31:10,779 - diagnose_orders - INFO -   Lead Time Forecast: 16
2025-05-01 14:31:10,779 - diagnose_orders - INFO -   Lead Time Variance: 20.0
2025-05-01 14:31:10,779 - diagnose_orders - INFO -   MADP: 45.0
2025-05-01 14:31:10,779 - diagnose_orders - INFO -   Vendor Order Cycle: 21
2025-05-01 14:31:10,779 - diagnose_orders - INFO - Item 21 (CPU Cooling Fan):
2025-05-01 14:31:10,779 - diagnose_orders - INFO -   Safety Stock Time Factor: 1.4689317477768107
2025-05-01 14:31:10,779 - diagnose_orders - INFO -   Item Order Point Units: 2.133980499364803
2025-05-01 14:31:10,779 - diagnose_orders - INFO -   Order Up To Level Units: 4.133980499364803
2025-05-01 14:31:10,779 - diagnose_orders - INFO -   Lead Time Forecast: 6
2025-05-01 14:31:10,780 - diagnose_orders - INFO -   Lead Time Variance: 10.0
2025-05-01 14:31:10,780 - diagnose_orders - INFO -   MADP: 16.0
2025-05-01 14:31:10,780 - diagnose_orders - INFO -   Vendor Order Cycle: 7
2025-05-01 14:31:10,780 - diagnose_orders - INFO - Item 22 (Thermal Paste, 5g):
2025-05-01 14:31:10,780 - diagnose_orders - INFO -   Safety Stock Time Factor: 1.374059831183965
2025-05-01 14:31:10,780 - diagnose_orders - INFO -   Item Order Point Units: 4.213748474962266
2025-05-01 14:31:10,780 - diagnose_orders - INFO -   Order Up To Level Units: 8.213748474962266
2025-05-01 14:31:10,781 - diagnose_orders - INFO -   Lead Time Forecast: 6
2025-05-01 14:31:10,781 - diagnose_orders - INFO -   Lead Time Variance: 10.0
2025-05-01 14:31:10,781 - diagnose_orders - INFO -   MADP: 12.0
2025-05-01 14:31:10,781 - diagnose_orders - INFO -   Vendor Order Cycle: 7
2025-05-01 14:31:10,781 - diagnose_orders - INFO - Item 23 (SATA Cable, 18"):
2025-05-01 14:31:10,781 - diagnose_orders - INFO -   Safety Stock Time Factor: 1.3349453050776214
2025-05-01 14:31:10,781 - diagnose_orders - INFO -   Item Order Point Units: 6.287095975780818
2025-05-01 14:31:10,781 - diagnose_orders - INFO -   Order Up To Level Units: 12.287095975780817
2025-05-01 14:31:10,782 - diagnose_orders - INFO -   Lead Time Forecast: 6
2025-05-01 14:31:10,782 - diagnose_orders - INFO -   Lead Time Variance: 10.0
2025-05-01 14:31:10,782 - diagnose_orders - INFO -   MADP: 10.0
2025-05-01 14:31:10,782 - diagnose_orders - INFO -   Vendor Order Cycle: 7
2025-05-01 14:31:10,782 - diagnose_orders - INFO - Item 24 (Case Fan, 120mm):
2025-05-01 14:31:10,782 - diagnose_orders - INFO -   Safety Stock Time Factor: 1.443296857952399
2025-05-01 14:31:10,782 - diagnose_orders - INFO -   Item Order Point Units: 2.658320306411571
2025-05-01 14:31:10,782 - diagnose_orders - INFO -   Order Up To Level Units: 5.1583203064115715
2025-05-01 14:31:10,782 - diagnose_orders - INFO -   Lead Time Forecast: 6
2025-05-01 14:31:10,783 - diagnose_orders - INFO -   Lead Time Variance: 10.0
2025-05-01 14:31:10,783 - diagnose_orders - INFO -   MADP: 15.0
2025-05-01 14:31:10,783 - diagnose_orders - INFO -   Vendor Order Cycle: 7
2025-05-01 14:31:10,783 - diagnose_orders - INFO - Item 25 (Power Supply, 500W):
2025-05-01 14:31:10,783 - diagnose_orders - INFO -   Safety Stock Time Factor: 1.7453915745700206
2025-05-01 14:31:10,783 - diagnose_orders - INFO -   Item Order Point Units: 0.829863382989645
2025-05-01 14:31:10,783 - diagnose_orders - INFO -   Order Up To Level Units: 1.5798633829896451
2025-05-01 14:31:10,783 - diagnose_orders - INFO -   Lead Time Forecast: 6
2025-05-01 14:31:10,783 - diagnose_orders - INFO -   Lead Time Variance: 10.0
2025-05-01 14:31:10,783 - diagnose_orders - INFO -   MADP: 25.0
2025-05-01 14:31:10,783 - diagnose_orders - INFO -   Vendor Order Cycle: 7
2025-05-01 14:31:10,784 - diagnose_orders - INFO - Item 26 (SSD, 500GB):
2025-05-01 14:31:10,784 - diagnose_orders - INFO -   Safety Stock Time Factor: 1.523653204458102
2025-05-01 14:31:10,784 - diagnose_orders - INFO -   Item Order Point Units: 1.6122114009553075
2025-05-01 14:31:10,784 - diagnose_orders - INFO -   Order Up To Level Units: 3.1122114009553075
2025-05-01 14:31:10,784 - diagnose_orders - INFO -   Lead Time Forecast: 6
2025-05-01 14:31:10,784 - diagnose_orders - INFO -   Lead Time Variance: 10.0
2025-05-01 14:31:10,784 - diagnose_orders - INFO -   MADP: 18.0
2025-05-01 14:31:10,784 - diagnose_orders - INFO -   Vendor Order Cycle: 7
2025-05-01 14:31:10,785 - diagnose_orders - INFO - Item 27 (RAM, 16GB):
2025-05-01 14:31:10,785 - diagnose_orders - INFO -   Safety Stock Time Factor: 1.582574931512674
2025-05-01 14:31:10,785 - diagnose_orders - INFO -   Item Order Point Units: 1.0832249902160962
2025-05-01 14:31:10,785 - diagnose_orders - INFO -   Order Up To Level Units: 2.083224990216096
2025-05-01 14:31:10,785 - diagnose_orders - INFO -   Lead Time Forecast: 6
2025-05-01 14:31:10,785 - diagnose_orders - INFO -   Lead Time Variance: 10.0
2025-05-01 14:31:10,785 - diagnose_orders - INFO -   MADP: 20.0
2025-05-01 14:31:10,785 - diagnose_orders - INFO -   Vendor Order Cycle: 7
2025-05-01 14:31:10,785 - diagnose_orders - INFO - Item 28 (Graphics Card, Mid-range):
2025-05-01 14:31:10,786 - diagnose_orders - INFO -   Safety Stock Time Factor: 2.1192736116856494
2025-05-01 14:31:10,786 - diagnose_orders - INFO -   Item Order Point Units: 0.5799481151204035
2025-05-01 14:31:10,786 - diagnose_orders - INFO -   Order Up To Level Units: 1.0799481151204036
2025-05-01 14:31:10,786 - diagnose_orders - INFO -   Lead Time Forecast: 6
2025-05-01 14:31:10,786 - diagnose_orders - INFO -   Lead Time Variance: 10.0
2025-05-01 14:31:10,786 - diagnose_orders - INFO -   MADP: 35.0
2025-05-01 14:31:10,786 - diagnose_orders - INFO -   Vendor Order Cycle: 7
2025-05-01 14:31:10,786 - diagnose_orders - INFO - Item 29 (Motherboard, ATX):
2025-05-01 14:31:10,786 - diagnose_orders - INFO -   Safety Stock Time Factor: 1.9257857680329555
2025-05-01 14:31:10,786 - diagnose_orders - INFO -   Item Order Point Units: 0.5661275548594968
2025-05-01 14:31:10,786 - diagnose_orders - INFO -   Order Up To Level Units: 1.0661275548594968
2025-05-01 14:31:10,786 - diagnose_orders - INFO -   Lead Time Forecast: 6
2025-05-01 14:31:10,787 - diagnose_orders - INFO -   Lead Time Variance: 10.0
2025-05-01 14:31:10,787 - diagnose_orders - INFO -   MADP: 30.0
2025-05-01 14:31:10,787 - diagnose_orders - INFO -   Vendor Order Cycle: 7
2025-05-01 14:31:10,787 - diagnose_orders - INFO - Item 30 (PC Case, Mid-tower):
2025-05-01 14:31:10,787 - diagnose_orders - INFO -   Safety Stock Time Factor: 1.6452457138121779
2025-05-01 14:31:10,787 - diagnose_orders - INFO -   Item Order Point Units: 0.819133469337019
2025-05-01 14:31:10,787 - diagnose_orders - INFO -   Order Up To Level Units: 1.569133469337019
2025-05-01 14:31:10,787 - diagnose_orders - INFO -   Lead Time Forecast: 6
2025-05-01 14:31:10,787 - diagnose_orders - INFO -   Lead Time Variance: 10.0
2025-05-01 14:31:10,787 - diagnose_orders - INFO -   MADP: 22.0
2025-05-01 14:31:10,787 - diagnose_orders - INFO -   Vendor Order Cycle: 7
2025-05-01 14:31:10,787 - diagnose_orders - INFO - Item 31 (Laptop Battery, Standard):
2025-05-01 14:31:10,787 - diagnose_orders - INFO -   Safety Stock Time Factor: 2.23536728354423
2025-05-01 14:31:10,787 - diagnose_orders - INFO -   Item Order Point Units: 3.4790072750451917
2025-05-01 14:31:10,788 - diagnose_orders - INFO -   Order Up To Level Units: 6.479007275045191
2025-05-01 14:31:10,788 - diagnose_orders - INFO -   Lead Time Forecast: 14
2025-05-01 14:31:10,788 - diagnose_orders - INFO -   Lead Time Variance: 18.0
2025-05-01 14:31:10,788 - diagnose_orders - INFO -   MADP: 18.0
2025-05-01 14:31:10,788 - diagnose_orders - INFO -   Vendor Order Cycle: 14
2025-05-01 14:31:10,788 - diagnose_orders - INFO - Item 32 (Laptop Screen, 15.6"):
2025-05-01 14:31:10,788 - diagnose_orders - INFO -   Safety Stock Time Factor: 2.635690370353657
2025-05-01 14:31:10,788 - diagnose_orders - INFO -   Item Order Point Units: 1.188263597882404
2025-05-01 14:31:10,788 - diagnose_orders - INFO -   Order Up To Level Units: 2.188263597882404
2025-05-01 14:31:10,788 - diagnose_orders - INFO -   Lead Time Forecast: 14
2025-05-01 14:31:10,788 - diagnose_orders - INFO -   Lead Time Variance: 18.0
2025-05-01 14:31:10,788 - diagnose_orders - INFO -   MADP: 30.0
2025-05-01 14:31:10,789 - diagnose_orders - INFO -   Vendor Order Cycle: 14
2025-05-01 14:31:10,789 - diagnose_orders - INFO - Item 33 (Laptop Keyboard):
2025-05-01 14:31:10,789 - diagnose_orders - INFO -   Safety Stock Time Factor: 2.2632116793984993
2025-05-01 14:31:10,789 - diagnose_orders - INFO -   Item Order Point Units: 2.3233159541997854
2025-05-01 14:31:10,789 - diagnose_orders - INFO -   Order Up To Level Units: 4.323315954199785
2025-05-01 14:31:10,789 - diagnose_orders - INFO -   Lead Time Forecast: 14
2025-05-01 14:31:10,789 - diagnose_orders - INFO -   Lead Time Variance: 18.0
2025-05-01 14:31:10,789 - diagnose_orders - INFO -   MADP: 19.0
2025-05-01 14:31:10,789 - diagnose_orders - INFO -   Vendor Order Cycle: 14
2025-05-01 14:31:10,789 - diagnose_orders - INFO - Item 34 (Laptop Charger, Universal):
2025-05-01 14:31:10,789 - diagnose_orders - INFO -   Safety Stock Time Factor: 2.1590996239512386
2025-05-01 14:31:10,790 - diagnose_orders - INFO -   Item Order Point Units: 4.616885606843211
2025-05-01 14:31:10,790 - diagnose_orders - INFO -   Order Up To Level Units: 8.61688560684321
2025-05-01 14:31:10,790 - diagnose_orders - INFO -   Lead Time Forecast: 14
2025-05-01 14:31:10,790 - diagnose_orders - INFO -   Lead Time Variance: 18.0
2025-05-01 14:31:10,791 - diagnose_orders - INFO -   MADP: 15.0
2025-05-01 14:31:10,791 - diagnose_orders - INFO -   Vendor Order Cycle: 14
2025-05-01 14:31:10,791 - diagnose_orders - INFO - Item 35 (Laptop Memory, 8GB):
2025-05-01 14:31:10,791 - diagnose_orders - INFO -   Safety Stock Time Factor: 2.3534087363072813
2025-05-01 14:31:10,791 - diagnose_orders - INFO -   Item Order Point Units: 1.7521509360329228
2025-05-01 14:31:10,791 - diagnose_orders - INFO -   Order Up To Level Units: 3.2521509360329226
2025-05-01 14:31:10,791 - diagnose_orders - INFO -   Lead Time Forecast: 14
2025-05-01 14:31:10,791 - diagnose_orders - INFO -   Lead Time Variance: 18.0
2025-05-01 14:31:10,792 - diagnose_orders - INFO -   MADP: 22.0
2025-05-01 14:31:10,792 - diagnose_orders - INFO -   Vendor Order Cycle: 14
2025-05-01 14:31:10,792 - diagnose_orders - INFO - Item 36 (Shipping Box, Medium):
2025-05-01 14:31:10,792 - diagnose_orders - INFO -   Safety Stock Time Factor: 0.85699404865561
2025-05-01 14:31:10,792 - diagnose_orders - INFO -   Item Order Point Units: 27.754251706603483
2025-05-01 14:31:10,793 - diagnose_orders - INFO -   Order Up To Level Units: 56.32568027803205
2025-05-01 14:31:10,793 - diagnose_orders - INFO -   Lead Time Forecast: 4
2025-05-01 14:31:10,793 - diagnose_orders - INFO -   Lead Time Variance: 5.0
2025-05-01 14:31:10,793 - diagnose_orders - INFO -   MADP: 8.0
2025-05-01 14:31:10,793 - diagnose_orders - INFO -   Vendor Order Cycle: 5
2025-05-01 14:31:10,793 - diagnose_orders - INFO - Item 37 (Shipping Box, Small):
2025-05-01 14:31:10,793 - diagnose_orders - INFO -   Safety Stock Time Factor: 0.8400891523096554
2025-05-01 14:31:10,793 - diagnose_orders - INFO -   Item Order Point Units: 34.5720653736404
2025-05-01 14:31:10,793 - diagnose_orders - INFO -   Order Up To Level Units: 70.2863510879261
2025-05-01 14:31:10,793 - diagnose_orders - INFO -   Lead Time Forecast: 4
2025-05-01 14:31:10,793 - diagnose_orders - INFO -   Lead Time Variance: 5.0
2025-05-01 14:31:10,794 - diagnose_orders - INFO -   MADP: 7.0
2025-05-01 14:31:10,794 - diagnose_orders - INFO -   Vendor Order Cycle: 5
2025-05-01 14:31:10,794 - diagnose_orders - INFO - Item 38 (Shipping Box, Large):
2025-05-01 14:31:10,794 - diagnose_orders - INFO -   Safety Stock Time Factor: 0.8962658293596845
2025-05-01 14:31:10,794 - diagnose_orders - INFO -   Item Order Point Units: 10.491998205770752
2025-05-01 14:31:10,794 - diagnose_orders - INFO -   Order Up To Level Units: 21.206283920056467
2025-05-01 14:31:10,794 - diagnose_orders - INFO -   Lead Time Forecast: 4
2025-05-01 14:31:10,794 - diagnose_orders - INFO -   Lead Time Variance: 5.0
2025-05-01 14:31:10,794 - diagnose_orders - INFO -   MADP: 10.0
2025-05-01 14:31:10,794 - diagnose_orders - INFO -   Vendor Order Cycle: 5
2025-05-01 14:31:10,794 - diagnose_orders - INFO - Item 39 (Packing Tape, Roll):
2025-05-01 14:31:10,795 - diagnose_orders - INFO -   Safety Stock Time Factor: 0.8757585381338188
2025-05-01 14:31:10,795 - diagnose_orders - INFO -   Item Order Point Units: 8.358443208229403
2025-05-01 14:31:10,795 - diagnose_orders - INFO -   Order Up To Level Units: 16.929871779657976
2025-05-01 14:31:10,795 - diagnose_orders - INFO -   Lead Time Forecast: 4
2025-05-01 14:31:10,795 - diagnose_orders - INFO -   Lead Time Variance: 5.0
2025-05-01 14:31:10,795 - diagnose_orders - INFO -   MADP: 9.0
2025-05-01 14:31:10,795 - diagnose_orders - INFO -   Vendor Order Cycle: 5
2025-05-01 14:31:10,795 - diagnose_orders - INFO - Item 40 (Bubble Wrap, Roll):
2025-05-01 14:31:10,795 - diagnose_orders - INFO -   Safety Stock Time Factor: 0.9420439918846433
2025-05-01 14:31:10,795 - diagnose_orders - INFO -   Item Order Point Units: 3.5300314227747456
2025-05-01 14:31:10,796 - diagnose_orders - INFO -   Order Up To Level Units: 7.101459994203317
2025-05-01 14:31:10,796 - diagnose_orders - INFO -   Lead Time Forecast: 4
2025-05-01 14:31:10,796 - diagnose_orders - INFO -   Lead Time Variance: 5.0
2025-05-01 14:31:10,796 - diagnose_orders - INFO -   MADP: 12.0
2025-05-01 14:31:10,796 - diagnose_orders - INFO -   Vendor Order Cycle: 5
2025-05-01 14:31:10,796 - diagnose_orders - INFO - 
Checking current stock levels...
2025-05-01 14:31:10,798 - diagnose_orders - INFO - Item 1 (Premium Copy Paper, Case):
2025-05-01 14:31:10,798 - diagnose_orders - INFO -   On Hand: 80.0
2025-05-01 14:31:10,798 - diagnose_orders - INFO -   On Order: 40.0
2025-05-01 14:31:10,798 - diagnose_orders - INFO -   Customer Back Order: 0.0
2025-05-01 14:31:10,798 - diagnose_orders - INFO -   Reserved: 0.0
2025-05-01 14:31:10,799 - diagnose_orders - INFO -   Item Order Point Units: 20.393807016953854
2025-05-01 14:31:10,799 - diagnose_orders - INFO -   Order Up To Level Units: 40.39380701695385
2025-05-01 14:31:10,799 - diagnose_orders - INFO -   Total Available: 120.0
2025-05-01 14:31:10,799 - diagnose_orders - INFO -   Is at Order Point: False
2025-05-01 14:31:10,799 - diagnose_orders - INFO - Item 2 (Standard Staples, Box):
2025-05-01 14:31:10,799 - diagnose_orders - INFO -   On Hand: 350.0
2025-05-01 14:31:10,799 - diagnose_orders - INFO -   On Order: 500.0
2025-05-01 14:31:10,799 - diagnose_orders - INFO -   Customer Back Order: 0.0
2025-05-01 14:31:10,799 - diagnose_orders - INFO -   Reserved: 0.0
2025-05-01 14:31:10,799 - diagnose_orders - INFO -   Item Order Point Units: 100.68069546613727
2025-05-01 14:31:10,799 - diagnose_orders - INFO -   Order Up To Level Units: 200.68069546613728
2025-05-01 14:31:10,800 - diagnose_orders - INFO -   Total Available: 850.0
2025-05-01 14:31:10,800 - diagnose_orders - INFO -   Is at Order Point: False
2025-05-01 14:31:10,800 - diagnose_orders - INFO - Item 3 (Paper Clips, Box):
2025-05-01 14:31:10,800 - diagnose_orders - INFO -   On Hand: 480.0
2025-05-01 14:31:10,800 - diagnose_orders - INFO -   On Order: 480.0
2025-05-01 14:31:10,800 - diagnose_orders - INFO -   Customer Back Order: 0.0
2025-05-01 14:31:10,800 - diagnose_orders - INFO -   Reserved: 0.0
2025-05-01 14:31:10,800 - diagnose_orders - INFO -   Item Order Point Units: 160.6070710847674
2025-05-01 14:31:10,800 - diagnose_orders - INFO -   Order Up To Level Units: 320.6070710847674
2025-05-01 14:31:10,801 - diagnose_orders - INFO -   Total Available: 960.0
2025-05-01 14:31:10,801 - diagnose_orders - INFO -   Is at Order Point: False
2025-05-01 14:31:10,801 - diagnose_orders - INFO - Item 4 (Sticky Notes, Pad):
2025-05-01 14:31:10,801 - diagnose_orders - INFO -   On Hand: 120.0
2025-05-01 14:31:10,801 - diagnose_orders - INFO -   On Order: 72.0
2025-05-01 14:31:10,801 - diagnose_orders - INFO -   Customer Back Order: 0.0
2025-05-01 14:31:10,801 - diagnose_orders - INFO -   Reserved: 0.0
2025-05-01 14:31:10,801 - diagnose_orders - INFO -   Item Order Point Units: 30.366005274667177
2025-05-01 14:31:10,802 - diagnose_orders - INFO -   Order Up To Level Units: 60.366005274667174
2025-05-01 14:31:10,802 - diagnose_orders - INFO -   Total Available: 192.0
2025-05-01 14:31:10,802 - diagnose_orders - INFO -   Is at Order Point: False
2025-05-01 14:31:10,802 - diagnose_orders - INFO - Item 5 (Ball Point Pens, Box):
2025-05-01 14:31:10,802 - diagnose_orders - INFO -   On Hand: 65.0
2025-05-01 14:31:10,802 - diagnose_orders - INFO -   On Order: 60.0
2025-05-01 14:31:10,802 - diagnose_orders - INFO -   Customer Back Order: 0.0
2025-05-01 14:31:10,802 - diagnose_orders - INFO -   Reserved: 0.0
2025-05-01 14:31:10,802 - diagnose_orders - INFO -   Item Order Point Units: 20.284305159887015
2025-05-01 14:31:10,803 - diagnose_orders - INFO -   Order Up To Level Units: 40.28430515988702
2025-05-01 14:31:10,803 - diagnose_orders - INFO -   Total Available: 125.0
2025-05-01 14:31:10,803 - diagnose_orders - INFO -   Is at Order Point: False
2025-05-01 14:31:10,803 - diagnose_orders - INFO - Item 6 (Gel Pens, Premium, Box):
2025-05-01 14:31:10,803 - diagnose_orders - INFO -   On Hand: 24.0
2025-05-01 14:31:10,803 - diagnose_orders - INFO -   On Order: 0.0
2025-05-01 14:31:10,803 - diagnose_orders - INFO -   Customer Back Order: 0.0
2025-05-01 14:31:10,803 - diagnose_orders - INFO -   Reserved: 0.0
2025-05-01 14:31:10,803 - diagnose_orders - INFO -   Item Order Point Units: 3.084925613026801
2025-05-01 14:31:10,803 - diagnose_orders - INFO -   Order Up To Level Units: 6.084925613026801
2025-05-01 14:31:10,804 - diagnose_orders - INFO -   Total Available: 24.0
2025-05-01 14:31:10,804 - diagnose_orders - INFO -   Is at Order Point: False
2025-05-01 14:31:10,804 - diagnose_orders - INFO - Item 7 (Desk Organizer, Mesh):
2025-05-01 14:31:10,804 - diagnose_orders - INFO -   On Hand: 16.0
2025-05-01 14:31:10,804 - diagnose_orders - INFO -   On Order: 8.0
2025-05-01 14:31:10,804 - diagnose_orders - INFO -   Customer Back Order: 0.0
2025-05-01 14:31:10,804 - diagnose_orders - INFO -   Reserved: 0.0
2025-05-01 14:31:10,804 - diagnose_orders - INFO -   Item Order Point Units: 4.270778350527668
2025-05-01 14:31:10,804 - diagnose_orders - INFO -   Order Up To Level Units: 8.270778350527669
2025-05-01 14:31:10,805 - diagnose_orders - INFO -   Total Available: 24.0
2025-05-01 14:31:10,805 - diagnose_orders - INFO -   Is at Order Point: False
2025-05-01 14:31:10,805 - diagnose_orders - INFO - Item 8 (File Folders, Pack of 25):
2025-05-01 14:31:10,805 - diagnose_orders - INFO -   On Hand: 45.0
2025-05-01 14:31:10,805 - diagnose_orders - INFO -   On Order: 15.0
2025-05-01 14:31:10,805 - diagnose_orders - INFO -   Customer Back Order: 0.0
2025-05-01 14:31:10,805 - diagnose_orders - INFO -   Reserved: 0.0
2025-05-01 14:31:10,805 - diagnose_orders - INFO -   Item Order Point Units: 10.102910976195222
2025-05-01 14:31:10,805 - diagnose_orders - INFO -   Order Up To Level Units: 20.102910976195226
2025-05-01 14:31:10,806 - diagnose_orders - INFO -   Total Available: 60.0
2025-05-01 14:31:10,806 - diagnose_orders - INFO -   Is at Order Point: False
2025-05-01 14:31:10,806 - diagnose_orders - INFO - Item 9 (Binder Clips, Assorted):
2025-05-01 14:31:10,806 - diagnose_orders - INFO -   On Hand: 110.0
2025-05-01 14:31:10,806 - diagnose_orders - INFO -   On Order: 50.0
2025-05-01 14:31:10,806 - diagnose_orders - INFO -   Customer Back Order: 0.0
2025-05-01 14:31:10,806 - diagnose_orders - INFO -   Reserved: 0.0
2025-05-01 14:31:10,806 - diagnose_orders - INFO -   Item Order Point Units: 24.203808834164178
2025-05-01 14:31:10,806 - diagnose_orders - INFO -   Order Up To Level Units: 48.20380883416418
2025-05-01 14:31:10,807 - diagnose_orders - INFO -   Total Available: 160.0
2025-05-01 14:31:10,807 - diagnose_orders - INFO -   Is at Order Point: False
2025-05-01 14:31:10,807 - diagnose_orders - INFO - Item 10 (Whiteboard Markers, Set):
2025-05-01 14:31:10,807 - diagnose_orders - INFO -   On Hand: 36.0
2025-05-01 14:31:10,807 - diagnose_orders - INFO -   On Order: 28.0
2025-05-01 14:31:10,807 - diagnose_orders - INFO -   Customer Back Order: 0.0
2025-05-01 14:31:10,807 - diagnose_orders - INFO -   Reserved: 0.0
2025-05-01 14:31:10,807 - diagnose_orders - INFO -   Item Order Point Units: 10.163323186682263
2025-05-01 14:31:10,808 - diagnose_orders - INFO -   Order Up To Level Units: 20.163323186682263
2025-05-01 14:31:10,808 - diagnose_orders - INFO -   Total Available: 64.0
2025-05-01 14:31:10,808 - diagnose_orders - INFO -   Is at Order Point: False
2025-05-01 14:31:10,808 - diagnose_orders - INFO - Item 11 (USB Flash Drive, 64GB):
2025-05-01 14:31:10,808 - diagnose_orders - INFO -   On Hand: 35.0
2025-05-01 14:31:10,808 - diagnose_orders - INFO -   On Order: 25.0
2025-05-01 14:31:10,808 - diagnose_orders - INFO -   Customer Back Order: 0.0
2025-05-01 14:31:10,808 - diagnose_orders - INFO -   Reserved: 0.0
2025-05-01 14:31:10,808 - diagnose_orders - INFO -   Item Order Point Units: 10.642611503174539
2025-05-01 14:31:10,808 - diagnose_orders - INFO -   Order Up To Level Units: 22.642611503174535
2025-05-01 14:31:10,808 - diagnose_orders - INFO -   Total Available: 60.0
2025-05-01 14:31:10,808 - diagnose_orders - INFO -   Is at Order Point: False
2025-05-01 14:31:10,809 - diagnose_orders - INFO - Item 12 (Wireless Mouse):
2025-05-01 14:31:10,809 - diagnose_orders - INFO -   On Hand: 28.0
2025-05-01 14:31:10,809 - diagnose_orders - INFO -   On Order: 12.0
2025-05-01 14:31:10,809 - diagnose_orders - INFO -   Customer Back Order: 0.0
2025-05-01 14:31:10,809 - diagnose_orders - INFO -   Reserved: 0.0
2025-05-01 14:31:10,809 - diagnose_orders - INFO -   Item Order Point Units: 7.956221927598211
2025-05-01 14:31:10,809 - diagnose_orders - INFO -   Order Up To Level Units: 16.956221927598207
2025-05-01 14:31:10,809 - diagnose_orders - INFO -   Total Available: 40.0
2025-05-01 14:31:10,809 - diagnose_orders - INFO -   Is at Order Point: False
2025-05-01 14:31:10,809 - diagnose_orders - INFO - Item 13 (USB-C Cable, 6ft):
2025-05-01 14:31:10,809 - diagnose_orders - INFO -   On Hand: 60.0
2025-05-01 14:31:10,809 - diagnose_orders - INFO -   On Order: 30.0
2025-05-01 14:31:10,809 - diagnose_orders - INFO -   Customer Back Order: 0.0
2025-05-01 14:31:10,810 - diagnose_orders - INFO -   Reserved: 0.0
2025-05-01 14:31:10,810 - diagnose_orders - INFO -   Item Order Point Units: 18.484115536424905
2025-05-01 14:31:10,810 - diagnose_orders - INFO -   Order Up To Level Units: 39.48411553642491
2025-05-01 14:31:10,810 - diagnose_orders - INFO -   Total Available: 90.0
2025-05-01 14:31:10,810 - diagnose_orders - INFO -   Is at Order Point: False
2025-05-01 14:31:10,810 - diagnose_orders - INFO - Item 14 (Wireless Keyboard):
2025-05-01 14:31:10,810 - diagnose_orders - INFO -   On Hand: 8.0
2025-05-01 14:31:10,810 - diagnose_orders - INFO -   On Order: 4.0
2025-05-01 14:31:10,810 - diagnose_orders - INFO -   Customer Back Order: 0.0
2025-05-01 14:31:10,810 - diagnose_orders - INFO -   Reserved: 0.0
2025-05-01 14:31:10,810 - diagnose_orders - INFO -   Item Order Point Units: 2.0137287758674653
2025-05-01 14:31:10,810 - diagnose_orders - INFO -   Order Up To Level Units: 4.263728775867466
2025-05-01 14:31:10,811 - diagnose_orders - INFO -   Total Available: 12.0
2025-05-01 14:31:10,811 - diagnose_orders - INFO -   Is at Order Point: False
2025-05-01 14:31:10,811 - diagnose_orders - INFO - Item 15 (Bluetooth Speaker, Portable):
2025-05-01 14:31:10,811 - diagnose_orders - INFO -   On Hand: 12.0
2025-05-01 14:31:10,811 - diagnose_orders - INFO -   On Order: 3.0
2025-05-01 14:31:10,811 - diagnose_orders - INFO -   Customer Back Order: 0.0
2025-05-01 14:31:10,811 - diagnose_orders - INFO -   Reserved: 0.0
2025-05-01 14:31:10,811 - diagnose_orders - INFO -   Item Order Point Units: 1.3883120671426623
2025-05-01 14:31:10,811 - diagnose_orders - INFO -   Order Up To Level Units: 2.888312067142662
2025-05-01 14:31:10,811 - diagnose_orders - INFO -   Total Available: 15.0
2025-05-01 14:31:10,811 - diagnose_orders - INFO -   Is at Order Point: False
2025-05-01 14:31:10,811 - diagnose_orders - INFO - Item 16 (HDMI Cable, 10ft):
2025-05-01 14:31:10,811 - diagnose_orders - INFO -   On Hand: 22.0
2025-05-01 14:31:10,812 - diagnose_orders - INFO -   On Order: 6.0
2025-05-01 14:31:10,812 - diagnose_orders - INFO -   Customer Back Order: 0.0
2025-05-01 14:31:10,812 - diagnose_orders - INFO -   Reserved: 0.0
2025-05-01 14:31:10,812 - diagnose_orders - INFO -   Item Order Point Units: 5.296109727578102
2025-05-01 14:31:10,812 - diagnose_orders - INFO -   Order Up To Level Units: 11.296109727578102
2025-05-01 14:31:10,812 - diagnose_orders - INFO -   Total Available: 28.0
2025-05-01 14:31:10,812 - diagnose_orders - INFO -   Is at Order Point: False
2025-05-01 14:31:10,812 - diagnose_orders - INFO - Item 17 (USB Hub, 4-Port):
2025-05-01 14:31:10,812 - diagnose_orders - INFO -   On Hand: 16.0
2025-05-01 14:31:10,812 - diagnose_orders - INFO -   On Order: 6.0
2025-05-01 14:31:10,812 - diagnose_orders - INFO -   Customer Back Order: 0.0
2025-05-01 14:31:10,812 - diagnose_orders - INFO -   Reserved: 0.0
2025-05-01 14:31:10,812 - diagnose_orders - INFO -   Item Order Point Units: 3.98441303338039
2025-05-01 14:31:10,812 - diagnose_orders - INFO -   Order Up To Level Units: 8.48441303338039
2025-05-01 14:31:10,813 - diagnose_orders - INFO -   Total Available: 22.0
2025-05-01 14:31:10,813 - diagnose_orders - INFO -   Is at Order Point: False
2025-05-01 14:31:10,813 - diagnose_orders - INFO - Item 18 (Power Strip, 6-Outlet):
2025-05-01 14:31:10,813 - diagnose_orders - INFO -   On Hand: 24.0
2025-05-01 14:31:10,813 - diagnose_orders - INFO -   On Order: 8.0
2025-05-01 14:31:10,813 - diagnose_orders - INFO -   Customer Back Order: 0.0
2025-05-01 14:31:10,813 - diagnose_orders - INFO -   Reserved: 0.0
2025-05-01 14:31:10,813 - diagnose_orders - INFO -   Item Order Point Units: 6.610560373498393
2025-05-01 14:31:10,813 - diagnose_orders - INFO -   Order Up To Level Units: 14.110560373498394
2025-05-01 14:31:10,813 - diagnose_orders - INFO -   Total Available: 32.0
2025-05-01 14:31:10,813 - diagnose_orders - INFO -   Is at Order Point: False
2025-05-01 14:31:10,814 - diagnose_orders - INFO - Item 19 (Laptop Cooling Pad):
2025-05-01 14:31:10,814 - diagnose_orders - INFO -   On Hand: 6.0
2025-05-01 14:31:10,814 - diagnose_orders - INFO -   On Order: 0.0
2025-05-01 14:31:10,814 - diagnose_orders - INFO -   Customer Back Order: 0.0
2025-05-01 14:31:10,814 - diagnose_orders - INFO -   Reserved: 0.0
2025-05-01 14:31:10,814 - diagnose_orders - INFO -   Item Order Point Units: 1.3564091964956642
2025-05-01 14:31:10,814 - diagnose_orders - INFO -   Order Up To Level Units: 2.856409196495664
2025-05-01 14:31:10,814 - diagnose_orders - INFO -   Total Available: 6.0
2025-05-01 14:31:10,814 - diagnose_orders - INFO -   Is at Order Point: False
2025-05-01 14:31:10,814 - diagnose_orders - INFO - Item 20 (Wireless Earbuds):
2025-05-01 14:31:10,814 - diagnose_orders - INFO -   On Hand: 9.0
2025-05-01 14:31:10,814 - diagnose_orders - INFO -   On Order: 3.0
2025-05-01 14:31:10,815 - diagnose_orders - INFO -   Customer Back Order: 0.0
2025-05-01 14:31:10,815 - diagnose_orders - INFO -   Reserved: 0.0
2025-05-01 14:31:10,815 - diagnose_orders - INFO -   Item Order Point Units: 1.4057999150186606
2025-05-01 14:31:10,815 - diagnose_orders - INFO -   Order Up To Level Units: 2.9057999150186604
2025-05-01 14:31:10,815 - diagnose_orders - INFO -   Total Available: 12.0
2025-05-01 14:31:10,815 - diagnose_orders - INFO -   Is at Order Point: False
2025-05-01 14:31:10,815 - diagnose_orders - INFO - Item 21 (CPU Cooling Fan):
2025-05-01 14:31:10,816 - diagnose_orders - INFO -   On Hand: 18.0
2025-05-01 14:31:10,816 - diagnose_orders - INFO -   On Order: 10.0
2025-05-01 14:31:10,816 - diagnose_orders - INFO -   Customer Back Order: 0.0
2025-05-01 14:31:10,816 - diagnose_orders - INFO -   Reserved: 0.0
2025-05-01 14:31:10,816 - diagnose_orders - INFO -   Item Order Point Units: 2.133980499364803
2025-05-01 14:31:10,816 - diagnose_orders - INFO -   Order Up To Level Units: 4.133980499364803
2025-05-01 14:31:10,816 - diagnose_orders - INFO -   Total Available: 28.0
2025-05-01 14:31:10,816 - diagnose_orders - INFO -   Is at Order Point: False
2025-05-01 14:31:10,816 - diagnose_orders - INFO - Item 22 (Thermal Paste, 5g):
2025-05-01 14:31:10,816 - diagnose_orders - INFO -   On Hand: 35.0
2025-05-01 14:31:10,817 - diagnose_orders - INFO -   On Order: 15.0
2025-05-01 14:31:10,817 - diagnose_orders - INFO -   Customer Back Order: 0.0
2025-05-01 14:31:10,817 - diagnose_orders - INFO -   Reserved: 0.0
2025-05-01 14:31:10,817 - diagnose_orders - INFO -   Item Order Point Units: 4.213748474962266
2025-05-01 14:31:10,817 - diagnose_orders - INFO -   Order Up To Level Units: 8.213748474962266
2025-05-01 14:31:10,817 - diagnose_orders - INFO -   Total Available: 50.0
2025-05-01 14:31:10,817 - diagnose_orders - INFO -   Is at Order Point: False
2025-05-01 14:31:10,817 - diagnose_orders - INFO - Item 23 (SATA Cable, 18"):
2025-05-01 14:31:10,818 - diagnose_orders - INFO -   On Hand: 60.0
2025-05-01 14:31:10,818 - diagnose_orders - INFO -   On Order: 20.0
2025-05-01 14:31:10,818 - diagnose_orders - INFO -   Customer Back Order: 0.0
2025-05-01 14:31:10,818 - diagnose_orders - INFO -   Reserved: 0.0
2025-05-01 14:31:10,818 - diagnose_orders - INFO -   Item Order Point Units: 6.287095975780818
2025-05-01 14:31:10,818 - diagnose_orders - INFO -   Order Up To Level Units: 12.287095975780817
2025-05-01 14:31:10,818 - diagnose_orders - INFO -   Total Available: 80.0
2025-05-01 14:31:10,818 - diagnose_orders - INFO -   Is at Order Point: False
2025-05-01 14:31:10,818 - diagnose_orders - INFO - Item 24 (Case Fan, 120mm):
2025-05-01 14:31:10,819 - diagnose_orders - INFO -   On Hand: 24.0
2025-05-01 14:31:10,819 - diagnose_orders - INFO -   On Order: 8.0
2025-05-01 14:31:10,819 - diagnose_orders - INFO -   Customer Back Order: 0.0
2025-05-01 14:31:10,819 - diagnose_orders - INFO -   Reserved: 0.0
2025-05-01 14:31:10,819 - diagnose_orders - INFO -   Item Order Point Units: 2.658320306411571
2025-05-01 14:31:10,819 - diagnose_orders - INFO -   Order Up To Level Units: 5.1583203064115715
2025-05-01 14:31:10,819 - diagnose_orders - INFO -   Total Available: 32.0
2025-05-01 14:31:10,819 - diagnose_orders - INFO -   Is at Order Point: False
2025-05-01 14:31:10,819 - diagnose_orders - INFO - Item 25 (Power Supply, 500W):
2025-05-01 14:31:10,820 - diagnose_orders - INFO -   On Hand: 7.0
2025-05-01 14:31:10,820 - diagnose_orders - INFO -   On Order: 3.0
2025-05-01 14:31:10,820 - diagnose_orders - INFO -   Customer Back Order: 0.0
2025-05-01 14:31:10,820 - diagnose_orders - INFO -   Reserved: 0.0
2025-05-01 14:31:10,820 - diagnose_orders - INFO -   Item Order Point Units: 0.829863382989645
2025-05-01 14:31:10,820 - diagnose_orders - INFO -   Order Up To Level Units: 1.5798633829896451
2025-05-01 14:31:10,820 - diagnose_orders - INFO -   Total Available: 10.0
2025-05-01 14:31:10,820 - diagnose_orders - INFO -   Is at Order Point: False
2025-05-01 14:31:10,820 - diagnose_orders - INFO - Item 26 (SSD, 500GB):
2025-05-01 14:31:10,821 - diagnose_orders - INFO -   On Hand: 15.0
2025-05-01 14:31:10,821 - diagnose_orders - INFO -   On Order: 5.0
2025-05-01 14:31:10,821 - diagnose_orders - INFO -   Customer Back Order: 0.0
2025-05-01 14:31:10,821 - diagnose_orders - INFO -   Reserved: 0.0
2025-05-01 14:31:10,821 - diagnose_orders - INFO -   Item Order Point Units: 1.6122114009553075
2025-05-01 14:31:10,821 - diagnose_orders - INFO -   Order Up To Level Units: 3.1122114009553075
2025-05-01 14:31:10,821 - diagnose_orders - INFO -   Total Available: 20.0
2025-05-01 14:31:10,821 - diagnose_orders - INFO -   Is at Order Point: False
2025-05-01 14:31:10,821 - diagnose_orders - INFO - Item 27 (RAM, 16GB):
2025-05-01 14:31:10,821 - diagnose_orders - INFO -   On Hand: 12.0
2025-05-01 14:31:10,821 - diagnose_orders - INFO -   On Order: 4.0
2025-05-01 14:31:10,821 - diagnose_orders - INFO -   Customer Back Order: 0.0
2025-05-01 14:31:10,821 - diagnose_orders - INFO -   Reserved: 0.0
2025-05-01 14:31:10,822 - diagnose_orders - INFO -   Item Order Point Units: 1.0832249902160962
2025-05-01 14:31:10,822 - diagnose_orders - INFO -   Order Up To Level Units: 2.083224990216096
2025-05-01 14:31:10,822 - diagnose_orders - INFO -   Total Available: 16.0
2025-05-01 14:31:10,822 - diagnose_orders - INFO -   Is at Order Point: False
2025-05-01 14:31:10,822 - diagnose_orders - INFO - Item 28 (Graphics Card, Mid-range):
2025-05-01 14:31:10,822 - diagnose_orders - INFO -   On Hand: 6.0
2025-05-01 14:31:10,822 - diagnose_orders - INFO -   On Order: 2.0
2025-05-01 14:31:10,822 - diagnose_orders - INFO -   Customer Back Order: 0.0
2025-05-01 14:31:10,822 - diagnose_orders - INFO -   Reserved: 0.0
2025-05-01 14:31:10,822 - diagnose_orders - INFO -   Item Order Point Units: 0.5799481151204035
2025-05-01 14:31:10,822 - diagnose_orders - INFO -   Order Up To Level Units: 1.0799481151204036
2025-05-01 14:31:10,823 - diagnose_orders - INFO -   Total Available: 8.0
2025-05-01 14:31:10,823 - diagnose_orders - INFO -   Is at Order Point: False
2025-05-01 14:31:10,823 - diagnose_orders - INFO - Item 29 (Motherboard, ATX):
2025-05-01 14:31:10,823 - diagnose_orders - INFO -   On Hand: 5.0
2025-05-01 14:31:10,823 - diagnose_orders - INFO -   On Order: 2.0
2025-05-01 14:31:10,823 - diagnose_orders - INFO -   Customer Back Order: 0.0
2025-05-01 14:31:10,823 - diagnose_orders - INFO -   Reserved: 0.0
2025-05-01 14:31:10,823 - diagnose_orders - INFO -   Item Order Point Units: 0.5661275548594968
2025-05-01 14:31:10,823 - diagnose_orders - INFO -   Order Up To Level Units: 1.0661275548594968
2025-05-01 14:31:10,823 - diagnose_orders - INFO -   Total Available: 7.0
2025-05-01 14:31:10,823 - diagnose_orders - INFO -   Is at Order Point: False
2025-05-01 14:31:10,823 - diagnose_orders - INFO - Item 30 (PC Case, Mid-tower):
2025-05-01 14:31:10,823 - diagnose_orders - INFO -   On Hand: 8.0
2025-05-01 14:31:10,823 - diagnose_orders - INFO -   On Order: 2.0
2025-05-01 14:31:10,824 - diagnose_orders - INFO -   Customer Back Order: 0.0
2025-05-01 14:31:10,824 - diagnose_orders - INFO -   Reserved: 0.0
2025-05-01 14:31:10,824 - diagnose_orders - INFO -   Item Order Point Units: 0.819133469337019
2025-05-01 14:31:10,824 - diagnose_orders - INFO -   Order Up To Level Units: 1.569133469337019
2025-05-01 14:31:10,824 - diagnose_orders - INFO -   Total Available: 10.0
2025-05-01 14:31:10,824 - diagnose_orders - INFO -   Is at Order Point: False
2025-05-01 14:31:10,824 - diagnose_orders - INFO - Item 31 (Laptop Battery, Standard):
2025-05-01 14:31:10,824 - diagnose_orders - INFO -   On Hand: 14.0
2025-05-01 14:31:10,824 - diagnose_orders - INFO -   On Order: 6.0
2025-05-01 14:31:10,824 - diagnose_orders - INFO -   Customer Back Order: 0.0
2025-05-01 14:31:10,824 - diagnose_orders - INFO -   Reserved: 0.0
2025-05-01 14:31:10,824 - diagnose_orders - INFO -   Item Order Point Units: 3.4790072750451917
2025-05-01 14:31:10,824 - diagnose_orders - INFO -   Order Up To Level Units: 6.479007275045191
2025-05-01 14:31:10,825 - diagnose_orders - INFO -   Total Available: 20.0
2025-05-01 14:31:10,825 - diagnose_orders - INFO -   Is at Order Point: False
2025-05-01 14:31:10,825 - diagnose_orders - INFO - Item 32 (Laptop Screen, 15.6"):
2025-05-01 14:31:10,825 - diagnose_orders - INFO -   On Hand: 5.0
2025-05-01 14:31:10,825 - diagnose_orders - INFO -   On Order: 2.0
2025-05-01 14:31:10,825 - diagnose_orders - INFO -   Customer Back Order: 0.0
2025-05-01 14:31:10,825 - diagnose_orders - INFO -   Reserved: 0.0
2025-05-01 14:31:10,825 - diagnose_orders - INFO -   Item Order Point Units: 1.188263597882404
2025-05-01 14:31:10,825 - diagnose_orders - INFO -   Order Up To Level Units: 2.188263597882404
2025-05-01 14:31:10,825 - diagnose_orders - INFO -   Total Available: 7.0
2025-05-01 14:31:10,825 - diagnose_orders - INFO -   Is at Order Point: False
2025-05-01 14:31:10,825 - diagnose_orders - INFO - Item 33 (Laptop Keyboard):
2025-05-01 14:31:10,825 - diagnose_orders - INFO -   On Hand: 10.0
2025-05-01 14:31:10,825 - diagnose_orders - INFO -   On Order: 4.0
2025-05-01 14:31:10,826 - diagnose_orders - INFO -   Customer Back Order: 0.0
2025-05-01 14:31:10,826 - diagnose_orders - INFO -   Reserved: 0.0
2025-05-01 14:31:10,826 - diagnose_orders - INFO -   Item Order Point Units: 2.3233159541997854
2025-05-01 14:31:10,826 - diagnose_orders - INFO -   Order Up To Level Units: 4.323315954199785
2025-05-01 14:31:10,826 - diagnose_orders - INFO -   Total Available: 14.0
2025-05-01 14:31:10,826 - diagnose_orders - INFO -   Is at Order Point: False
2025-05-01 14:31:10,826 - diagnose_orders - INFO - Item 34 (Laptop Charger, Universal):
2025-05-01 14:31:10,826 - diagnose_orders - INFO -   On Hand: 18.0
2025-05-01 14:31:10,826 - diagnose_orders - INFO -   On Order: 8.0
2025-05-01 14:31:10,826 - diagnose_orders - INFO -   Customer Back Order: 0.0
2025-05-01 14:31:10,826 - diagnose_orders - INFO -   Reserved: 0.0
2025-05-01 14:31:10,826 - diagnose_orders - INFO -   Item Order Point Units: 4.616885606843211
2025-05-01 14:31:10,826 - diagnose_orders - INFO -   Order Up To Level Units: 8.61688560684321
2025-05-01 14:31:10,826 - diagnose_orders - INFO -   Total Available: 26.0
2025-05-01 14:31:10,827 - diagnose_orders - INFO -   Is at Order Point: False
2025-05-01 14:31:10,827 - diagnose_orders - INFO - Item 35 (Laptop Memory, 8GB):
2025-05-01 14:31:10,827 - diagnose_orders - INFO -   On Hand: 8.0
2025-05-01 14:31:10,827 - diagnose_orders - INFO -   On Order: 4.0
2025-05-01 14:31:10,827 - diagnose_orders - INFO -   Customer Back Order: 0.0
2025-05-01 14:31:10,827 - diagnose_orders - INFO -   Reserved: 0.0
2025-05-01 14:31:10,827 - diagnose_orders - INFO -   Item Order Point Units: 1.7521509360329228
2025-05-01 14:31:10,827 - diagnose_orders - INFO -   Order Up To Level Units: 3.2521509360329226
2025-05-01 14:31:10,827 - diagnose_orders - INFO -   Total Available: 12.0
2025-05-01 14:31:10,827 - diagnose_orders - INFO -   Is at Order Point: False
2025-05-01 14:31:10,827 - diagnose_orders - INFO - Item 36 (Shipping Box, Medium):
2025-05-01 14:31:10,827 - diagnose_orders - INFO -   On Hand: 250.0
2025-05-01 14:31:10,827 - diagnose_orders - INFO -   On Order: 250.0
2025-05-01 14:31:10,827 - diagnose_orders - INFO -   Customer Back Order: 0.0
2025-05-01 14:31:10,828 - diagnose_orders - INFO -   Reserved: 0.0
2025-05-01 14:31:10,828 - diagnose_orders - INFO -   Item Order Point Units: 27.754251706603483
2025-05-01 14:31:10,828 - diagnose_orders - INFO -   Order Up To Level Units: 56.32568027803205
2025-05-01 14:31:10,828 - diagnose_orders - INFO -   Total Available: 500.0
2025-05-01 14:31:10,828 - diagnose_orders - INFO -   Is at Order Point: False
2025-05-01 14:31:10,828 - diagnose_orders - INFO - Item 37 (Shipping Box, Small):
2025-05-01 14:31:10,828 - diagnose_orders - INFO -   On Hand: 400.0
2025-05-01 14:31:10,828 - diagnose_orders - INFO -   On Order: 300.0
2025-05-01 14:31:10,828 - diagnose_orders - INFO -   Customer Back Order: 0.0
2025-05-01 14:31:10,828 - diagnose_orders - INFO -   Reserved: 0.0
2025-05-01 14:31:10,828 - diagnose_orders - INFO -   Item Order Point Units: 34.5720653736404
2025-05-01 14:31:10,828 - diagnose_orders - INFO -   Order Up To Level Units: 70.2863510879261
2025-05-01 14:31:10,828 - diagnose_orders - INFO -   Total Available: 700.0
2025-05-01 14:31:10,829 - diagnose_orders - INFO -   Is at Order Point: False
2025-05-01 14:31:10,829 - diagnose_orders - INFO - Item 38 (Shipping Box, Large):
2025-05-01 14:31:10,829 - diagnose_orders - INFO -   On Hand: 120.0
2025-05-01 14:31:10,829 - diagnose_orders - INFO -   On Order: 100.0
2025-05-01 14:31:10,829 - diagnose_orders - INFO -   Customer Back Order: 0.0
2025-05-01 14:31:10,829 - diagnose_orders - INFO -   Reserved: 0.0
2025-05-01 14:31:10,829 - diagnose_orders - INFO -   Item Order Point Units: 10.491998205770752
2025-05-01 14:31:10,829 - diagnose_orders - INFO -   Order Up To Level Units: 21.206283920056467
2025-05-01 14:31:10,829 - diagnose_orders - INFO -   Total Available: 220.0
2025-05-01 14:31:10,829 - diagnose_orders - INFO -   Is at Order Point: False
2025-05-01 14:31:10,829 - diagnose_orders - INFO - Item 39 (Packing Tape, Roll):
2025-05-01 14:31:10,829 - diagnose_orders - INFO -   On Hand: 96.0
2025-05-01 14:31:10,830 - diagnose_orders - INFO -   On Order: 72.0
2025-05-01 14:31:10,830 - diagnose_orders - INFO -   Customer Back Order: 0.0
2025-05-01 14:31:10,830 - diagnose_orders - INFO -   Reserved: 0.0
2025-05-01 14:31:10,830 - diagnose_orders - INFO -   Item Order Point Units: 8.358443208229403
2025-05-01 14:31:10,830 - diagnose_orders - INFO -   Order Up To Level Units: 16.929871779657976
2025-05-01 14:31:10,830 - diagnose_orders - INFO -   Total Available: 168.0
2025-05-01 14:31:10,830 - diagnose_orders - INFO -   Is at Order Point: False
2025-05-01 14:31:10,830 - diagnose_orders - INFO - Item 40 (Bubble Wrap, Roll):
2025-05-01 14:31:10,830 - diagnose_orders - INFO -   On Hand: 36.0
2025-05-01 14:31:10,830 - diagnose_orders - INFO -   On Order: 24.0
2025-05-01 14:31:10,830 - diagnose_orders - INFO -   Customer Back Order: 0.0
2025-05-01 14:31:10,830 - diagnose_orders - INFO -   Reserved: 0.0
2025-05-01 14:31:10,831 - diagnose_orders - INFO -   Item Order Point Units: 3.5300314227747456
2025-05-01 14:31:10,831 - diagnose_orders - INFO -   Order Up To Level Units: 7.101459994203317
2025-05-01 14:31:10,831 - diagnose_orders - INFO -   Total Available: 60.0
2025-05-01 14:31:10,831 - diagnose_orders - INFO -   Is at Order Point: False
