2025-04-30 20:00:14,968 - nightly_job - INFO - Updating stock status for warehouse_id=None
2025-04-30 20:00:15,078 - nightly_job - INFO - Calculating lost sales for warehouse_id=None
2025-04-30 20:00:15,078 - nightly_job - INFO - entering item_service.
2025-04-30 20:00:15,079 - nightly_job - INFO - entering item_service.calculate_lost_sales
2025-04-30 20:00:15,088 - nightly_job - INFO - Updating safety stock for warehouse_id=None
2025-04-30 20:00:15,105 - nightly_job - INFO - Processing time-based parameters
2025-04-30 20:00:15,113 - nightly_job - INFO - Expiring outdated deals
2025-04-30 20:00:15,113 - nightly_job - INFO - Generating orders for warehouse_id=None
2025-04-30 20:00:15,181 - nightly_job - INFO - Purging accepted orders
2025-04-30 20:04:45,505 - nightly_job - INFO - Updating stock status for warehouse_id=None
2025-04-30 20:04:45,610 - nightly_job - INFO - Calculating lost sales for warehouse_id=None
2025-04-30 20:04:45,611 - nightly_job - INFO - entering item_service.
2025-04-30 20:04:45,611 - nightly_job - INFO - entering item_service.calculate_lost_sales
2025-04-30 20:04:45,620 - nightly_job - INFO - Updating safety stock for warehouse_id=None
2025-04-30 20:04:45,637 - nightly_job - INFO - Processing time-based parameters
2025-04-30 20:04:45,642 - nightly_job - INFO - Expiring outdated deals
2025-04-30 20:04:45,642 - nightly_job - INFO - Generating orders for warehouse_id=None
2025-04-30 20:04:45,691 - nightly_job - INFO - Purging accepted orders
2025-05-01 08:30:38,694 - nightly_job - INFO - Updating stock status for warehouse_id=None
2025-05-01 08:30:38,846 - nightly_job - INFO - Calculating lost sales for warehouse_id=None
2025-05-01 08:30:38,846 - nightly_job - INFO - entering item_service.
2025-05-01 08:30:38,846 - nightly_job - INFO - entering item_service.calculate_lost_sales
2025-05-01 08:30:38,877 - nightly_job - INFO - Updating safety stock for warehouse_id=None
2025-05-01 08:30:38,996 - nightly_job - INFO - Processing time-based parameters
2025-05-01 08:30:39,000 - nightly_job - INFO - Expiring outdated deals
2025-05-01 08:30:39,000 - nightly_job - INFO - Generating orders for warehouse_id=None
2025-05-01 08:30:39,033 - nightly_job - INFO - Purging accepted orders
