2025-05-01 18:27:52,820 - period_end_job - INFO - Starting period-end processing
2025-05-01 18:27:53,050 - period_end_job - ERROR - Error processing warehouse 1: name 'periodicity' is not defined
Traceback (most recent call last):
  File "D:\Personal\Code\AWR\warehouse_replenishment\batch\period_end_job.py", line 1630, in process_warehouse
    current_period, current_year = get_current_period(periodicity)
                                                      ^^^^^^^^^^^
NameError: name 'periodicity' is not defined
2025-05-01 18:27:53,071 - period_end_job - ERROR - Error processing warehouse 2: name 'periodicity' is not defined
Traceback (most recent call last):
  File "D:\Personal\Code\AWR\warehouse_replenishment\batch\period_end_job.py", line 1630, in process_warehouse
    current_period, current_year = get_current_period(periodicity)
                                                      ^^^^^^^^^^^
NameError: name 'periodicity' is not defined
2025-05-01 18:27:53,104 - period_end_job - ERROR - Error processing warehouse 3: name 'periodicity' is not defined
Traceback (most recent call last):
  File "D:\Personal\Code\AWR\warehouse_replenishment\batch\period_end_job.py", line 1630, in process_warehouse
    current_period, current_year = get_current_period(periodicity)
                                                      ^^^^^^^^^^^
NameError: name 'periodicity' is not defined
2025-05-01 18:27:53,108 - period_end_job - ERROR - Error during period-end processing: 'Config' object has no attribute 'get_bool'
Traceback (most recent call last):
  File "D:\Personal\Code\AWR\warehouse_replenishment\batch\period_end_job.py", line 1991, in run_period_end_job
    if config.get_bool('PERIOD_END', 'enable_email_notifications', fallback=False):
       ^^^^^^^^^^^^^^^
AttributeError: 'Config' object has no attribute 'get_bool'. Did you mean: 'get_boolean'?
