2025-04-17 00:04:32,894 - period_end_runner - INFO - Starting period-end job runner
2025-04-17 00:04:32,895 - period_end_runner - INFO - Initializing database connection...
2025-04-17 00:04:32,966 - period_end_runner - INFO - Database connection initialized successfully
2025-04-17 00:04:32,966 - period_end_runner - INFO - Running period-end job for all warehouses
2025-04-17 00:04:33,093 - period_end_runner - WARNING - Period-end job not executed: Not a period-end day
2025-04-17 00:04:33,093 - period_end_runner - INFO - Use --force to run even if not a period-end day
2025-04-17 00:16:47,977 - period_end_runner - INFO - Starting period-end job runner
2025-04-17 00:16:47,977 - period_end_runner - INFO - Initializing database connection...
2025-04-17 00:16:48,021 - period_end_runner - INFO - Database connection initialized successfully
2025-04-17 00:16:48,022 - period_end_runner - INFO - Running period-end job for all warehouses
2025-04-17 00:16:48,157 - period_end_runner - WARNING - Period-end job not executed: Unknown error
2025-04-17 00:19:02,374 - period_end_runner - INFO - Starting period-end job runner
2025-04-17 00:19:02,374 - period_end_runner - INFO - Initializing database connection...
2025-04-17 00:19:02,408 - period_end_runner - INFO - Database connection initialized successfully
2025-04-17 00:19:02,409 - period_end_runner - INFO - Running period-end job for all warehouses
2025-04-17 00:19:02,508 - period_end_runner - WARNING - Period-end job not executed: Unknown error
2025-04-17 00:19:59,417 - period_end_runner - INFO - Starting period-end job runner
2025-04-17 00:19:59,418 - period_end_runner - INFO - Initializing database connection...
2025-04-17 00:19:59,453 - period_end_runner - INFO - Database connection initialized successfully
2025-04-17 00:19:59,453 - period_end_runner - INFO - Running period-end job for all warehouses
2025-04-17 00:19:59,574 - period_end_runner - INFO - Period-end job completed successfully
2025-04-17 00:22:15,362 - period_end_runner - INFO - Starting period-end job runner
2025-04-17 00:22:15,363 - period_end_runner - INFO - Initializing database connection...
2025-04-17 00:22:15,396 - period_end_runner - INFO - Database connection initialized successfully
2025-04-17 00:22:15,397 - period_end_runner - INFO - Running period-end job for all warehouses
2025-04-17 00:22:15,555 - period_end_runner - INFO - Period-end job completed successfully
2025-04-17 08:56:16,221 - period_end_runner - INFO - Starting period-end job runner
2025-04-17 08:56:16,222 - period_end_runner - INFO - Initializing database connection...
2025-04-17 08:56:16,311 - period_end_runner - INFO - Database connection initialized successfully
2025-04-17 08:56:16,311 - period_end_runner - INFO - Running period-end job for all warehouses
2025-04-17 08:56:16,510 - period_end_runner - INFO - Period-end job completed successfully
2025-04-17 08:56:28,457 - period_end_runner - INFO - Starting period-end job runner
2025-04-17 08:56:28,457 - period_end_runner - INFO - Initializing database connection...
2025-04-17 08:56:28,489 - period_end_runner - INFO - Database connection initialized successfully
2025-04-17 08:56:28,490 - period_end_runner - INFO - Running period-end job for all warehouses
2025-04-17 08:56:28,627 - period_end_runner - INFO - Period-end job completed successfully
