2025-05-01 22:21:44,756 - warehouse_replenishment.services.forecast_service - INFO -  # Apply filters
2025-05-01 22:21:44,758 - warehouse_replenishment.services.forecast_service - INFO - # Get latest period
2025-05-01 22:21:44,759 - warehouse_replenishment.services.forecast_service - INFO - # Process results1
2025-05-01 22:21:44,761 - warehouse_replenishment.services.forecast_service - INFO - Processing item 1: demand_4weekly=26.247076037360173, madp=28.319093993531435, track=100.0, total_demand=26.247076037360173
2025-05-01 22:21:44,761 - warehouse_replenishment.services.forecast_service - INFO - Checking demand spike for item 1
2025-05-01 22:21:44,762 - warehouse_replenishment.services.forecast_service - INFO - Demand spike result for item 1: None
2025-05-01 22:21:44,762 - warehouse_replenishment.services.forecast_service - INFO - # Tracking signal checks
2025-05-01 22:21:44,763 - warehouse_replenishment.services.forecast_service - INFO - Checking tracking signal for item 1
2025-05-01 22:21:44,763 - warehouse_replenishment.services.forecast_service - INFO - Tracking signal result for item 1: HIGH
2025-05-01 22:21:44,768 - warehouse_replenishment.services.forecast_service - INFO - Processing item 2: demand_4weekly=133.6836906003996, madp=23.256851363970974, track=100.0, total_demand=133.6836906003996
2025-05-01 22:21:44,769 - warehouse_replenishment.services.forecast_service - INFO - Checking demand spike for item 2
2025-05-01 22:21:44,769 - warehouse_replenishment.services.forecast_service - INFO - Demand spike result for item 2: None
2025-05-01 22:21:44,769 - warehouse_replenishment.services.forecast_service - INFO - # Tracking signal checks
2025-05-01 22:21:44,770 - warehouse_replenishment.services.forecast_service - INFO - Checking tracking signal for item 2
2025-05-01 22:21:44,770 - warehouse_replenishment.services.forecast_service - INFO - Tracking signal result for item 2: HIGH
2025-05-01 22:21:44,772 - warehouse_replenishment.services.forecast_service - INFO - Processing item 8: demand_4weekly=15.163457677548758, madp=13.634427115300825, track=100.0, total_demand=15.163457677548758
2025-05-01 22:21:44,772 - warehouse_replenishment.services.forecast_service - INFO - Checking demand spike for item 8
2025-05-01 22:21:44,772 - warehouse_replenishment.services.forecast_service - INFO - Demand spike result for item 8: None
2025-05-01 22:21:44,773 - warehouse_replenishment.services.forecast_service - INFO - # Tracking signal checks
2025-05-01 22:21:44,773 - warehouse_replenishment.services.forecast_service - INFO - Checking tracking signal for item 8
2025-05-01 22:21:44,773 - warehouse_replenishment.services.forecast_service - INFO - Tracking signal result for item 8: HIGH
2025-05-01 22:21:44,775 - warehouse_replenishment.services.forecast_service - INFO - Processing item 11: demand_4weekly=10.738685683601929, madp=27.746102426726573, track=100.0, total_demand=10.738685683601929
2025-05-01 22:21:44,775 - warehouse_replenishment.services.forecast_service - INFO - Checking demand spike for item 11
2025-05-01 22:21:44,776 - warehouse_replenishment.services.forecast_service - INFO - Demand spike result for item 11: None
2025-05-01 22:21:44,776 - warehouse_replenishment.services.forecast_service - INFO - # Tracking signal checks
2025-05-01 22:21:44,776 - warehouse_replenishment.services.forecast_service - INFO - Checking tracking signal for item 11
2025-05-01 22:21:44,776 - warehouse_replenishment.services.forecast_service - INFO - Tracking signal result for item 11: HIGH
2025-05-01 22:21:44,780 - warehouse_replenishment.services.forecast_service - INFO - Processing item 12: demand_4weekly=8.604805945194826, madp=22.230618134038973, track=100.0, total_demand=8.604805945194826
2025-05-01 22:21:44,780 - warehouse_replenishment.services.forecast_service - INFO - Checking demand spike for item 12
2025-05-01 22:21:44,780 - warehouse_replenishment.services.forecast_service - INFO - Demand spike result for item 12: None
2025-05-01 22:21:44,780 - warehouse_replenishment.services.forecast_service - INFO - # Tracking signal checks
2025-05-01 22:21:44,780 - warehouse_replenishment.services.forecast_service - INFO - Checking tracking signal for item 12
2025-05-01 22:21:44,780 - warehouse_replenishment.services.forecast_service - INFO - Tracking signal result for item 12: HIGH
2025-05-01 22:21:44,783 - warehouse_replenishment.services.forecast_service - INFO - Processing item 14: demand_4weekly=3.0, madp=14.410888601689406, track=90.83770940715607, total_demand=2.05524754445628
2025-05-01 22:21:44,783 - warehouse_replenishment.services.forecast_service - INFO - Checking demand spike for item 14
2025-05-01 22:21:44,783 - warehouse_replenishment.services.forecast_service - INFO - Demand spike result for item 14: None
2025-05-01 22:21:44,784 - warehouse_replenishment.services.forecast_service - INFO - # Tracking signal checks
2025-05-01 22:21:44,784 - warehouse_replenishment.services.forecast_service - INFO - Checking tracking signal for item 14
2025-05-01 22:21:44,784 - warehouse_replenishment.services.forecast_service - INFO - Tracking signal result for item 14: HIGH
2025-05-01 22:21:44,786 - warehouse_replenishment.services.forecast_service - INFO - Processing item 15: demand_4weekly=2.0, madp=16.155797416326397, track=100.0, total_demand=1.5222970947549166
2025-05-01 22:21:44,786 - warehouse_replenishment.services.forecast_service - INFO - Checking demand spike for item 15
2025-05-01 22:21:44,786 - warehouse_replenishment.services.forecast_service - INFO - Demand spike result for item 15: None
2025-05-01 22:21:44,787 - warehouse_replenishment.services.forecast_service - INFO - # Tracking signal checks
2025-05-01 22:21:44,787 - warehouse_replenishment.services.forecast_service - INFO - Checking tracking signal for item 15
2025-05-01 22:21:44,787 - warehouse_replenishment.services.forecast_service - INFO - Tracking signal result for item 15: HIGH
2025-05-01 22:21:44,789 - warehouse_replenishment.services.forecast_service - INFO - Processing item 5: demand_4weekly=33.02978080178547, madp=14.7279682506268, track=100.0, total_demand=33.02978080178547
2025-05-01 22:21:44,789 - warehouse_replenishment.services.forecast_service - INFO - Checking demand spike for item 5
2025-05-01 22:21:44,790 - warehouse_replenishment.services.forecast_service - INFO - Demand spike result for item 5: None
2025-05-01 22:21:44,790 - warehouse_replenishment.services.forecast_service - INFO - # Tracking signal checks
2025-05-01 22:21:44,790 - warehouse_replenishment.services.forecast_service - INFO - Checking tracking signal for item 5
2025-05-01 22:21:44,790 - warehouse_replenishment.services.forecast_service - INFO - Tracking signal result for item 5: HIGH
2025-05-01 22:21:44,792 - warehouse_replenishment.services.forecast_service - INFO - Processing item 10: demand_4weekly=14.64494913630629, madp=16.597398311340413, track=100.0, total_demand=14.64494913630629
2025-05-01 22:21:44,792 - warehouse_replenishment.services.forecast_service - INFO - Checking demand spike for item 10
2025-05-01 22:21:44,792 - warehouse_replenishment.services.forecast_service - INFO - Demand spike result for item 10: None
2025-05-01 22:21:44,792 - warehouse_replenishment.services.forecast_service - INFO - # Tracking signal checks
2025-05-01 22:21:44,793 - warehouse_replenishment.services.forecast_service - INFO - Checking tracking signal for item 10
2025-05-01 22:21:44,793 - warehouse_replenishment.services.forecast_service - INFO - Tracking signal result for item 10: HIGH
2025-05-01 22:21:44,795 - warehouse_replenishment.services.forecast_service - INFO - Processing item 26: demand_4weekly=5.057143168018708, madp=7.022781530328119, track=100.0, total_demand=5.057143168018708
2025-05-01 22:21:44,795 - warehouse_replenishment.services.forecast_service - INFO - Checking demand spike for item 26
2025-05-01 22:21:44,796 - warehouse_replenishment.services.forecast_service - INFO - Demand spike result for item 26: None
2025-05-01 22:21:44,796 - warehouse_replenishment.services.forecast_service - INFO - # Tracking signal checks
2025-05-01 22:21:44,796 - warehouse_replenishment.services.forecast_service - INFO - Checking tracking signal for item 26
2025-05-01 22:21:44,796 - warehouse_replenishment.services.forecast_service - INFO - Tracking signal result for item 26: HIGH
2025-05-01 22:21:44,799 - warehouse_replenishment.services.forecast_service - INFO - Processing item 22: demand_4weekly=11.726557135476744, madp=19.853691429435454, track=99.99778825159284, total_demand=11.726557133768392
2025-05-01 22:21:44,799 - warehouse_replenishment.services.forecast_service - INFO - Checking demand spike for item 22
2025-05-01 22:21:44,800 - warehouse_replenishment.services.forecast_service - INFO - Demand spike result for item 22: None
2025-05-01 22:21:44,800 - warehouse_replenishment.services.forecast_service - INFO - # Tracking signal checks
2025-05-01 22:21:44,800 - warehouse_replenishment.services.forecast_service - INFO - Checking tracking signal for item 22
2025-05-01 22:21:44,800 - warehouse_replenishment.services.forecast_service - INFO - Tracking signal result for item 22: HIGH
2025-05-01 22:21:44,802 - warehouse_replenishment.services.forecast_service - INFO - Processing item 21: demand_4weekly=6.529497641355192, madp=7.123293976226811, track=67.8886922033266, total_demand=6.500460315074495
2025-05-01 22:21:44,802 - warehouse_replenishment.services.forecast_service - INFO - Checking demand spike for item 21
2025-05-01 22:21:44,803 - warehouse_replenishment.services.forecast_service - INFO - Demand spike result for item 21: None
2025-05-01 22:21:44,803 - warehouse_replenishment.services.forecast_service - INFO - # Tracking signal checks
2025-05-01 22:21:44,803 - warehouse_replenishment.services.forecast_service - INFO - Checking tracking signal for item 21
2025-05-01 22:21:44,803 - warehouse_replenishment.services.forecast_service - INFO - Tracking signal result for item 21: HIGH
2025-05-01 22:21:44,804 - warehouse_replenishment.services.forecast_service - INFO - Processing item 23: demand_4weekly=18.171993534561967, madp=18.736809193567744, track=99.99973937398026, total_demand=18.171993534527278
2025-05-01 22:21:44,805 - warehouse_replenishment.services.forecast_service - INFO - Checking demand spike for item 23
2025-05-01 22:21:44,805 - warehouse_replenishment.services.forecast_service - INFO - Demand spike result for item 23: None
2025-05-01 22:21:44,805 - warehouse_replenishment.services.forecast_service - INFO - # Tracking signal checks
2025-05-01 22:21:44,805 - warehouse_replenishment.services.forecast_service - INFO - Checking tracking signal for item 23
2025-05-01 22:21:44,805 - warehouse_replenishment.services.forecast_service - INFO - Tracking signal result for item 23: HIGH
2025-05-01 22:21:44,807 - warehouse_replenishment.services.forecast_service - INFO - Processing item 24: demand_4weekly=7.349842393208654, madp=11.68022377947533, track=99.99999998871738, total_demand=7.349842393208654
2025-05-01 22:21:44,807 - warehouse_replenishment.services.forecast_service - INFO - Checking demand spike for item 24
2025-05-01 22:21:44,807 - warehouse_replenishment.services.forecast_service - INFO - Demand spike result for item 24: None
2025-05-01 22:21:44,808 - warehouse_replenishment.services.forecast_service - INFO - # Tracking signal checks
2025-05-01 22:21:44,808 - warehouse_replenishment.services.forecast_service - INFO - Checking tracking signal for item 24
2025-05-01 22:21:44,808 - warehouse_replenishment.services.forecast_service - INFO - Tracking signal result for item 24: HIGH
2025-05-01 22:21:44,810 - warehouse_replenishment.services.forecast_service - INFO - Processing item 13: demand_4weekly=21.787594931251505, madp=13.326788206272644, track=100.0, total_demand=21.787594931251505
2025-05-01 22:21:44,810 - warehouse_replenishment.services.forecast_service - INFO - Checking demand spike for item 13
2025-05-01 22:21:44,811 - warehouse_replenishment.services.forecast_service - INFO - Demand spike result for item 13: None
2025-05-01 22:21:44,811 - warehouse_replenishment.services.forecast_service - INFO - # Tracking signal checks
2025-05-01 22:21:44,811 - warehouse_replenishment.services.forecast_service - INFO - Checking tracking signal for item 13
2025-05-01 22:21:44,811 - warehouse_replenishment.services.forecast_service - INFO - Tracking signal result for item 13: HIGH
2025-05-01 22:21:44,813 - warehouse_replenishment.services.forecast_service - INFO - Processing item 17: demand_4weekly=6.0, madp=13.595864161710164, track=100.0, total_demand=4.348486427409117
2025-05-01 22:21:44,813 - warehouse_replenishment.services.forecast_service - INFO - Checking demand spike for item 17
2025-05-01 22:21:44,814 - warehouse_replenishment.services.forecast_service - INFO - Demand spike result for item 17: None
2025-05-01 22:21:44,814 - warehouse_replenishment.services.forecast_service - INFO - # Tracking signal checks
2025-05-01 22:21:44,814 - warehouse_replenishment.services.forecast_service - INFO - Checking tracking signal for item 17
2025-05-01 22:21:44,814 - warehouse_replenishment.services.forecast_service - INFO - Tracking signal result for item 17: HIGH
2025-05-01 22:21:44,817 - warehouse_replenishment.services.forecast_service - INFO - Processing item 18: demand_4weekly=8.121561319180389, madp=6.313090769229424, track=100.0, total_demand=8.121561319180389
2025-05-01 22:21:44,817 - warehouse_replenishment.services.forecast_service - INFO - Checking demand spike for item 18
2025-05-01 22:21:44,818 - warehouse_replenishment.services.forecast_service - INFO - Demand spike result for item 18: None
2025-05-01 22:21:44,818 - warehouse_replenishment.services.forecast_service - INFO - # Tracking signal checks
2025-05-01 22:21:44,818 - warehouse_replenishment.services.forecast_service - INFO - Checking tracking signal for item 18
2025-05-01 22:21:44,818 - warehouse_replenishment.services.forecast_service - INFO - Tracking signal result for item 18: HIGH
2025-05-01 22:21:44,820 - warehouse_replenishment.services.forecast_service - INFO - Processing item 19: demand_4weekly=2.0, madp=10.036775806659747, track=100.0, total_demand=1.656487708015529
2025-05-01 22:21:44,820 - warehouse_replenishment.services.forecast_service - INFO - Checking demand spike for item 19
2025-05-01 22:21:44,821 - warehouse_replenishment.services.forecast_service - INFO - Demand spike result for item 19: None
2025-05-01 22:21:44,821 - warehouse_replenishment.services.forecast_service - INFO - # Tracking signal checks
2025-05-01 22:21:44,821 - warehouse_replenishment.services.forecast_service - INFO - Checking tracking signal for item 19
2025-05-01 22:21:44,821 - warehouse_replenishment.services.forecast_service - INFO - Tracking signal result for item 19: HIGH
2025-05-01 22:21:44,823 - warehouse_replenishment.services.forecast_service - INFO - Processing item 20: demand_4weekly=2.0, madp=11.01312378686687, track=100.0, total_demand=1.5348452279935914
2025-05-01 22:21:44,823 - warehouse_replenishment.services.forecast_service - INFO - Checking demand spike for item 20
2025-05-01 22:21:44,824 - warehouse_replenishment.services.forecast_service - INFO - Demand spike result for item 20: None
2025-05-01 22:21:44,824 - warehouse_replenishment.services.forecast_service - INFO - # Tracking signal checks
2025-05-01 22:21:44,824 - warehouse_replenishment.services.forecast_service - INFO - Checking tracking signal for item 20
2025-05-01 22:21:44,824 - warehouse_replenishment.services.forecast_service - INFO - Tracking signal result for item 20: HIGH
2025-05-01 22:21:44,826 - warehouse_replenishment.services.forecast_service - INFO - Processing item 16: demand_4weekly=5.313952954951249, madp=21.619363461207296, track=100.0, total_demand=5.313952954951249
2025-05-01 22:21:44,826 - warehouse_replenishment.services.forecast_service - INFO - Checking demand spike for item 16
2025-05-01 22:21:44,827 - warehouse_replenishment.services.forecast_service - INFO - Demand spike result for item 16: None
2025-05-01 22:21:44,827 - warehouse_replenishment.services.forecast_service - INFO - # Tracking signal checks
2025-05-01 22:21:44,827 - warehouse_replenishment.services.forecast_service - INFO - Checking tracking signal for item 16
2025-05-01 22:21:44,827 - warehouse_replenishment.services.forecast_service - INFO - Tracking signal result for item 16: HIGH
2025-05-01 22:21:44,829 - warehouse_replenishment.services.forecast_service - INFO - Processing item 9: demand_4weekly=41.4758174597319, madp=6.143409082773504, track=100.0, total_demand=41.4758174597319
2025-05-01 22:21:44,830 - warehouse_replenishment.services.forecast_service - INFO - Checking demand spike for item 9
2025-05-01 22:21:44,830 - warehouse_replenishment.services.forecast_service - INFO - Demand spike result for item 9: None
2025-05-01 22:21:44,830 - warehouse_replenishment.services.forecast_service - INFO - # Tracking signal checks
2025-05-01 22:21:44,830 - warehouse_replenishment.services.forecast_service - INFO - Checking tracking signal for item 9
2025-05-01 22:21:44,831 - warehouse_replenishment.services.forecast_service - INFO - Tracking signal result for item 9: HIGH
2025-05-01 22:21:44,832 - warehouse_replenishment.services.forecast_service - INFO - Processing item 3: demand_4weekly=279.6680633461273, madp=9.178126788477622, track=100.0, total_demand=279.6680633461273
2025-05-01 22:21:44,833 - warehouse_replenishment.services.forecast_service - INFO - Checking demand spike for item 3
2025-05-01 22:21:44,833 - warehouse_replenishment.services.forecast_service - INFO - Demand spike result for item 3: None
2025-05-01 22:21:44,833 - warehouse_replenishment.services.forecast_service - INFO - # Tracking signal checks
2025-05-01 22:21:44,833 - warehouse_replenishment.services.forecast_service - INFO - Checking tracking signal for item 3
2025-05-01 22:21:44,833 - warehouse_replenishment.services.forecast_service - INFO - Tracking signal result for item 3: HIGH
2025-05-01 22:21:44,835 - warehouse_replenishment.services.forecast_service - INFO - Processing item 4: demand_4weekly=40.348852669617614, madp=30.00946295816759, track=100.0, total_demand=40.348852669617614
2025-05-01 22:21:44,836 - warehouse_replenishment.services.forecast_service - INFO - Checking demand spike for item 4
2025-05-01 22:21:44,836 - warehouse_replenishment.services.forecast_service - INFO - Demand spike result for item 4: None
2025-05-01 22:21:44,836 - warehouse_replenishment.services.forecast_service - INFO - # Tracking signal checks
2025-05-01 22:21:44,836 - warehouse_replenishment.services.forecast_service - INFO - Checking tracking signal for item 4
2025-05-01 22:21:44,836 - warehouse_replenishment.services.forecast_service - INFO - Tracking signal result for item 4: HIGH
2025-05-01 22:21:44,838 - warehouse_replenishment.services.forecast_service - INFO - Processing item 7: demand_4weekly=6.125369564125764, madp=14.122418361840685, track=100.0, total_demand=6.125369564125764
2025-05-01 22:21:44,838 - warehouse_replenishment.services.forecast_service - INFO - Checking demand spike for item 7
2025-05-01 22:21:44,839 - warehouse_replenishment.services.forecast_service - INFO - Demand spike result for item 7: None
2025-05-01 22:21:44,839 - warehouse_replenishment.services.forecast_service - INFO - # Tracking signal checks
2025-05-01 22:21:44,839 - warehouse_replenishment.services.forecast_service - INFO - Checking tracking signal for item 7
2025-05-01 22:21:44,839 - warehouse_replenishment.services.forecast_service - INFO - Tracking signal result for item 7: HIGH
2025-05-01 22:21:44,841 - warehouse_replenishment.services.forecast_service - INFO - Processing item 6: demand_4weekly=0.8993415242928924, madp=100.0, track=100.0, total_demand=4.2962904241230895
2025-05-01 22:21:44,841 - warehouse_replenishment.services.forecast_service - INFO - Checking demand spike for item 6
2025-05-01 22:21:44,842 - warehouse_replenishment.services.forecast_service - INFO - Demand spike result for item 6: None
2025-05-01 22:21:44,842 - warehouse_replenishment.services.forecast_service - INFO - # Tracking signal checks
2025-05-01 22:21:44,842 - warehouse_replenishment.services.forecast_service - INFO - Checking tracking signal for item 6
2025-05-01 22:21:44,842 - warehouse_replenishment.services.forecast_service - INFO - Tracking signal result for item 6: HIGH
2025-05-01 22:21:44,844 - warehouse_replenishment.services.forecast_service - INFO - Processing item 27: demand_4weekly=24.32562777108186, madp=85.35425121442113, track=100.0, total_demand=3.0347003961645367
2025-05-01 22:21:44,844 - warehouse_replenishment.services.forecast_service - INFO - Checking demand spike for item 27
2025-05-01 22:21:44,845 - warehouse_replenishment.services.forecast_service - INFO - Demand spike result for item 27: None
2025-05-01 22:21:44,845 - warehouse_replenishment.services.forecast_service - INFO - # Tracking signal checks
2025-05-01 22:21:44,845 - warehouse_replenishment.services.forecast_service - INFO - Checking tracking signal for item 27
2025-05-01 22:21:44,845 - warehouse_replenishment.services.forecast_service - INFO - Tracking signal result for item 27: HIGH
2025-05-01 22:21:44,848 - warehouse_replenishment.services.forecast_service - INFO - Processing item 28: demand_4weekly=12.16281388554093, madp=86.12077876962371, track=100.0, total_demand=1.4193055821837839
2025-05-01 22:21:44,848 - warehouse_replenishment.services.forecast_service - INFO - Checking demand spike for item 28
2025-05-01 22:21:44,849 - warehouse_replenishment.services.forecast_service - INFO - Demand spike result for item 28: None
2025-05-01 22:21:44,849 - warehouse_replenishment.services.forecast_service - INFO - # Tracking signal checks
2025-05-01 22:21:44,849 - warehouse_replenishment.services.forecast_service - INFO - Checking tracking signal for item 28
2025-05-01 22:21:44,849 - warehouse_replenishment.services.forecast_service - INFO - Tracking signal result for item 28: HIGH
2025-05-01 22:21:44,851 - warehouse_replenishment.services.forecast_service - INFO - Processing item 29: demand_4weekly=12.16281388554093, madp=86.46008085355417, track=100.0, total_demand=1.3843186586854375
2025-05-01 22:21:44,851 - warehouse_replenishment.services.forecast_service - INFO - Checking demand spike for item 29
2025-05-01 22:21:44,852 - warehouse_replenishment.services.forecast_service - INFO - Demand spike result for item 29: None
2025-05-01 22:21:44,852 - warehouse_replenishment.services.forecast_service - INFO - # Tracking signal checks
2025-05-01 22:21:44,852 - warehouse_replenishment.services.forecast_service - INFO - Checking tracking signal for item 29
2025-05-01 22:21:44,852 - warehouse_replenishment.services.forecast_service - INFO - Tracking signal result for item 29: HIGH
2025-05-01 22:21:44,854 - warehouse_replenishment.services.forecast_service - INFO - Processing item 30: demand_4weekly=18.244220828311388, madp=85.82037034822612, track=100.0, total_demand=2.3513681453446704
2025-05-01 22:21:44,855 - warehouse_replenishment.services.forecast_service - INFO - Checking demand spike for item 30
2025-05-01 22:21:44,855 - warehouse_replenishment.services.forecast_service - INFO - Demand spike result for item 30: None
2025-05-01 22:21:44,855 - warehouse_replenishment.services.forecast_service - INFO - # Tracking signal checks
2025-05-01 22:21:44,855 - warehouse_replenishment.services.forecast_service - INFO - Checking tracking signal for item 30
2025-05-01 22:21:44,855 - warehouse_replenishment.services.forecast_service - INFO - Tracking signal result for item 30: HIGH
2025-05-01 22:21:44,857 - warehouse_replenishment.services.forecast_service - INFO - Processing item 25: demand_4weekly=18.244220828311388, madp=86.2790026025107, track=100.0, total_demand=2.2541956177350215
2025-05-01 22:21:44,858 - warehouse_replenishment.services.forecast_service - INFO - Checking demand spike for item 25
2025-05-01 22:21:44,858 - warehouse_replenishment.services.forecast_service - INFO - Demand spike result for item 25: None
2025-05-01 22:21:44,859 - warehouse_replenishment.services.forecast_service - INFO - # Tracking signal checks
2025-05-01 22:21:44,859 - warehouse_replenishment.services.forecast_service - INFO - Checking tracking signal for item 25
2025-05-01 22:21:44,859 - warehouse_replenishment.services.forecast_service - INFO - Tracking signal result for item 25: HIGH
2025-05-01 22:21:44,986 - warehouse_replenishment.services.forecast_service - INFO -  # Apply filters
2025-05-01 22:21:44,987 - warehouse_replenishment.services.forecast_service - INFO - # Get latest period
2025-05-01 22:21:44,988 - warehouse_replenishment.services.forecast_service - INFO - # Process results1
2025-05-01 22:21:44,988 - warehouse_replenishment.services.forecast_service - INFO - Processing item 32: demand_4weekly=2.0, madp=10.706765374240062, track=100.0, total_demand=1.6905341775581757
2025-05-01 22:21:44,989 - warehouse_replenishment.services.forecast_service - INFO - Checking demand spike for item 32
2025-05-01 22:21:44,989 - warehouse_replenishment.services.forecast_service - INFO - Demand spike result for item 32: None
2025-05-01 22:21:44,989 - warehouse_replenishment.services.forecast_service - INFO - # Tracking signal checks
2025-05-01 22:21:44,989 - warehouse_replenishment.services.forecast_service - INFO - Checking tracking signal for item 32
2025-05-01 22:21:44,989 - warehouse_replenishment.services.forecast_service - INFO - Tracking signal result for item 32: HIGH
2025-05-01 22:21:44,991 - warehouse_replenishment.services.forecast_service - INFO - Processing item 31: demand_4weekly=6.0, madp=16.56651249795061, track=100.0, total_demand=3.97501121607785
2025-05-01 22:21:44,991 - warehouse_replenishment.services.forecast_service - INFO - Checking demand spike for item 31
2025-05-01 22:21:44,992 - warehouse_replenishment.services.forecast_service - INFO - Demand spike result for item 31: None
2025-05-01 22:21:44,992 - warehouse_replenishment.services.forecast_service - INFO - # Tracking signal checks
2025-05-01 22:21:44,992 - warehouse_replenishment.services.forecast_service - INFO - Checking tracking signal for item 31
2025-05-01 22:21:44,992 - warehouse_replenishment.services.forecast_service - INFO - Tracking signal result for item 31: HIGH
2025-05-01 22:21:44,995 - warehouse_replenishment.services.forecast_service - INFO - Processing item 35: demand_4weekly=3.0, madp=11.05116441695418, track=83.75407392068946, total_demand=2.2612692025611616
2025-05-01 22:21:44,995 - warehouse_replenishment.services.forecast_service - INFO - Checking demand spike for item 35
2025-05-01 22:21:44,995 - warehouse_replenishment.services.forecast_service - INFO - Demand spike result for item 35: None
2025-05-01 22:21:44,995 - warehouse_replenishment.services.forecast_service - INFO - # Tracking signal checks
2025-05-01 22:21:44,995 - warehouse_replenishment.services.forecast_service - INFO - Checking tracking signal for item 35
2025-05-01 22:21:44,996 - warehouse_replenishment.services.forecast_service - INFO - Tracking signal result for item 35: HIGH
2025-05-01 22:21:44,998 - warehouse_replenishment.services.forecast_service - INFO - Processing item 33: demand_4weekly=4.0, madp=12.679520879790404, track=100.0, total_demand=3.08227798615917
2025-05-01 22:21:44,998 - warehouse_replenishment.services.forecast_service - INFO - Checking demand spike for item 33
2025-05-01 22:21:44,998 - warehouse_replenishment.services.forecast_service - INFO - Demand spike result for item 33: None
2025-05-01 22:21:44,999 - warehouse_replenishment.services.forecast_service - INFO - # Tracking signal checks
2025-05-01 22:21:44,999 - warehouse_replenishment.services.forecast_service - INFO - Checking tracking signal for item 33
2025-05-01 22:21:44,999 - warehouse_replenishment.services.forecast_service - INFO - Tracking signal result for item 33: HIGH
2025-05-01 22:21:45,001 - warehouse_replenishment.services.forecast_service - INFO - Processing item 34: demand_4weekly=5.419599186792833, madp=29.414741427321335, track=100.0, total_demand=5.419599186792833
2025-05-01 22:21:45,001 - warehouse_replenishment.services.forecast_service - INFO - Checking demand spike for item 34
2025-05-01 22:21:45,001 - warehouse_replenishment.services.forecast_service - INFO - Demand spike result for item 34: None
2025-05-01 22:21:45,001 - warehouse_replenishment.services.forecast_service - INFO - # Tracking signal checks
2025-05-01 22:21:45,002 - warehouse_replenishment.services.forecast_service - INFO - Checking tracking signal for item 34
2025-05-01 22:21:45,002 - warehouse_replenishment.services.forecast_service - INFO - Tracking signal result for item 34: HIGH
2025-05-01 22:21:45,038 - warehouse_replenishment.services.forecast_service - INFO -  # Apply filters
2025-05-01 22:21:45,039 - warehouse_replenishment.services.forecast_service - INFO - # Get latest period
2025-05-01 22:21:45,040 - warehouse_replenishment.services.forecast_service - INFO - # Process results1
2025-05-01 22:21:45,041 - warehouse_replenishment.services.forecast_service - INFO - Processing item 40: demand_4weekly=20.0, madp=100.0, track=100.0, total_demand=0.0
2025-05-01 22:21:45,041 - warehouse_replenishment.services.forecast_service - INFO - Checking demand spike for item 40
2025-05-01 22:21:45,041 - warehouse_replenishment.services.forecast_service - INFO - Demand spike result for item 40: None
2025-05-01 22:21:45,041 - warehouse_replenishment.services.forecast_service - INFO - # Tracking signal checks
2025-05-01 22:21:45,041 - warehouse_replenishment.services.forecast_service - INFO - Checking tracking signal for item 40
2025-05-01 22:21:45,041 - warehouse_replenishment.services.forecast_service - INFO - Tracking signal result for item 40: HIGH
2025-05-01 22:21:45,043 - warehouse_replenishment.services.forecast_service - INFO - Processing item 36: demand_4weekly=160.0, madp=100.0, track=100.0, total_demand=0.0
2025-05-01 22:21:45,043 - warehouse_replenishment.services.forecast_service - INFO - Checking demand spike for item 36
2025-05-01 22:21:45,044 - warehouse_replenishment.services.forecast_service - INFO - Demand spike result for item 36: None
2025-05-01 22:21:45,044 - warehouse_replenishment.services.forecast_service - INFO - # Tracking signal checks
2025-05-01 22:21:45,044 - warehouse_replenishment.services.forecast_service - INFO - Checking tracking signal for item 36
2025-05-01 22:21:45,044 - warehouse_replenishment.services.forecast_service - INFO - Tracking signal result for item 36: HIGH
2025-05-01 22:21:45,046 - warehouse_replenishment.services.forecast_service - INFO - Processing item 39: demand_4weekly=48.0, madp=100.0, track=100.0, total_demand=0.0
2025-05-01 22:21:45,046 - warehouse_replenishment.services.forecast_service - INFO - Checking demand spike for item 39
2025-05-01 22:21:45,047 - warehouse_replenishment.services.forecast_service - INFO - Demand spike result for item 39: None
2025-05-01 22:21:45,047 - warehouse_replenishment.services.forecast_service - INFO - # Tracking signal checks
2025-05-01 22:21:45,047 - warehouse_replenishment.services.forecast_service - INFO - Checking tracking signal for item 39
2025-05-01 22:21:45,047 - warehouse_replenishment.services.forecast_service - INFO - Tracking signal result for item 39: HIGH
2025-05-01 22:21:45,048 - warehouse_replenishment.services.forecast_service - INFO - Processing item 37: demand_4weekly=200.0, madp=100.0, track=100.0, total_demand=0.0
2025-05-01 22:21:45,049 - warehouse_replenishment.services.forecast_service - INFO - Checking demand spike for item 37
2025-05-01 22:21:45,049 - warehouse_replenishment.services.forecast_service - INFO - Demand spike result for item 37: None
2025-05-01 22:21:45,049 - warehouse_replenishment.services.forecast_service - INFO - # Tracking signal checks
2025-05-01 22:21:45,049 - warehouse_replenishment.services.forecast_service - INFO - Checking tracking signal for item 37
2025-05-01 22:21:45,049 - warehouse_replenishment.services.forecast_service - INFO - Tracking signal result for item 37: HIGH
2025-05-01 22:21:45,051 - warehouse_replenishment.services.forecast_service - INFO - Processing item 38: demand_4weekly=60.0, madp=100.0, track=100.0, total_demand=0.0
2025-05-01 22:21:45,051 - warehouse_replenishment.services.forecast_service - INFO - Checking demand spike for item 38
2025-05-01 22:21:45,051 - warehouse_replenishment.services.forecast_service - INFO - Demand spike result for item 38: None
2025-05-01 22:21:45,052 - warehouse_replenishment.services.forecast_service - INFO - # Tracking signal checks
2025-05-01 22:21:45,052 - warehouse_replenishment.services.forecast_service - INFO - Checking tracking signal for item 38
2025-05-01 22:21:45,052 - warehouse_replenishment.services.forecast_service - INFO - Tracking signal result for item 38: HIGH
